<?xml version="1.0" encoding="UTF-8"?>
<coverage generated="1531917654770" clover="3.2.0">
  <project timestamp="1531917654770" name="All files">
    <metrics statements="1293" coveredstatements="965" conditionals="480" coveredconditionals="345" methods="269" coveredmethods="182" elements="2042" coveredelements="1492" complexity="0" loc="1293" ncloc="1293" packages="52" files="74" classes="74">
      <package name="src">
        <metrics statements="46" coveredstatements="28" conditionals="15" coveredconditionals="10" methods="5" coveredmethods="4"/>
        <file name="App.vue" path="C:\w3_broadcast\src\App.vue">
          <metrics statements="30" coveredstatements="28" conditionals="15" coveredconditionals="10" methods="5" coveredmethods="4"/>
          <line num="14" count="1" type="stmt"/>
          <line num="15" count="1" type="stmt"/>
          <line num="16" count="1" type="stmt"/>
          <line num="17" count="1" type="stmt"/>
          <line num="18" count="1" type="stmt"/>
          <line num="19" count="1" type="stmt"/>
          <line num="21" count="1" type="stmt"/>
          <line num="22" count="1" type="stmt"/>
          <line num="24" count="1" type="stmt"/>
          <line num="25" count="1" type="stmt"/>
          <line num="26" count="1" type="stmt"/>
          <line num="28" count="2" type="cond" truecount="3" falsecount="0"/>
          <line num="40" count="1" type="stmt"/>
          <line num="41" count="2" type="stmt"/>
          <line num="44" count="1" type="cond" truecount="3" falsecount="2"/>
          <line num="45" count="1" type="stmt"/>
          <line num="46" count="1" type="cond" truecount="3" falsecount="2"/>
          <line num="47" count="1" type="stmt"/>
          <line num="49" count="1" type="stmt"/>
          <line num="50" count="1" type="stmt"/>
          <line num="51" count="1" type="stmt"/>
          <line num="54" count="1" type="stmt"/>
          <line num="55" count="1" type="stmt"/>
          <line num="56" count="1" type="stmt"/>
          <line num="57" count="1" type="stmt"/>
          <line num="58" count="1" type="cond" truecount="1" falsecount="1"/>
          <line num="59" count="0" type="stmt"/>
          <line num="63" count="1" type="stmt"/>
          <line num="64" count="0" type="stmt"/>
          <line num="66" count="1" type="stmt"/>
        </file>
        <file name="classComponentHooks.ts" path="C:\w3_broadcast\src\classComponentHooks.ts">
          <metrics statements="1" coveredstatements="0" conditionals="0" coveredconditionals="0" methods="0" coveredmethods="0"/>
          <line num="5" count="0" type="stmt"/>
        </file>
        <file name="routes.ts" path="C:\w3_broadcast\src\routes.ts">
          <metrics statements="15" coveredstatements="0" conditionals="0" coveredconditionals="0" methods="0" coveredmethods="0"/>
          <line num="3" count="0" type="stmt"/>
          <line num="4" count="0" type="stmt"/>
          <line num="5" count="0" type="stmt"/>
          <line num="6" count="0" type="stmt"/>
          <line num="7" count="0" type="stmt"/>
          <line num="8" count="0" type="stmt"/>
          <line num="9" count="0" type="stmt"/>
          <line num="10" count="0" type="stmt"/>
          <line num="11" count="0" type="stmt"/>
          <line num="12" count="0" type="stmt"/>
          <line num="13" count="0" type="stmt"/>
          <line num="14" count="0" type="stmt"/>
          <line num="15" count="0" type="stmt"/>
          <line num="16" count="0" type="stmt"/>
          <line num="17" count="0" type="stmt"/>
        </file>
      </package>
      <package name="src.components.common.appFooter">
        <metrics statements="8" coveredstatements="8" conditionals="3" coveredconditionals="3" methods="2" coveredmethods="2"/>
        <file name="AppFooter.vue" path="C:\w3_broadcast\src\components\common\appFooter\AppFooter.vue">
          <metrics statements="8" coveredstatements="8" conditionals="3" coveredconditionals="3" methods="2" coveredmethods="2"/>
          <line num="24" count="2" type="stmt"/>
          <line num="25" count="2" type="stmt"/>
          <line num="27" count="2" type="stmt"/>
          <line num="28" count="6" type="cond" truecount="3" falsecount="0"/>
          <line num="29" count="4" type="stmt"/>
          <line num="30" count="6" type="stmt"/>
          <line num="31" count="6" type="stmt"/>
          <line num="32" count="2" type="stmt"/>
        </file>
      </package>
      <package name="src.components.common.banner">
        <metrics statements="20" coveredstatements="18" conditionals="5" coveredconditionals="4" methods="5" coveredmethods="3"/>
        <file name="Banner.vue" path="C:\w3_broadcast\src\components\common\banner\Banner.vue">
          <metrics statements="20" coveredstatements="18" conditionals="5" coveredconditionals="4" methods="5" coveredmethods="3"/>
          <line num="16" count="2" type="stmt"/>
          <line num="17" count="2" type="stmt"/>
          <line num="18" count="2" type="stmt"/>
          <line num="19" count="2" type="stmt"/>
          <line num="21" count="2" type="stmt"/>
          <line num="22" count="2" type="stmt"/>
          <line num="24" count="6" type="cond" truecount="3" falsecount="0"/>
          <line num="32" count="2" type="stmt"/>
          <line num="33" count="2" type="stmt"/>
          <line num="34" count="6" type="stmt"/>
          <line num="35" count="6" type="stmt"/>
          <line num="36" count="6" type="stmt"/>
          <line num="39" count="2" type="stmt"/>
          <line num="40" count="0" type="stmt"/>
          <line num="43" count="3" type="stmt"/>
          <line num="44" count="3" type="cond" truecount="1" falsecount="1"/>
          <line num="45" count="3" type="stmt"/>
          <line num="46" count="3" type="stmt"/>
          <line num="47" count="0" type="stmt"/>
          <line num="51" count="2" type="stmt"/>
        </file>
      </package>
      <package name="src.components.common.captureInsideMixin">
        <metrics statements="46" coveredstatements="43" conditionals="30" coveredconditionals="25" methods="10" coveredmethods="9"/>
        <file name="CaptureInsideMixin.ts" path="C:\w3_broadcast\src\components\common\captureInsideMixin\CaptureInsideMixin.ts">
          <metrics statements="46" coveredstatements="43" conditionals="30" coveredconditionals="25" methods="10" coveredmethods="9"/>
          <line num="18" count="39" type="cond" truecount="3" falsecount="0"/>
          <line num="19" count="5" type="stmt"/>
          <line num="20" count="39" type="stmt"/>
          <line num="22" count="39" type="stmt"/>
          <line num="26" count="39" type="stmt"/>
          <line num="39" count="5" type="stmt"/>
          <line num="40" count="12" type="stmt"/>
          <line num="47" count="5" type="stmt"/>
          <line num="55" count="5" type="stmt"/>
          <line num="56" count="3" type="cond" truecount="1" falsecount="1"/>
          <line num="57" count="0" type="stmt"/>
          <line num="59" count="3" type="stmt"/>
          <line num="60" count="3" type="stmt"/>
          <line num="67" count="3" type="cond" truecount="2" falsecount="0"/>
          <line num="68" count="3" type="stmt"/>
          <line num="75" count="5" type="stmt"/>
          <line num="76" count="3" type="cond" truecount="1" falsecount="1"/>
          <line num="77" count="0" type="stmt"/>
          <line num="79" count="3" type="stmt"/>
          <line num="80" count="3" type="stmt"/>
          <line num="82" count="3" type="cond" truecount="2" falsecount="0"/>
          <line num="84" count="3" type="stmt"/>
          <line num="94" count="5" type="stmt"/>
          <line num="95" count="17" type="stmt"/>
          <line num="96" count="17" type="stmt"/>
          <line num="97" count="34" type="cond" truecount="2" falsecount="0"/>
          <line num="98" count="11" type="stmt"/>
          <line num="101" count="17" type="stmt"/>
          <line num="109" count="5" type="stmt"/>
          <line num="110" count="7" type="cond" truecount="4" falsecount="0"/>
          <line num="118" count="5" type="stmt"/>
          <line num="119" count="7" type="cond" truecount="1" falsecount="1"/>
          <line num="120" count="7" type="cond" truecount="1" falsecount="1"/>
          <line num="121" count="7" type="stmt"/>
          <line num="123" count="1" type="stmt"/>
          <line num="124" count="1" type="stmt"/>
          <line num="128" count="2" type="stmt"/>
          <line num="129" count="2" type="stmt"/>
          <line num="133" count="2" type="stmt"/>
          <line num="134" count="2" type="stmt"/>
          <line num="137" count="2" type="cond" truecount="2" falsecount="0"/>
          <line num="138" count="1" type="stmt"/>
          <line num="140" count="1" type="stmt"/>
          <line num="142" count="2" type="stmt"/>
          <line num="145" count="0" type="stmt"/>
          <line num="149" count="5" type="stmt"/>
        </file>
      </package>
      <package name="src.components.common.captureInsideMixin.__tests__">
        <metrics statements="9" coveredstatements="9" conditionals="3" coveredconditionals="3" methods="3" coveredmethods="2"/>
        <file name="TestingComponent.vue" path="C:\w3_broadcast\src\components\common\captureInsideMixin\__tests__\TestingComponent.vue">
          <metrics statements="9" coveredstatements="9" conditionals="3" coveredconditionals="3" methods="3" coveredmethods="2"/>
          <line num="13" count="1" type="stmt"/>
          <line num="14" count="1" type="stmt"/>
          <line num="16" count="1" type="stmt"/>
          <line num="18" count="32" type="cond" truecount="3" falsecount="0"/>
          <line num="25" count="1" type="stmt"/>
          <line num="26" count="32" type="stmt"/>
          <line num="27" count="32" type="stmt"/>
          <line num="28" count="1" type="stmt"/>
          <line num="29" count="1" type="stmt"/>
        </file>
      </package>
      <package name="src.components.common.dropdown">
        <metrics statements="37" coveredstatements="28" conditionals="5" coveredconditionals="5" methods="7" coveredmethods="5"/>
        <file name="DropdownComp.vue" path="C:\w3_broadcast\src\components\common\dropdown\DropdownComp.vue">
          <metrics statements="37" coveredstatements="28" conditionals="5" coveredconditionals="5" methods="7" coveredmethods="5"/>
          <line num="34" count="1" type="stmt"/>
          <line num="35" count="1" type="stmt"/>
          <line num="36" count="1" type="stmt"/>
          <line num="37" count="1" type="stmt"/>
          <line num="41" count="1" type="stmt"/>
          <line num="43" count="12" type="cond" truecount="3" falsecount="0"/>
          <line num="67" count="1" type="stmt"/>
          <line num="68" count="12" type="stmt"/>
          <line num="69" count="12" type="stmt"/>
          <line num="73" count="12" type="stmt"/>
          <line num="74" count="12" type="stmt"/>
          <line num="76" count="1" type="stmt"/>
          <line num="77" count="13" type="cond" truecount="2" falsecount="0"/>
          <line num="79" count="1" type="stmt"/>
          <line num="80" count="6" type="stmt"/>
          <line num="86" count="1" type="stmt"/>
          <line num="87" count="9" type="stmt"/>
          <line num="91" count="0" type="stmt"/>
          <line num="92" count="0" type="stmt"/>
          <line num="93" count="0" type="stmt"/>
          <line num="95" count="1" type="stmt"/>
          <line num="96" count="2" type="stmt"/>
          <line num="98" count="1" type="stmt"/>
          <line num="99" count="7" type="stmt"/>
          <line num="101" count="1" type="stmt"/>
          <line num="102" count="0" type="stmt"/>
          <line num="103" count="0" type="stmt"/>
          <line num="104" count="0" type="stmt"/>
          <line num="106" count="1" type="stmt"/>
          <line num="107" count="1" type="stmt"/>
          <line num="108" count="1" type="stmt"/>
          <line num="109" count="1" type="stmt"/>
          <line num="112" count="1" type="stmt"/>
          <line num="113" count="0" type="stmt"/>
          <line num="114" count="0" type="stmt"/>
          <line num="115" count="0" type="stmt"/>
          <line num="117" count="1" type="stmt"/>
        </file>
      </package>
      <package name="src.components.common.dropdown.components.optionsList">
        <metrics statements="19" coveredstatements="19" conditionals="7" coveredconditionals="6" methods="4" coveredmethods="4"/>
        <file name="OptionsList.vue" path="C:\w3_broadcast\src\components\common\dropdown\components\optionsList\OptionsList.vue">
          <metrics statements="19" coveredstatements="19" conditionals="7" coveredconditionals="6" methods="4" coveredmethods="4"/>
          <line num="46" count="2" type="stmt"/>
          <line num="47" count="2" type="stmt"/>
          <line num="51" count="2" type="stmt"/>
          <line num="53" count="6" type="cond" truecount="3" falsecount="0"/>
          <line num="73" count="2" type="stmt"/>
          <line num="74" count="6" type="stmt"/>
          <line num="79" count="6" type="stmt"/>
          <line num="81" count="2" type="stmt"/>
          <line num="82" count="3" type="cond" truecount="2" falsecount="0"/>
          <line num="84" count="2" type="stmt"/>
          <line num="85" count="3" type="stmt"/>
          <line num="88" count="2" type="stmt"/>
          <line num="89" count="1" type="cond" truecount="1" falsecount="1"/>
          <line num="90" count="1" type="stmt"/>
          <line num="93" count="2" type="stmt"/>
          <line num="94" count="1" type="stmt"/>
          <line num="100" count="1" type="stmt"/>
          <line num="101" count="1" type="stmt"/>
          <line num="103" count="2" type="stmt"/>
        </file>
      </package>
      <package name="src.components.common.headlineTable">
        <metrics statements="37" coveredstatements="34" conditionals="17" coveredconditionals="14" methods="9" coveredmethods="9"/>
        <file name="HeadlineTable.vue" path="C:\w3_broadcast\src\components\common\headlineTable\HeadlineTable.vue">
          <metrics statements="37" coveredstatements="34" conditionals="17" coveredconditionals="14" methods="9" coveredmethods="9"/>
          <line num="40" count="3" type="stmt"/>
          <line num="41" count="3" type="stmt"/>
          <line num="42" count="3" type="stmt"/>
          <line num="43" count="3" type="stmt"/>
          <line num="45" count="3" type="stmt"/>
          <line num="46" count="3" type="stmt"/>
          <line num="50" count="3" type="stmt"/>
          <line num="51" count="3" type="stmt"/>
          <line num="53" count="3" type="stmt"/>
          <line num="54" count="10" type="cond" truecount="3" falsecount="0"/>
          <line num="60" count="3" type="stmt"/>
          <line num="61" count="10" type="stmt"/>
          <line num="63" count="10" type="stmt"/>
          <line num="64" count="10" type="stmt"/>
          <line num="65" count="10" type="stmt"/>
          <line num="67" count="8" type="stmt"/>
          <line num="68" count="8" type="cond" truecount="2" falsecount="0"/>
          <line num="69" count="1" type="stmt"/>
          <line num="70" count="2" type="cond" truecount="1" falsecount="1"/>
          <line num="71" count="2" type="stmt"/>
          <line num="73" count="0" type="stmt"/>
          <line num="76" count="7" type="cond" truecount="2" falsecount="0"/>
          <line num="79" count="3" type="stmt"/>
          <line num="80" count="2" type="cond" truecount="2" falsecount="0"/>
          <line num="83" count="3" type="stmt"/>
          <line num="84" count="4" type="stmt"/>
          <line num="87" count="3" type="stmt"/>
          <line num="88" count="2" type="cond" truecount="3" falsecount="1"/>
          <line num="89" count="2" type="stmt"/>
          <line num="91" count="0" type="stmt"/>
          <line num="94" count="3" type="stmt"/>
          <line num="95" count="2" type="stmt"/>
          <line num="98" count="3" type="stmt"/>
          <line num="99" count="2" type="cond" truecount="1" falsecount="1"/>
          <line num="100" count="2" type="stmt"/>
          <line num="102" count="0" type="stmt"/>
          <line num="108" count="3" type="stmt"/>
        </file>
      </package>
      <package name="src.components.common.loading">
        <metrics statements="10" coveredstatements="10" conditionals="5" coveredconditionals="5" methods="2" coveredmethods="2"/>
        <file name="Loading.vue" path="C:\w3_broadcast\src\components\common\loading\Loading.vue">
          <metrics statements="10" coveredstatements="10" conditionals="5" coveredconditionals="5" methods="2" coveredmethods="2"/>
          <line num="23" count="3" type="stmt"/>
          <line num="24" count="3" type="stmt"/>
          <line num="27" count="3" type="stmt"/>
          <line num="29" count="32" type="cond" truecount="3" falsecount="0"/>
          <line num="51" count="3" type="stmt"/>
          <line num="52" count="32" type="stmt"/>
          <line num="53" count="32" type="stmt"/>
          <line num="58" count="3" type="stmt"/>
          <line num="59" count="25" type="cond" truecount="2" falsecount="0"/>
          <line num="61" count="3" type="stmt"/>
        </file>
      </package>
      <package name="src.components.common.masthead">
        <metrics statements="16" coveredstatements="16" conditionals="3" coveredconditionals="3" methods="4" coveredmethods="4"/>
        <file name="Masthead.vue" path="C:\w3_broadcast\src\components\common\masthead\Masthead.vue">
          <metrics statements="16" coveredstatements="16" conditionals="3" coveredconditionals="3" methods="4" coveredmethods="4"/>
          <line num="39" count="2" type="stmt"/>
          <line num="40" count="2" type="stmt"/>
          <line num="41" count="2" type="stmt"/>
          <line num="42" count="2" type="stmt"/>
          <line num="43" count="2" type="stmt"/>
          <line num="45" count="2" type="stmt"/>
          <line num="47" count="12" type="cond" truecount="3" falsecount="0"/>
          <line num="60" count="2" type="stmt"/>
          <line num="61" count="12" type="stmt"/>
          <line num="62" count="12" type="stmt"/>
          <line num="63" count="12" type="stmt"/>
          <line num="65" count="2" type="stmt"/>
          <line num="66" count="4" type="stmt"/>
          <line num="69" count="2" type="stmt"/>
          <line num="70" count="1" type="stmt"/>
          <line num="72" count="2" type="stmt"/>
        </file>
      </package>
      <package name="src.components.common.masthead.components.hamburgerMenu">
        <metrics statements="14" coveredstatements="12" conditionals="3" coveredconditionals="3" methods="5" coveredmethods="2"/>
        <file name="HamburgerMenu.vue" path="C:\w3_broadcast\src\components\common\masthead\components\hamburgerMenu\HamburgerMenu.vue">
          <metrics statements="14" coveredstatements="12" conditionals="3" coveredconditionals="3" methods="5" coveredmethods="2"/>
          <line num="22" count="3" type="stmt"/>
          <line num="23" count="3" type="stmt"/>
          <line num="24" count="3" type="stmt"/>
          <line num="25" count="3" type="stmt"/>
          <line num="27" count="3" type="stmt"/>
          <line num="29" count="2" type="cond" truecount="3" falsecount="0"/>
          <line num="41" count="3" type="stmt"/>
          <line num="42" count="2" type="stmt"/>
          <line num="43" count="2" type="stmt"/>
          <line num="46" count="3" type="stmt"/>
          <line num="47" count="0" type="stmt"/>
          <line num="50" count="3" type="stmt"/>
          <line num="51" count="0" type="stmt"/>
          <line num="53" count="3" type="stmt"/>
        </file>
      </package>
      <package name="src.components.common.masthead.components.navigationButtons">
        <metrics statements="12" coveredstatements="11" conditionals="3" coveredconditionals="3" methods="4" coveredmethods="2"/>
        <file name="NavigationButtons.vue" path="C:\w3_broadcast\src\components\common\masthead\components\navigationButtons\NavigationButtons.vue">
          <metrics statements="12" coveredstatements="11" conditionals="3" coveredconditionals="3" methods="4" coveredmethods="2"/>
          <line num="16" count="4" type="stmt"/>
          <line num="17" count="4" type="stmt"/>
          <line num="19" count="4" type="stmt"/>
          <line num="26" count="6" type="cond" truecount="3" falsecount="0"/>
          <line num="34" count="4" type="stmt"/>
          <line num="35" count="6" type="stmt"/>
          <line num="36" count="6" type="stmt"/>
          <line num="39" count="4" type="stmt"/>
          <line num="40" count="4" type="stmt"/>
          <line num="59" count="4" type="stmt"/>
          <line num="60" count="0" type="stmt"/>
          <line num="62" count="4" type="stmt"/>
        </file>
      </package>
      <package name="src.components.common.masthead.components.navigationLinks">
        <metrics statements="10" coveredstatements="10" conditionals="3" coveredconditionals="3" methods="3" coveredmethods="2"/>
        <file name="NavigationLinks.vue" path="C:\w3_broadcast\src\components\common\masthead\components\navigationLinks\NavigationLinks.vue">
          <metrics statements="10" coveredstatements="10" conditionals="3" coveredconditionals="3" methods="3" coveredmethods="2"/>
          <line num="17" count="4" type="stmt"/>
          <line num="18" count="4" type="stmt"/>
          <line num="25" count="4" type="stmt"/>
          <line num="26" count="4" type="cond" truecount="3" falsecount="0"/>
          <line num="34" count="4" type="stmt"/>
          <line num="35" count="4" type="stmt"/>
          <line num="36" count="4" type="stmt"/>
          <line num="39" count="4" type="stmt"/>
          <line num="40" count="2" type="stmt"/>
          <line num="51" count="4" type="stmt"/>
        </file>
      </package>
      <package name="src.components.common.tabs">
        <metrics statements="38" coveredstatements="32" conditionals="17" coveredconditionals="12" methods="10" coveredmethods="9"/>
        <file name="Tabs.vue" path="C:\w3_broadcast\src\components\common\tabs\Tabs.vue">
          <metrics statements="38" coveredstatements="32" conditionals="17" coveredconditionals="12" methods="10" coveredmethods="9"/>
          <line num="24" count="3" type="stmt"/>
          <line num="25" count="3" type="stmt"/>
          <line num="28" count="3" type="stmt"/>
          <line num="29" count="3" type="stmt"/>
          <line num="30" count="3" type="stmt"/>
          <line num="31" count="3" type="stmt"/>
          <line num="33" count="56" type="cond" truecount="3" falsecount="0"/>
          <line num="41" count="3" type="stmt"/>
          <line num="42" count="56" type="stmt"/>
          <line num="43" count="56" type="stmt"/>
          <line num="46" count="3" type="stmt"/>
          <line num="47" count="0" type="stmt"/>
          <line num="48" count="0" type="cond" truecount="0" falsecount="2"/>
          <line num="49" count="0" type="stmt"/>
          <line num="50" count="0" type="stmt"/>
          <line num="51" count="0" type="cond" truecount="0" falsecount="2"/>
          <line num="52" count="0" type="stmt"/>
          <line num="57" count="3" type="stmt"/>
          <line num="58" count="18" type="stmt"/>
          <line num="59" count="5" type="stmt"/>
          <line num="60" count="5" type="stmt"/>
          <line num="63" count="3" type="stmt"/>
          <line num="64" count="2" type="cond" truecount="2" falsecount="0"/>
          <line num="65" count="1" type="stmt"/>
          <line num="69" count="3" type="stmt"/>
          <line num="70" count="9" type="stmt"/>
          <line num="73" count="3" type="stmt"/>
          <line num="74" count="9" type="cond" truecount="2" falsecount="0"/>
          <line num="77" count="3" type="stmt"/>
          <line num="78" count="10" type="stmt"/>
          <line num="79" count="10" type="cond" truecount="2" falsecount="0"/>
          <line num="80" count="4" type="stmt"/>
          <line num="81" count="6" type="cond" truecount="2" falsecount="0"/>
          <line num="82" count="4" type="stmt"/>
          <line num="84" count="10" type="stmt"/>
          <line num="87" count="612" type="cond" truecount="1" falsecount="1"/>
          <line num="88" count="612" type="stmt"/>
          <line num="90" count="3" type="stmt"/>
        </file>
      </package>
      <package name="src.components.pages.headline">
        <metrics statements="75" coveredstatements="73" conditionals="40" coveredconditionals="30" methods="8" coveredmethods="8"/>
        <file name="CreateHeadline.vue" path="C:\w3_broadcast\src\components\pages\headline\CreateHeadline.vue">
          <metrics statements="20" coveredstatements="20" conditionals="13" coveredconditionals="10" methods="3" coveredmethods="3"/>
          <line num="9" count="1" type="stmt"/>
          <line num="10" count="1" type="stmt"/>
          <line num="11" count="1" type="stmt"/>
          <line num="12" count="1" type="stmt"/>
          <line num="13" count="1" type="stmt"/>
          <line num="14" count="1" type="stmt"/>
          <line num="15" count="1" type="stmt"/>
          <line num="17" count="1" type="stmt"/>
          <line num="18" count="1" type="stmt"/>
          <line num="20" count="2" type="cond" truecount="3" falsecount="0"/>
          <line num="26" count="1" type="stmt"/>
          <line num="27" count="1" type="cond" truecount="3" falsecount="2"/>
          <line num="28" count="1" type="stmt"/>
          <line num="29" count="1" type="cond" truecount="4" falsecount="1"/>
          <line num="30" count="2" type="stmt"/>
          <line num="32" count="1" type="stmt"/>
          <line num="33" count="1" type="stmt"/>
          <line num="36" count="1" type="stmt"/>
          <line num="37" count="1" type="stmt"/>
          <line num="39" count="1" type="stmt"/>
        </file>
        <file name="HeadlineDetails.vue" path="C:\w3_broadcast\src\components\pages\headline\HeadlineDetails.vue">
          <metrics statements="26" coveredstatements="26" conditionals="18" coveredconditionals="13" methods="3" coveredmethods="3"/>
          <line num="11" count="1" type="stmt"/>
          <line num="12" count="1" type="stmt"/>
          <line num="14" count="1" type="stmt"/>
          <line num="15" count="1" type="stmt"/>
          <line num="16" count="1" type="stmt"/>
          <line num="17" count="1" type="stmt"/>
          <line num="18" count="1" type="stmt"/>
          <line num="19" count="1" type="stmt"/>
          <line num="20" count="1" type="stmt"/>
          <line num="22" count="1" type="stmt"/>
          <line num="23" count="1" type="stmt"/>
          <line num="25" count="2" type="cond" truecount="3" falsecount="0"/>
          <line num="38" count="1" type="stmt"/>
          <line num="39" count="1" type="cond" truecount="3" falsecount="2"/>
          <line num="40" count="1" type="cond" truecount="3" falsecount="2"/>
          <line num="41" count="1" type="stmt"/>
          <line num="42" count="2" type="stmt"/>
          <line num="45" count="1" type="stmt"/>
          <line num="46" count="1" type="cond" truecount="3" falsecount="0"/>
          <line num="51" count="1" type="stmt"/>
          <line num="52" count="1" type="stmt"/>
          <line num="55" count="1" type="stmt"/>
          <line num="56" count="1" type="cond" truecount="1" falsecount="1"/>
          <line num="59" count="1" type="stmt"/>
          <line num="60" count="1" type="stmt"/>
          <line num="62" count="1" type="stmt"/>
        </file>
        <file name="HeadlinePage.vue" path="C:\w3_broadcast\src\components\pages\headline\HeadlinePage.vue">
          <metrics statements="29" coveredstatements="27" conditionals="9" coveredconditionals="7" methods="2" coveredmethods="2"/>
          <line num="22" count="1" type="stmt"/>
          <line num="23" count="1" type="stmt"/>
          <line num="24" count="1" type="stmt"/>
          <line num="26" count="1" type="stmt"/>
          <line num="27" count="1" type="stmt"/>
          <line num="28" count="1" type="stmt"/>
          <line num="29" count="1" type="stmt"/>
          <line num="33" count="1" type="stmt"/>
          <line num="34" count="1" type="stmt"/>
          <line num="36" count="18" type="cond" truecount="3" falsecount="0"/>
          <line num="53" count="1" type="stmt"/>
          <line num="54" count="1" type="stmt"/>
          <line num="55" count="1" type="stmt"/>
          <line num="56" count="1" type="stmt"/>
          <line num="57" count="18" type="stmt"/>
          <line num="60" count="18" type="stmt"/>
          <line num="62" count="1" type="stmt"/>
          <line num="63" count="9" type="stmt"/>
          <line num="66" count="1" type="stmt"/>
          <line num="67" count="0" type="cond" truecount="0" falsecount="2"/>
          <line num="71" count="0" type="stmt"/>
          <line num="74" count="1" type="stmt"/>
          <line num="75" count="9" type="cond" truecount="2" falsecount="0"/>
          <line num="78" count="1" type="stmt"/>
          <line num="79" count="9" type="cond" truecount="2" falsecount="0"/>
          <line num="80" count="9" type="stmt"/>
          <line num="83" count="1" type="stmt"/>
          <line num="84" count="9" type="stmt"/>
          <line num="114" count="1" type="stmt"/>
        </file>
      </package>
      <package name="src.components.pages.headline.components.audienceTab">
        <metrics statements="8" coveredstatements="0" conditionals="3" coveredconditionals="0" methods="2" coveredmethods="0"/>
        <file name="AudienceTab.vue" path="C:\w3_broadcast\src\components\pages\headline\components\audienceTab\AudienceTab.vue">
          <metrics statements="8" coveredstatements="0" conditionals="3" coveredconditionals="0" methods="2" coveredmethods="0"/>
          <line num="8" count="0" type="stmt"/>
          <line num="9" count="0" type="stmt"/>
          <line num="11" count="0" type="stmt"/>
          <line num="13" count="0" type="cond" truecount="0" falsecount="3"/>
          <line num="14" count="0" type="stmt"/>
          <line num="15" count="0" type="stmt"/>
          <line num="17" count="0" type="stmt"/>
          <line num="18" count="0" type="stmt"/>
        </file>
      </package>
      <package name="src.components.pages.headline.components.channelTab">
        <metrics statements="40" coveredstatements="0" conditionals="14" coveredconditionals="0" methods="5" coveredmethods="0"/>
        <file name="ChannelTab.vue" path="C:\w3_broadcast\src\components\pages\headline\components\channelTab\ChannelTab.vue">
          <metrics statements="40" coveredstatements="0" conditionals="14" coveredconditionals="0" methods="5" coveredmethods="0"/>
          <line num="44" count="0" type="stmt"/>
          <line num="45" count="0" type="stmt"/>
          <line num="46" count="0" type="stmt"/>
          <line num="47" count="0" type="stmt"/>
          <line num="48" count="0" type="stmt"/>
          <line num="50" count="0" type="stmt"/>
          <line num="57" count="0" type="stmt"/>
          <line num="59" count="0" type="stmt"/>
          <line num="60" count="0" type="stmt"/>
          <line num="62" count="0" type="cond" truecount="0" falsecount="3"/>
          <line num="69" count="0" type="stmt"/>
          <line num="70" count="0" type="stmt"/>
          <line num="71" count="0" type="stmt"/>
          <line num="72" count="0" type="stmt"/>
          <line num="73" count="0" type="stmt"/>
          <line num="74" count="0" type="stmt"/>
          <line num="75" count="0" type="stmt"/>
          <line num="76" count="0" type="stmt"/>
          <line num="77" count="0" type="cond" truecount="0" falsecount="5"/>
          <line num="79" count="0" type="stmt"/>
          <line num="80" count="0" type="stmt"/>
          <line num="82" count="0" type="stmt"/>
          <line num="83" count="0" type="stmt"/>
          <line num="92" count="0" type="stmt"/>
          <line num="93" count="0" type="stmt"/>
          <line num="104" count="0" type="stmt"/>
          <line num="105" count="0" type="stmt"/>
          <line num="107" count="0" type="stmt"/>
          <line num="109" count="0" type="cond" truecount="0" falsecount="2"/>
          <line num="110" count="0" type="stmt"/>
          <line num="111" count="0" type="cond" truecount="0" falsecount="2"/>
          <line num="112" count="0" type="stmt"/>
          <line num="114" count="0" type="stmt"/>
          <line num="116" count="0" type="stmt"/>
          <line num="117" count="0" type="cond" truecount="0" falsecount="2"/>
          <line num="118" count="0" type="stmt"/>
          <line num="119" count="0" type="stmt"/>
          <line num="122" count="0" type="stmt"/>
          <line num="123" count="0" type="stmt"/>
          <line num="125" count="0" type="stmt"/>
        </file>
      </package>
      <package name="src.components.pages.headline.components.channelTab.__tests__">
        <metrics statements="74" coveredstatements="0" conditionals="2" coveredconditionals="0" methods="14" coveredmethods="0"/>
        <file name="ChannelTab.specs.ts" path="C:\w3_broadcast\src\components\pages\headline\components\channelTab\__tests__\ChannelTab.specs.ts">
          <metrics statements="74" coveredstatements="0" conditionals="2" coveredconditionals="0" methods="14" coveredmethods="0"/>
          <line num="1" count="0" type="stmt"/>
          <line num="2" count="0" type="stmt"/>
          <line num="3" count="0" type="stmt"/>
          <line num="4" count="0" type="stmt"/>
          <line num="5" count="0" type="stmt"/>
          <line num="6" count="0" type="stmt"/>
          <line num="8" count="0" type="stmt"/>
          <line num="9" count="0" type="stmt"/>
          <line num="10" count="0" type="stmt"/>
          <line num="11" count="0" type="stmt"/>
          <line num="14" count="0" type="stmt"/>
          <line num="15" count="0" type="stmt"/>
          <line num="16" count="0" type="cond" truecount="0" falsecount="2"/>
          <line num="17" count="0" type="stmt"/>
          <line num="22" count="0" type="stmt"/>
          <line num="23" count="0" type="stmt"/>
          <line num="26" count="0" type="stmt"/>
          <line num="27" count="0" type="stmt"/>
          <line num="28" count="0" type="stmt"/>
          <line num="30" count="0" type="stmt"/>
          <line num="31" count="0" type="stmt"/>
          <line num="32" count="0" type="stmt"/>
          <line num="33" count="0" type="stmt"/>
          <line num="34" count="0" type="stmt"/>
          <line num="35" count="0" type="stmt"/>
          <line num="37" count="0" type="stmt"/>
          <line num="38" count="0" type="stmt"/>
          <line num="41" count="0" type="stmt"/>
          <line num="42" count="0" type="stmt"/>
          <line num="44" count="0" type="stmt"/>
          <line num="45" count="0" type="stmt"/>
          <line num="48" count="0" type="stmt"/>
          <line num="49" count="0" type="stmt"/>
          <line num="51" count="0" type="stmt"/>
          <line num="52" count="0" type="stmt"/>
          <line num="55" count="0" type="stmt"/>
          <line num="56" count="0" type="stmt"/>
          <line num="57" count="0" type="stmt"/>
          <line num="60" count="0" type="stmt"/>
          <line num="61" count="0" type="stmt"/>
          <line num="64" count="0" type="stmt"/>
          <line num="67" count="0" type="stmt"/>
          <line num="68" count="0" type="stmt"/>
          <line num="69" count="0" type="stmt"/>
          <line num="71" count="0" type="stmt"/>
          <line num="72" count="0" type="stmt"/>
          <line num="75" count="0" type="stmt"/>
          <line num="76" count="0" type="stmt"/>
          <line num="77" count="0" type="stmt"/>
          <line num="79" count="0" type="stmt"/>
          <line num="80" count="0" type="stmt"/>
          <line num="83" count="0" type="stmt"/>
          <line num="86" count="0" type="stmt"/>
          <line num="87" count="0" type="stmt"/>
          <line num="88" count="0" type="stmt"/>
          <line num="89" count="0" type="stmt"/>
          <line num="90" count="0" type="stmt"/>
          <line num="92" count="0" type="stmt"/>
          <line num="93" count="0" type="stmt"/>
          <line num="96" count="0" type="stmt"/>
          <line num="99" count="0" type="stmt"/>
          <line num="100" count="0" type="stmt"/>
          <line num="101" count="0" type="stmt"/>
          <line num="102" count="0" type="stmt"/>
          <line num="103" count="0" type="stmt"/>
          <line num="104" count="0" type="stmt"/>
          <line num="106" count="0" type="stmt"/>
          <line num="107" count="0" type="stmt"/>
          <line num="110" count="0" type="stmt"/>
          <line num="113" count="0" type="stmt"/>
          <line num="114" count="0" type="stmt"/>
          <line num="115" count="0" type="stmt"/>
          <line num="116" count="0" type="stmt"/>
          <line num="117" count="0" type="stmt"/>
        </file>
      </package>
      <package name="src.components.pages.headline.components.detailsTab">
        <metrics statements="15" coveredstatements="15" conditionals="3" coveredconditionals="3" methods="2" coveredmethods="2"/>
        <file name="DetailsTab.vue" path="C:\w3_broadcast\src\components\pages\headline\components\detailsTab\DetailsTab.vue">
          <metrics statements="15" coveredstatements="15" conditionals="3" coveredconditionals="3" methods="2" coveredmethods="2"/>
          <line num="25" count="1" type="stmt"/>
          <line num="26" count="1" type="stmt"/>
          <line num="27" count="1" type="stmt"/>
          <line num="28" count="1" type="stmt"/>
          <line num="29" count="1" type="stmt"/>
          <line num="31" count="1" type="stmt"/>
          <line num="33" count="1" type="stmt"/>
          <line num="34" count="1" type="stmt"/>
          <line num="36" count="4" type="cond" truecount="3" falsecount="0"/>
          <line num="47" count="1" type="stmt"/>
          <line num="48" count="1" type="stmt"/>
          <line num="49" count="4" type="stmt"/>
          <line num="51" count="4" type="stmt"/>
          <line num="52" count="4" type="stmt"/>
          <line num="53" count="1" type="stmt"/>
        </file>
      </package>
      <package name="src.components.pages.headline.components.detailsTab.components.detailsForm">
        <metrics statements="30" coveredstatements="30" conditionals="24" coveredconditionals="15" methods="2" coveredmethods="2"/>
        <file name="DetailsForm.vue" path="C:\w3_broadcast\src\components\pages\headline\components\detailsTab\components\detailsForm\DetailsForm.vue">
          <metrics statements="30" coveredstatements="30" conditionals="24" coveredconditionals="15" methods="2" coveredmethods="2"/>
          <line num="53" count="2" type="stmt"/>
          <line num="54" count="2" type="stmt"/>
          <line num="55" count="2" type="stmt"/>
          <line num="56" count="2" type="stmt"/>
          <line num="57" count="2" type="stmt"/>
          <line num="58" count="2" type="stmt"/>
          <line num="62" count="2" type="stmt"/>
          <line num="69" count="2" type="stmt"/>
          <line num="70" count="2" type="stmt"/>
          <line num="72" count="20" type="cond" truecount="3" falsecount="0"/>
          <line num="91" count="2" type="stmt"/>
          <line num="92" count="2" type="cond" truecount="3" falsecount="2"/>
          <line num="93" count="2" type="cond" truecount="3" falsecount="2"/>
          <line num="94" count="2" type="cond" truecount="3" falsecount="2"/>
          <line num="95" count="20" type="stmt"/>
          <line num="99" count="20" type="stmt"/>
          <line num="100" count="20" type="stmt"/>
          <line num="101" count="20" type="stmt"/>
          <line num="103" count="2" type="stmt"/>
          <line num="104" count="12" type="stmt"/>
          <line num="107" count="2" type="stmt"/>
          <line num="108" count="12" type="cond" truecount="1" falsecount="1"/>
          <line num="112" count="1" type="stmt"/>
          <line num="119" count="2" type="stmt"/>
          <line num="120" count="12" type="cond" truecount="1" falsecount="1"/>
          <line num="124" count="1" type="stmt"/>
          <line num="131" count="2" type="stmt"/>
          <line num="132" count="12" type="cond" truecount="1" falsecount="1"/>
          <line num="136" count="1" type="stmt"/>
          <line num="142" count="2" type="stmt"/>
        </file>
      </package>
      <package name="src.components.pages.headline.components.detailsTab.components.detailsForm.components.contentTypeFields">
        <metrics statements="29" coveredstatements="29" conditionals="19" coveredconditionals="14" methods="2" coveredmethods="2"/>
        <file name="ContentTypeFields.vue" path="C:\w3_broadcast\src\components\pages\headline\components\detailsTab\components\detailsForm\components\contentTypeFields\ContentTypeFields.vue">
          <metrics statements="29" coveredstatements="29" conditionals="19" coveredconditionals="14" methods="2" coveredmethods="2"/>
          <line num="48" count="3" type="stmt"/>
          <line num="49" count="3" type="stmt"/>
          <line num="50" count="3" type="stmt"/>
          <line num="51" count="3" type="stmt"/>
          <line num="52" count="3" type="stmt"/>
          <line num="53" count="3" type="stmt"/>
          <line num="59" count="3" type="stmt"/>
          <line num="60" count="3" type="stmt"/>
          <line num="62" count="24" type="cond" truecount="3" falsecount="0"/>
          <line num="82" count="3" type="stmt"/>
          <line num="83" count="3" type="cond" truecount="3" falsecount="2"/>
          <line num="84" count="3" type="cond" truecount="3" falsecount="2"/>
          <line num="85" count="24" type="stmt"/>
          <line num="86" count="24" type="stmt"/>
          <line num="91" count="24" type="stmt"/>
          <line num="93" count="3" type="stmt"/>
          <line num="94" count="15" type="stmt"/>
          <line num="97" count="3" type="stmt"/>
          <line num="98" count="15" type="stmt"/>
          <line num="101" count="3" type="stmt"/>
          <line num="102" count="15" type="cond" truecount="1" falsecount="1"/>
          <line num="106" count="1" type="stmt"/>
          <line num="114" count="3" type="stmt"/>
          <line num="115" count="15" type="cond" truecount="2" falsecount="0"/>
          <line num="119" count="1" type="stmt"/>
          <line num="127" count="3" type="stmt"/>
          <line num="128" count="15" type="cond" truecount="2" falsecount="0"/>
          <line num="132" count="1" type="stmt"/>
          <line num="139" count="3" type="stmt"/>
        </file>
      </package>
      <package name="src.components.pages.headline.components.feedbackTab">
        <metrics statements="8" coveredstatements="0" conditionals="3" coveredconditionals="0" methods="2" coveredmethods="0"/>
        <file name="FeedbackTab.vue" path="C:\w3_broadcast\src\components\pages\headline\components\feedbackTab\FeedbackTab.vue">
          <metrics statements="8" coveredstatements="0" conditionals="3" coveredconditionals="0" methods="2" coveredmethods="0"/>
          <line num="8" count="0" type="stmt"/>
          <line num="9" count="0" type="stmt"/>
          <line num="11" count="0" type="stmt"/>
          <line num="13" count="0" type="cond" truecount="0" falsecount="3"/>
          <line num="15" count="0" type="stmt"/>
          <line num="16" count="0" type="stmt"/>
          <line num="17" count="0" type="stmt"/>
          <line num="19" count="0" type="stmt"/>
        </file>
      </package>
      <package name="src.components.pages.headline.components.headlineActions">
        <metrics statements="43" coveredstatements="41" conditionals="19" coveredconditionals="17" methods="4" coveredmethods="4"/>
        <file name="HeadlineActions.vue" path="C:\w3_broadcast\src\components\pages\headline\components\headlineActions\HeadlineActions.vue">
          <metrics statements="43" coveredstatements="41" conditionals="19" coveredconditionals="17" methods="4" coveredmethods="4"/>
          <line num="39" count="2" type="stmt"/>
          <line num="40" count="2" type="stmt"/>
          <line num="42" count="2" type="stmt"/>
          <line num="43" count="2" type="stmt"/>
          <line num="44" count="2" type="stmt"/>
          <line num="46" count="2" type="stmt"/>
          <line num="48" count="2" type="stmt"/>
          <line num="49" count="2" type="stmt"/>
          <line num="51" count="21" type="cond" truecount="3" falsecount="0"/>
          <line num="64" count="2" type="stmt"/>
          <line num="65" count="2" type="stmt"/>
          <line num="66" count="2" type="stmt"/>
          <line num="67" count="2" type="stmt"/>
          <line num="68" count="2" type="stmt"/>
          <line num="69" count="2" type="cond" truecount="4" falsecount="1"/>
          <line num="70" count="2" type="stmt"/>
          <line num="71" count="2" type="stmt"/>
          <line num="72" count="21" type="stmt"/>
          <line num="73" count="21" type="stmt"/>
          <line num="76" count="21" type="stmt"/>
          <line num="79" count="2" type="stmt"/>
          <line num="80" count="6" type="stmt"/>
          <line num="84" count="29" type="cond" truecount="2" falsecount="0"/>
          <line num="86" count="2" type="stmt"/>
          <line num="87" count="22" type="stmt"/>
          <line num="90" count="2" type="stmt"/>
          <line num="91" count="18" type="stmt"/>
          <line num="94" count="2" type="stmt"/>
          <line num="95" count="5" type="stmt"/>
          <line num="99" count="2" type="stmt"/>
          <line num="100" count="2" type="stmt"/>
          <line num="103" count="2" type="stmt"/>
          <line num="104" count="2" type="stmt"/>
          <line num="105" count="2" type="stmt"/>
          <line num="107" count="1" type="stmt"/>
          <line num="108" count="1" type="stmt"/>
          <line num="109" count="1" type="stmt"/>
          <line num="111" count="0" type="stmt"/>
          <line num="113" count="5" type="stmt"/>
          <line num="116" count="2" type="stmt"/>
          <line num="117" count="18" type="cond" truecount="2" falsecount="0"/>
          <line num="121" count="0" type="stmt"/>
          <line num="123" count="2" type="stmt"/>
        </file>
      </package>
      <package name="src.components.pages.headline.components.headlineId">
        <metrics statements="25" coveredstatements="20" conditionals="7" coveredconditionals="5" methods="8" coveredmethods="5"/>
        <file name="HeadlineId.vue" path="C:\w3_broadcast\src\components\pages\headline\components\headlineId\HeadlineId.vue">
          <metrics statements="25" coveredstatements="20" conditionals="7" coveredconditionals="5" methods="8" coveredmethods="5"/>
          <line num="33" count="2" type="stmt"/>
          <line num="34" count="2" type="stmt"/>
          <line num="37" count="2" type="stmt"/>
          <line num="39" count="22" type="cond" truecount="3" falsecount="0"/>
          <line num="47" count="2" type="stmt"/>
          <line num="48" count="22" type="stmt"/>
          <line num="50" count="22" type="stmt"/>
          <line num="51" count="22" type="stmt"/>
          <line num="52" count="22" type="stmt"/>
          <line num="55" count="2" type="stmt"/>
          <line num="56" count="4" type="stmt"/>
          <line num="59" count="2" type="stmt"/>
          <line num="60" count="2" type="stmt"/>
          <line num="63" count="2" type="stmt"/>
          <line num="64" count="2" type="stmt"/>
          <line num="67" count="2" type="stmt"/>
          <line num="68" count="0" type="stmt"/>
          <line num="70" count="0" type="stmt"/>
          <line num="71" count="0" type="cond" truecount="0" falsecount="2"/>
          <line num="72" count="0" type="stmt"/>
          <line num="76" count="0" type="stmt"/>
          <line num="80" count="2" type="stmt"/>
          <line num="81" count="17" type="cond" truecount="2" falsecount="0"/>
          <line num="82" count="17" type="stmt"/>
          <line num="84" count="2" type="stmt"/>
        </file>
      </package>
      <package name="src.components.pages.headline.components.imageTab">
        <metrics statements="8" coveredstatements="0" conditionals="3" coveredconditionals="0" methods="2" coveredmethods="0"/>
        <file name="ImageTab.vue" path="C:\w3_broadcast\src\components\pages\headline\components\imageTab\ImageTab.vue">
          <metrics statements="8" coveredstatements="0" conditionals="3" coveredconditionals="0" methods="2" coveredmethods="0"/>
          <line num="8" count="0" type="stmt"/>
          <line num="9" count="0" type="stmt"/>
          <line num="11" count="0" type="stmt"/>
          <line num="13" count="0" type="cond" truecount="0" falsecount="3"/>
          <line num="14" count="0" type="stmt"/>
          <line num="15" count="0" type="stmt"/>
          <line num="16" count="0" type="stmt"/>
          <line num="18" count="0" type="stmt"/>
        </file>
      </package>
      <package name="src.components.pages.headline.components.notesTab">
        <metrics statements="8" coveredstatements="0" conditionals="3" coveredconditionals="0" methods="2" coveredmethods="0"/>
        <file name="NotesTab.vue" path="C:\w3_broadcast\src\components\pages\headline\components\notesTab\NotesTab.vue">
          <metrics statements="8" coveredstatements="0" conditionals="3" coveredconditionals="0" methods="2" coveredmethods="0"/>
          <line num="8" count="0" type="stmt"/>
          <line num="9" count="0" type="stmt"/>
          <line num="11" count="0" type="stmt"/>
          <line num="13" count="0" type="cond" truecount="0" falsecount="3"/>
          <line num="14" count="0" type="stmt"/>
          <line num="15" count="0" type="stmt"/>
          <line num="16" count="0" type="stmt"/>
          <line num="18" count="0" type="stmt"/>
        </file>
      </package>
      <package name="src.components.pages.headline.components.overviewTab">
        <metrics statements="12" coveredstatements="12" conditionals="3" coveredconditionals="3" methods="2" coveredmethods="2"/>
        <file name="OverviewTab.vue" path="C:\w3_broadcast\src\components\pages\headline\components\overviewTab\OverviewTab.vue">
          <metrics statements="12" coveredstatements="12" conditionals="3" coveredconditionals="3" methods="2" coveredmethods="2"/>
          <line num="13" count="1" type="stmt"/>
          <line num="14" count="1" type="stmt"/>
          <line num="15" count="1" type="stmt"/>
          <line num="16" count="1" type="stmt"/>
          <line num="17" count="1" type="stmt"/>
          <line num="18" count="1" type="stmt"/>
          <line num="21" count="1" type="stmt"/>
          <line num="23" count="4" type="cond" truecount="3" falsecount="0"/>
          <line num="38" count="1" type="stmt"/>
          <line num="39" count="4" type="stmt"/>
          <line num="40" count="4" type="stmt"/>
          <line num="42" count="1" type="stmt"/>
        </file>
      </package>
      <package name="src.components.pages.headline.components.overviewTab.components.owners">
        <metrics statements="15" coveredstatements="15" conditionals="5" coveredconditionals="5" methods="2" coveredmethods="2"/>
        <file name="Owners.vue" path="C:\w3_broadcast\src\components\pages\headline\components\overviewTab\components\owners\Owners.vue">
          <metrics statements="15" coveredstatements="15" conditionals="5" coveredconditionals="5" methods="2" coveredmethods="2"/>
          <line num="18" count="2" type="stmt"/>
          <line num="19" count="2" type="stmt"/>
          <line num="20" count="2" type="stmt"/>
          <line num="21" count="2" type="stmt"/>
          <line num="23" count="2" type="stmt"/>
          <line num="24" count="2" type="stmt"/>
          <line num="26" count="8" type="cond" truecount="3" falsecount="0"/>
          <line num="33" count="2" type="stmt"/>
          <line num="34" count="2" type="stmt"/>
          <line num="35" count="8" type="stmt"/>
          <line num="37" count="8" type="stmt"/>
          <line num="39" count="2" type="stmt"/>
          <line num="40" count="5" type="cond" truecount="2" falsecount="0"/>
          <line num="44" count="1" type="stmt"/>
          <line num="46" count="2" type="stmt"/>
        </file>
      </package>
      <package name="src.components.pages.headline.components.overviewTab.components.priority">
        <metrics statements="27" coveredstatements="27" conditionals="7" coveredconditionals="5" methods="3" coveredmethods="3"/>
        <file name="Priority.vue" path="C:\w3_broadcast\src\components\pages\headline\components\overviewTab\components\priority\Priority.vue">
          <metrics statements="27" coveredstatements="27" conditionals="7" coveredconditionals="5" methods="3" coveredmethods="3"/>
          <line num="30" count="2" type="stmt"/>
          <line num="31" count="2" type="stmt"/>
          <line num="32" count="2" type="stmt"/>
          <line num="33" count="2" type="stmt"/>
          <line num="34" count="2" type="stmt"/>
          <line num="36" count="2" type="stmt"/>
          <line num="37" count="2" type="stmt"/>
          <line num="38" count="2" type="stmt"/>
          <line num="40" count="10" type="cond" truecount="3" falsecount="0"/>
          <line num="51" count="2" type="stmt"/>
          <line num="52" count="2" type="stmt"/>
          <line num="53" count="2" type="stmt"/>
          <line num="55" count="10" type="stmt"/>
          <line num="56" count="10" type="stmt"/>
          <line num="58" count="10" type="stmt"/>
          <line num="59" count="10" type="stmt"/>
          <line num="61" count="2" type="stmt"/>
          <line num="62" count="6" type="cond" truecount="1" falsecount="1"/>
          <line num="66" count="1" type="stmt"/>
          <line num="69" count="2" type="stmt"/>
          <line num="70" count="6" type="stmt"/>
          <line num="74" count="1" type="cond" truecount="1" falsecount="1"/>
          <line num="75" count="1" type="stmt"/>
          <line num="79" count="2" type="stmt"/>
          <line num="80" count="6" type="stmt"/>
          <line num="81" count="60" type="stmt"/>
          <line num="83" count="2" type="stmt"/>
        </file>
      </package>
      <package name="src.components.pages.headline.components.overviewTab.components.publish">
        <metrics statements="51" coveredstatements="50" conditionals="23" coveredconditionals="20" methods="3" coveredmethods="3"/>
        <file name="Publish.vue" path="C:\w3_broadcast\src\components\pages\headline\components\overviewTab\components\publish\Publish.vue">
          <metrics statements="51" coveredstatements="50" conditionals="23" coveredconditionals="20" methods="3" coveredmethods="3"/>
          <line num="55" count="2" type="stmt"/>
          <line num="56" count="2" type="stmt"/>
          <line num="57" count="2" type="stmt"/>
          <line num="58" count="2" type="stmt"/>
          <line num="59" count="2" type="stmt"/>
          <line num="60" count="2" type="stmt"/>
          <line num="61" count="2" type="stmt"/>
          <line num="62" count="2" type="stmt"/>
          <line num="63" count="2" type="stmt"/>
          <line num="71" count="2" type="stmt"/>
          <line num="72" count="2" type="stmt"/>
          <line num="74" count="66" type="cond" truecount="3" falsecount="0"/>
          <line num="85" count="2" type="stmt"/>
          <line num="86" count="2" type="stmt"/>
          <line num="87" count="2" type="stmt"/>
          <line num="88" count="2" type="stmt"/>
          <line num="89" count="2" type="stmt"/>
          <line num="91" count="66" type="stmt"/>
          <line num="92" count="66" type="stmt"/>
          <line num="93" count="66" type="stmt"/>
          <line num="94" count="66" type="stmt"/>
          <line num="96" count="2" type="stmt"/>
          <line num="97" count="42" type="cond" truecount="2" falsecount="0"/>
          <line num="98" count="40" type="stmt"/>
          <line num="99" count="40" type="stmt"/>
          <line num="101" count="2" type="stmt"/>
          <line num="104" count="2" type="stmt"/>
          <line num="105" count="42" type="cond" truecount="2" falsecount="0"/>
          <line num="106" count="40" type="stmt"/>
          <line num="108" count="2" type="stmt"/>
          <line num="112" count="2" type="cond" truecount="1" falsecount="1"/>
          <line num="113" count="2" type="stmt"/>
          <line num="114" count="2" type="stmt"/>
          <line num="118" count="2" type="stmt"/>
          <line num="119" count="43" type="stmt"/>
          <line num="123" count="2" type="cond" truecount="2" falsecount="0"/>
          <line num="124" count="1" type="stmt"/>
          <line num="125" count="1" type="stmt"/>
          <line num="129" count="2" type="stmt"/>
          <line num="130" count="2" type="stmt"/>
          <line num="131" count="2" type="cond" truecount="2" falsecount="2"/>
          <line num="132" count="0" type="stmt"/>
          <line num="136" count="2" type="stmt"/>
          <line num="137" count="42" type="cond" truecount="4" falsecount="0"/>
          <line num="138" count="39" type="stmt"/>
          <line num="140" count="3" type="stmt"/>
          <line num="144" count="16" type="cond" truecount="2" falsecount="0"/>
          <line num="145" count="8" type="stmt"/>
          <line num="146" count="8" type="cond" truecount="2" falsecount="0"/>
          <line num="147" count="7" type="stmt"/>
          <line num="151" count="2" type="stmt"/>
        </file>
      </package>
      <package name="src.components.pages.headlinesLanding">
        <metrics statements="20" coveredstatements="20" conditionals="13" coveredconditionals="9" methods="3" coveredmethods="3"/>
        <file name="HeadlinesLandingPage.vue" path="C:\w3_broadcast\src\components\pages\headlinesLanding\HeadlinesLandingPage.vue">
          <metrics statements="20" coveredstatements="20" conditionals="13" coveredconditionals="9" methods="3" coveredmethods="3"/>
          <line num="19" count="1" type="stmt"/>
          <line num="20" count="1" type="stmt"/>
          <line num="21" count="1" type="stmt"/>
          <line num="22" count="1" type="stmt"/>
          <line num="23" count="1" type="stmt"/>
          <line num="24" count="1" type="stmt"/>
          <line num="26" count="1" type="stmt"/>
          <line num="28" count="1" type="stmt"/>
          <line num="29" count="1" type="stmt"/>
          <line num="31" count="6" type="cond" truecount="3" falsecount="0"/>
          <line num="36" count="1" type="stmt"/>
          <line num="37" count="1" type="cond" truecount="3" falsecount="2"/>
          <line num="38" count="1" type="cond" truecount="3" falsecount="2"/>
          <line num="39" count="6" type="stmt"/>
          <line num="40" count="6" type="stmt"/>
          <line num="42" count="1" type="stmt"/>
          <line num="43" count="3" type="stmt"/>
          <line num="66" count="1" type="stmt"/>
          <line num="67" count="3" type="stmt"/>
          <line num="72" count="1" type="stmt"/>
        </file>
      </package>
      <package name="src.components.pages.headlinesLanding.components.allHeadlinesTab">
        <metrics statements="8" coveredstatements="8" conditionals="3" coveredconditionals="3" methods="2" coveredmethods="2"/>
        <file name="AllHeadlinesTab.vue" path="C:\w3_broadcast\src\components\pages\headlinesLanding\components\allHeadlinesTab\AllHeadlinesTab.vue">
          <metrics statements="8" coveredstatements="8" conditionals="3" coveredconditionals="3" methods="2" coveredmethods="2"/>
          <line num="8" count="1" type="stmt"/>
          <line num="9" count="1" type="stmt"/>
          <line num="10" count="1" type="stmt"/>
          <line num="13" count="1" type="stmt"/>
          <line num="15" count="2" type="cond" truecount="3" falsecount="0"/>
          <line num="21" count="1" type="stmt"/>
          <line num="22" count="2" type="stmt"/>
          <line num="24" count="1" type="stmt"/>
        </file>
      </package>
      <package name="src.components.pages.headlinesLanding.components.awaitingActionTab">
        <metrics statements="8" coveredstatements="0" conditionals="3" coveredconditionals="0" methods="2" coveredmethods="0"/>
        <file name="AwaitingActionTab.vue" path="C:\w3_broadcast\src\components\pages\headlinesLanding\components\awaitingActionTab\AwaitingActionTab.vue">
          <metrics statements="8" coveredstatements="0" conditionals="3" coveredconditionals="0" methods="2" coveredmethods="0"/>
          <line num="8" count="0" type="stmt"/>
          <line num="9" count="0" type="stmt"/>
          <line num="11" count="0" type="stmt"/>
          <line num="13" count="0" type="cond" truecount="0" falsecount="3"/>
          <line num="14" count="0" type="stmt"/>
          <line num="15" count="0" type="stmt"/>
          <line num="16" count="0" type="stmt"/>
          <line num="18" count="0" type="stmt"/>
        </file>
      </package>
      <package name="src.components.pages.headlinesLanding.components.inMyChannelsTab">
        <metrics statements="8" coveredstatements="0" conditionals="3" coveredconditionals="0" methods="2" coveredmethods="0"/>
        <file name="InMyChannelsTab.vue" path="C:\w3_broadcast\src\components\pages\headlinesLanding\components\inMyChannelsTab\InMyChannelsTab.vue">
          <metrics statements="8" coveredstatements="0" conditionals="3" coveredconditionals="0" methods="2" coveredmethods="0"/>
          <line num="8" count="0" type="stmt"/>
          <line num="9" count="0" type="stmt"/>
          <line num="11" count="0" type="stmt"/>
          <line num="13" count="0" type="cond" truecount="0" falsecount="3"/>
          <line num="14" count="0" type="stmt"/>
          <line num="15" count="0" type="stmt"/>
          <line num="16" count="0" type="stmt"/>
          <line num="18" count="0" type="stmt"/>
        </file>
      </package>
      <package name="src.components.pages.headlinesLanding.components.myHeadlinesTab">
        <metrics statements="8" coveredstatements="8" conditionals="3" coveredconditionals="3" methods="2" coveredmethods="2"/>
        <file name="MyHeadlinesTab.vue" path="C:\w3_broadcast\src\components\pages\headlinesLanding\components\myHeadlinesTab\MyHeadlinesTab.vue">
          <metrics statements="8" coveredstatements="8" conditionals="3" coveredconditionals="3" methods="2" coveredmethods="2"/>
          <line num="8" count="1" type="stmt"/>
          <line num="9" count="1" type="stmt"/>
          <line num="10" count="1" type="stmt"/>
          <line num="13" count="1" type="stmt"/>
          <line num="15" count="2" type="cond" truecount="3" falsecount="0"/>
          <line num="21" count="1" type="stmt"/>
          <line num="22" count="2" type="stmt"/>
          <line num="24" count="1" type="stmt"/>
        </file>
      </package>
      <package name="src.components.pages.headlinesLanding.components.trashTab">
        <metrics statements="8" coveredstatements="0" conditionals="3" coveredconditionals="0" methods="2" coveredmethods="0"/>
        <file name="TrashTab.vue" path="C:\w3_broadcast\src\components\pages\headlinesLanding\components\trashTab\TrashTab.vue">
          <metrics statements="8" coveredstatements="0" conditionals="3" coveredconditionals="0" methods="2" coveredmethods="0"/>
          <line num="8" count="0" type="stmt"/>
          <line num="9" count="0" type="stmt"/>
          <line num="11" count="0" type="stmt"/>
          <line num="13" count="0" type="cond" truecount="0" falsecount="3"/>
          <line num="14" count="0" type="stmt"/>
          <line num="15" count="0" type="stmt"/>
          <line num="16" count="0" type="stmt"/>
          <line num="18" count="0" type="stmt"/>
        </file>
      </package>
      <package name="src.components.pages.helloWorld">
        <metrics statements="9" coveredstatements="9" conditionals="3" coveredconditionals="3" methods="2" coveredmethods="2"/>
        <file name="HelloWorld.vue" path="C:\w3_broadcast\src\components\pages\helloWorld\HelloWorld.vue">
          <metrics statements="9" coveredstatements="9" conditionals="3" coveredconditionals="3" methods="2" coveredmethods="2"/>
          <line num="43" count="1" type="stmt"/>
          <line num="44" count="1" type="stmt"/>
          <line num="46" count="1" type="stmt"/>
          <line num="48" count="2" type="cond" truecount="3" falsecount="0"/>
          <line num="49" count="2" type="stmt"/>
          <line num="50" count="2" type="stmt"/>
          <line num="51" count="2" type="stmt"/>
          <line num="52" count="2" type="stmt"/>
          <line num="53" count="1" type="stmt"/>
        </file>
      </package>
      <package name="src.components.pages.randomPage">
        <metrics statements="8" coveredstatements="0" conditionals="3" coveredconditionals="0" methods="2" coveredmethods="0"/>
        <file name="RandomPage.vue" path="C:\w3_broadcast\src\components\pages\randomPage\RandomPage.vue">
          <metrics statements="8" coveredstatements="0" conditionals="3" coveredconditionals="0" methods="2" coveredmethods="0"/>
          <line num="10" count="0" type="stmt"/>
          <line num="11" count="0" type="stmt"/>
          <line num="13" count="0" type="stmt"/>
          <line num="15" count="0" type="cond" truecount="0" falsecount="3"/>
          <line num="16" count="0" type="stmt"/>
          <line num="17" count="0" type="stmt"/>
          <line num="18" count="0" type="stmt"/>
          <line num="19" count="0" type="stmt"/>
        </file>
      </package>
      <package name="src.locale">
        <metrics statements="3" coveredstatements="3" conditionals="0" coveredconditionals="0" methods="0" coveredmethods="0"/>
        <file name="i18n.ts" path="C:\w3_broadcast\src\locale\i18n.ts">
          <metrics statements="3" coveredstatements="3" conditionals="0" coveredconditionals="0" methods="0" coveredmethods="0"/>
          <line num="5" count="26" type="stmt"/>
          <line num="7" count="26" type="stmt"/>
          <line num="9" count="26" type="stmt"/>
        </file>
      </package>
      <package name="src.stores">
        <metrics statements="14" coveredstatements="6" conditionals="0" coveredconditionals="0" methods="0" coveredmethods="0"/>
        <file name="constants.ts" path="C:\w3_broadcast\src\stores\constants.ts">
          <metrics statements="6" coveredstatements="6" conditionals="0" coveredconditionals="0" methods="0" coveredmethods="0"/>
          <line num="1" count="12" type="stmt"/>
          <line num="2" count="12" type="stmt"/>
          <line num="3" count="12" type="stmt"/>
          <line num="4" count="12" type="stmt"/>
          <line num="5" count="12" type="stmt"/>
          <line num="6" count="12" type="stmt"/>
        </file>
        <file name="index.ts" path="C:\w3_broadcast\src\stores\index.ts">
          <metrics statements="8" coveredstatements="0" conditionals="0" coveredconditionals="0" methods="0" coveredmethods="0"/>
          <line num="2" count="0" type="stmt"/>
          <line num="4" count="0" type="stmt"/>
          <line num="5" count="0" type="stmt"/>
          <line num="6" count="0" type="stmt"/>
          <line num="7" count="0" type="stmt"/>
          <line num="8" count="0" type="stmt"/>
          <line num="10" count="0" type="stmt"/>
          <line num="12" count="0" type="stmt"/>
        </file>
      </package>
      <package name="src.stores.channelsList">
        <metrics statements="35" coveredstatements="20" conditionals="12" coveredconditionals="6" methods="17" coveredmethods="8"/>
        <file name="actions.ts" path="C:\w3_broadcast\src\stores\channelsList\actions.ts">
          <metrics statements="9" coveredstatements="1" conditionals="2" coveredconditionals="0" methods="4" coveredmethods="0"/>
          <line num="5" count="1" type="stmt"/>
          <line num="6" count="0" type="stmt"/>
          <line num="7" count="0" type="stmt"/>
          <line num="8" count="0" type="cond" truecount="0" falsecount="2"/>
          <line num="9" count="0" type="stmt"/>
          <line num="13" count="0" type="stmt"/>
          <line num="14" count="0" type="stmt"/>
          <line num="15" count="0" type="stmt"/>
          <line num="16" count="0" type="stmt"/>
        </file>
        <file name="getters.ts" path="C:\w3_broadcast\src\stores\channelsList\getters.ts">
          <metrics statements="19" coveredstatements="13" conditionals="10" coveredconditionals="6" methods="10" coveredmethods="6"/>
          <line num="5" count="1" type="stmt"/>
          <line num="52" count="1" type="stmt"/>
          <line num="54" count="3" type="stmt"/>
          <line num="57" count="1" type="stmt"/>
          <line num="60" count="1" type="stmt"/>
          <line num="61" count="1" type="stmt"/>
          <line num="62" count="1" type="stmt"/>
          <line num="64" count="1" type="cond" truecount="1" falsecount="1"/>
          <line num="65" count="0" type="stmt"/>
          <line num="66" count="0" type="stmt"/>
          <line num="67" count="0" type="stmt"/>
          <line num="68" count="0" type="stmt"/>
          <line num="69" count="0" type="stmt"/>
          <line num="70" count="0" type="stmt"/>
          <line num="72" count="1" type="cond" truecount="3" falsecount="1"/>
          <line num="73" count="3" type="cond" truecount="1" falsecount="1"/>
          <line num="74" count="1" type="cond" truecount="1" falsecount="1"/>
          <line num="75" count="5" type="stmt"/>
          <line num="77" count="1" type="stmt"/>
        </file>
        <file name="index.ts" path="C:\w3_broadcast\src\stores\channelsList\index.ts">
          <metrics statements="3" coveredstatements="3" conditionals="0" coveredconditionals="0" methods="0" coveredmethods="0"/>
          <line num="8" count="1" type="stmt"/>
          <line num="16" count="1" type="stmt"/>
          <line num="18" count="1" type="stmt"/>
        </file>
        <file name="mutations.ts" path="C:\w3_broadcast\src\stores\channelsList\mutations.ts">
          <metrics statements="4" coveredstatements="3" conditionals="0" coveredconditionals="0" methods="3" coveredmethods="2"/>
          <line num="4" count="1" type="stmt"/>
          <line num="6" count="1" type="stmt"/>
          <line num="9" count="1" type="stmt"/>
          <line num="12" count="0" type="stmt"/>
        </file>
      </package>
      <package name="src.stores.config">
        <metrics statements="16" coveredstatements="15" conditionals="2" coveredconditionals="2" methods="8" coveredmethods="6"/>
        <file name="actions.ts" path="C:\w3_broadcast\src\stores\config\actions.ts">
          <metrics statements="3" coveredstatements="3" conditionals="0" coveredconditionals="0" methods="1" coveredmethods="1"/>
          <line num="5" count="4" type="stmt"/>
          <line num="6" count="1" type="stmt"/>
          <line num="7" count="1" type="stmt"/>
        </file>
        <file name="getters.ts" path="C:\w3_broadcast\src\stores\config\getters.ts">
          <metrics statements="8" coveredstatements="7" conditionals="2" coveredconditionals="2" methods="6" coveredmethods="4"/>
          <line num="6" count="4" type="stmt"/>
          <line num="8" count="2" type="stmt"/>
          <line num="11" count="0" type="stmt"/>
          <line num="14" count="2" type="stmt"/>
          <line num="15" count="2" type="stmt"/>
          <line num="16" count="2" type="cond" truecount="2" falsecount="0"/>
          <line num="17" count="1" type="stmt"/>
          <line num="19" count="1" type="stmt"/>
        </file>
        <file name="index.ts" path="C:\w3_broadcast\src\stores\config\index.ts">
          <metrics statements="3" coveredstatements="3" conditionals="0" coveredconditionals="0" methods="0" coveredmethods="0"/>
          <line num="8" count="4" type="stmt"/>
          <line num="12" count="4" type="stmt"/>
          <line num="14" count="4" type="stmt"/>
        </file>
        <file name="mutations.ts" path="C:\w3_broadcast\src\stores\config\mutations.ts">
          <metrics statements="2" coveredstatements="2" conditionals="0" coveredconditionals="0" methods="1" coveredmethods="1"/>
          <line num="4" count="4" type="stmt"/>
          <line num="6" count="2" type="stmt"/>
        </file>
      </package>
      <package name="src.stores.headline">
        <metrics statements="199" coveredstatements="139" conditionals="58" coveredconditionals="37" methods="56" coveredmethods="35"/>
        <file name="actions.ts" path="C:\w3_broadcast\src\stores\headline\actions.ts">
          <metrics statements="113" coveredstatements="74" conditionals="30" coveredconditionals="17" methods="28" coveredmethods="15"/>
          <line num="12" count="16" type="stmt"/>
          <line num="13" count="0" type="stmt"/>
          <line num="14" count="0" type="stmt"/>
          <line num="16" count="2" type="stmt"/>
          <line num="17" count="2" type="stmt"/>
          <line num="19" count="0" type="stmt"/>
          <line num="20" count="0" type="stmt"/>
          <line num="22" count="1" type="stmt"/>
          <line num="23" count="1" type="stmt"/>
          <line num="25" count="1" type="stmt"/>
          <line num="26" count="1" type="stmt"/>
          <line num="28" count="0" type="stmt"/>
          <line num="29" count="0" type="stmt"/>
          <line num="31" count="1" type="stmt"/>
          <line num="32" count="1" type="stmt"/>
          <line num="34" count="2" type="stmt"/>
          <line num="35" count="2" type="stmt"/>
          <line num="37" count="2" type="stmt"/>
          <line num="38" count="2" type="stmt"/>
          <line num="39" count="2" type="cond" truecount="3" falsecount="1"/>
          <line num="40" count="2" type="stmt"/>
          <line num="41" count="2" type="stmt"/>
          <line num="42" count="2" type="stmt"/>
          <line num="47" count="2" type="stmt"/>
          <line num="50" count="8" type="stmt"/>
          <line num="51" count="8" type="cond" truecount="1" falsecount="1"/>
          <line num="52" count="8" type="stmt"/>
          <line num="56" count="8" type="stmt"/>
          <line num="59" count="2" type="stmt"/>
          <line num="60" count="2" type="stmt"/>
          <line num="61" count="2" type="cond" truecount="2" falsecount="0"/>
          <line num="62" count="1" type="stmt"/>
          <line num="63" count="1" type="stmt"/>
          <line num="70" count="2" type="stmt"/>
          <line num="71" count="2" type="stmt"/>
          <line num="72" count="2" type="cond" truecount="2" falsecount="0"/>
          <line num="73" count="1" type="stmt"/>
          <line num="74" count="1" type="stmt"/>
          <line num="80" count="1" type="stmt"/>
          <line num="83" count="2" type="stmt"/>
          <line num="84" count="2" type="stmt"/>
          <line num="85" count="2" type="cond" truecount="1" falsecount="1"/>
          <line num="86" count="2" type="stmt"/>
          <line num="87" count="2" type="stmt"/>
          <line num="88" count="2" type="stmt"/>
          <line num="91" count="2" type="stmt"/>
          <line num="92" count="2" type="stmt"/>
          <line num="93" count="2" type="cond" truecount="1" falsecount="1"/>
          <line num="94" count="2" type="stmt"/>
          <line num="95" count="2" type="stmt"/>
          <line num="98" count="1" type="stmt"/>
          <line num="99" count="1" type="cond" truecount="1" falsecount="1"/>
          <line num="100" count="1" type="cond" truecount="1" falsecount="1"/>
          <line num="101" count="1" type="stmt"/>
          <line num="112" count="1" type="stmt"/>
          <line num="115" count="2" type="stmt"/>
          <line num="116" count="2" type="stmt"/>
          <line num="117" count="2" type="cond" truecount="2" falsecount="0"/>
          <line num="118" count="1" type="stmt"/>
          <line num="119" count="1" type="stmt"/>
          <line num="126" count="0" type="stmt"/>
          <line num="127" count="0" type="stmt"/>
          <line num="129" count="0" type="stmt"/>
          <line num="130" count="0" type="stmt"/>
          <line num="131" count="0" type="stmt"/>
          <line num="132" count="0" type="stmt"/>
          <line num="133" count="0" type="stmt"/>
          <line num="134" count="0" type="cond" truecount="0" falsecount="2"/>
          <line num="135" count="0" type="stmt"/>
          <line num="136" count="0" type="stmt"/>
          <line num="138" count="0" type="stmt"/>
          <line num="142" count="1" type="stmt"/>
          <line num="143" count="1" type="stmt"/>
          <line num="144" count="1" type="stmt"/>
          <line num="145" count="1" type="stmt"/>
          <line num="146" count="1" type="stmt"/>
          <line num="147" count="1" type="stmt"/>
          <line num="148" count="1" type="stmt"/>
          <line num="149" count="1" type="cond" truecount="1" falsecount="1"/>
          <line num="150" count="1" type="stmt"/>
          <line num="156" count="1" type="cond" truecount="1" falsecount="1"/>
          <line num="157" count="0" type="stmt"/>
          <line num="158" count="0" type="stmt"/>
          <line num="159" count="0" type="stmt"/>
          <line num="161" count="0" type="stmt"/>
          <line num="165" count="0" type="stmt"/>
          <line num="166" count="0" type="stmt"/>
          <line num="167" count="0" type="stmt"/>
          <line num="168" count="0" type="stmt"/>
          <line num="169" count="0" type="stmt"/>
          <line num="170" count="0" type="stmt"/>
          <line num="171" count="0" type="stmt"/>
          <line num="172" count="0" type="stmt"/>
          <line num="173" count="0" type="stmt"/>
          <line num="179" count="0" type="cond" truecount="0" falsecount="2"/>
          <line num="180" count="0" type="stmt"/>
          <line num="181" count="0" type="stmt"/>
          <line num="182" count="0" type="stmt"/>
          <line num="184" count="0" type="stmt"/>
          <line num="188" count="1" type="stmt"/>
          <line num="189" count="1" type="stmt"/>
          <line num="190" count="1" type="stmt"/>
          <line num="191" count="1" type="stmt"/>
          <line num="193" count="1" type="stmt"/>
          <line num="198" count="1" type="stmt"/>
          <line num="199" count="1" type="stmt"/>
          <line num="200" count="1" type="stmt"/>
          <line num="201" count="1" type="stmt"/>
          <line num="207" count="1" type="cond" truecount="1" falsecount="1"/>
          <line num="208" count="0" type="stmt"/>
          <line num="209" count="0" type="stmt"/>
          <line num="210" count="0" type="stmt"/>
          <line num="212" count="0" type="stmt"/>
        </file>
        <file name="constants.ts" path="C:\w3_broadcast\src\stores\headline\constants.ts">
          <metrics statements="14" coveredstatements="14" conditionals="2" coveredconditionals="2" methods="1" coveredmethods="1"/>
          <line num="3" count="17" type="cond" truecount="2" falsecount="0"/>
          <line num="4" count="17" type="stmt"/>
          <line num="5" count="17" type="stmt"/>
          <line num="6" count="17" type="stmt"/>
          <line num="7" count="17" type="stmt"/>
          <line num="8" count="17" type="stmt"/>
          <line num="11" count="17" type="stmt"/>
          <line num="17" count="17" type="stmt"/>
          <line num="19" count="17" type="stmt"/>
          <line num="21" count="17" type="stmt"/>
          <line num="23" count="17" type="stmt"/>
          <line num="34" count="17" type="stmt"/>
          <line num="43" count="17" type="stmt"/>
          <line num="54" count="17" type="stmt"/>
        </file>
        <file name="getters.ts" path="C:\w3_broadcast\src\stores\headline\getters.ts">
          <metrics statements="34" coveredstatements="33" conditionals="20" coveredconditionals="18" methods="8" coveredmethods="8"/>
          <line num="8" count="16" type="stmt"/>
          <line num="10" count="36" type="stmt"/>
          <line num="11" count="46" type="cond" truecount="2" falsecount="0"/>
          <line num="12" count="44" type="stmt"/>
          <line num="14" count="2" type="stmt"/>
          <line num="18" count="3" type="stmt"/>
          <line num="19" count="3" type="cond" truecount="1" falsecount="1"/>
          <line num="20" count="3" type="cond" truecount="2" falsecount="0"/>
          <line num="21" count="2" type="stmt"/>
          <line num="24" count="1" type="stmt"/>
          <line num="27" count="17" type="stmt"/>
          <line num="28" count="17" type="stmt"/>
          <line num="31" count="17" type="stmt"/>
          <line num="32" count="17" type="cond" truecount="4" falsecount="0"/>
          <line num="34" count="4" type="stmt"/>
          <line num="35" count="4" type="stmt"/>
          <line num="36" count="4" type="stmt"/>
          <line num="37" count="4" type="stmt"/>
          <line num="39" count="17" type="cond" truecount="2" falsecount="0"/>
          <line num="40" count="9" type="stmt"/>
          <line num="41" count="9" type="stmt"/>
          <line num="42" count="9" type="stmt"/>
          <line num="44" count="17" type="cond" truecount="2" falsecount="0"/>
          <line num="45" count="2" type="stmt"/>
          <line num="47" count="17" type="cond" truecount="2" falsecount="0"/>
          <line num="48" count="2" type="stmt"/>
          <line num="49" count="2" type="stmt"/>
          <line num="50" count="2" type="stmt"/>
          <line num="52" count="17" type="stmt"/>
          <line num="53" count="17" type="stmt"/>
          <line num="57" count="19" type="stmt"/>
          <line num="58" count="15" type="cond" truecount="3" falsecount="1"/>
          <line num="59" count="15" type="stmt"/>
          <line num="61" count="0" type="stmt"/>
        </file>
        <file name="index.ts" path="C:\w3_broadcast\src\stores\headline\index.ts">
          <metrics statements="3" coveredstatements="3" conditionals="0" coveredconditionals="0" methods="0" coveredmethods="0"/>
          <line num="9" count="1" type="stmt"/>
          <line num="15" count="1" type="stmt"/>
          <line num="17" count="1" type="stmt"/>
        </file>
        <file name="mutations.ts" path="C:\w3_broadcast\src\stores\headline\mutations.ts">
          <metrics statements="35" coveredstatements="15" conditionals="6" coveredconditionals="0" methods="19" coveredmethods="11"/>
          <line num="5" count="16" type="stmt"/>
          <line num="7" count="1" type="stmt"/>
          <line num="10" count="1" type="stmt"/>
          <line num="13" count="1" type="stmt"/>
          <line num="16" count="4" type="stmt"/>
          <line num="19" count="8" type="stmt"/>
          <line num="22" count="0" type="stmt"/>
          <line num="24" count="0" type="stmt"/>
          <line num="25" count="0" type="cond" truecount="0" falsecount="2"/>
          <line num="26" count="0" type="stmt"/>
          <line num="27" count="0" type="stmt"/>
          <line num="30" count="0" type="stmt"/>
          <line num="31" count="0" type="cond" truecount="0" falsecount="2"/>
          <line num="32" count="0" type="stmt"/>
          <line num="33" count="0" type="stmt"/>
          <line num="37" count="0" type="stmt"/>
          <line num="38" count="0" type="stmt"/>
          <line num="40" count="0" type="stmt"/>
          <line num="41" count="0" type="cond" truecount="0" falsecount="2"/>
          <line num="42" count="0" type="stmt"/>
          <line num="43" count="0" type="stmt"/>
          <line num="47" count="0" type="stmt"/>
          <line num="50" count="0" type="stmt"/>
          <line num="51" count="0" type="stmt"/>
          <line num="54" count="0" type="stmt"/>
          <line num="55" count="0" type="stmt"/>
          <line num="58" count="1" type="stmt"/>
          <line num="59" count="1" type="stmt"/>
          <line num="60" count="1" type="stmt"/>
          <line num="63" count="1" type="stmt"/>
          <line num="66" count="2" type="stmt"/>
          <line num="69" count="1" type="stmt"/>
          <line num="72" count="2" type="stmt"/>
          <line num="75" count="1" type="stmt"/>
          <line num="76" count="1" type="stmt"/>
        </file>
      </package>
      <package name="src.stores.headlineList">
        <metrics statements="15" coveredstatements="6" conditionals="2" coveredconditionals="0" methods="4" coveredmethods="1"/>
        <file name="actions.ts" path="C:\w3_broadcast\src\stores\headlineList\actions.ts">
          <metrics statements="10" coveredstatements="1" conditionals="2" coveredconditionals="0" methods="3" coveredmethods="0"/>
          <line num="6" count="17" type="stmt"/>
          <line num="8" count="0" type="stmt"/>
          <line num="9" count="0" type="stmt"/>
          <line num="11" count="0" type="stmt"/>
          <line num="12" count="0" type="stmt"/>
          <line num="13" count="0" type="stmt"/>
          <line num="14" count="0" type="cond" truecount="0" falsecount="2"/>
          <line num="15" count="0" type="stmt"/>
          <line num="16" count="0" type="stmt"/>
          <line num="19" count="0" type="stmt"/>
        </file>
        <file name="index.ts" path="C:\w3_broadcast\src\stores\headlineList\index.ts">
          <metrics statements="3" coveredstatements="3" conditionals="0" coveredconditionals="0" methods="0" coveredmethods="0"/>
          <line num="7" count="1" type="stmt"/>
          <line num="9" count="1" type="stmt"/>
          <line num="13" count="1" type="stmt"/>
        </file>
        <file name="mutations.ts" path="C:\w3_broadcast\src\stores\headlineList\mutations.ts">
          <metrics statements="2" coveredstatements="2" conditionals="0" coveredconditionals="0" methods="1" coveredmethods="1"/>
          <line num="4" count="17" type="stmt"/>
          <line num="6" count="1" type="stmt"/>
        </file>
      </package>
      <package name="src.stores.user">
        <metrics statements="18" coveredstatements="17" conditionals="8" coveredconditionals="6" methods="4" coveredmethods="4"/>
        <file name="actions.ts" path="C:\w3_broadcast\src\stores\user\actions.ts">
          <metrics statements="4" coveredstatements="4" conditionals="4" coveredconditionals="3" methods="1" coveredmethods="1"/>
          <line num="6" count="4" type="stmt"/>
          <line num="7" count="1" type="stmt"/>
          <line num="8" count="1" type="cond" truecount="2" falsecount="0"/>
          <line num="10" count="1" type="stmt"/>
        </file>
        <file name="constants.ts" path="C:\w3_broadcast\src\stores\user\constants.ts">
          <metrics statements="1" coveredstatements="1" conditionals="0" coveredconditionals="0" methods="0" coveredmethods="0"/>
          <line num="3" count="4" type="stmt"/>
        </file>
        <file name="getters.ts" path="C:\w3_broadcast\src\stores\user\getters.ts">
          <metrics statements="7" coveredstatements="6" conditionals="4" coveredconditionals="3" methods="2" coveredmethods="2"/>
          <line num="6" count="4" type="stmt"/>
          <line num="8" count="2" type="stmt"/>
          <line num="9" count="2" type="stmt"/>
          <line num="10" count="2" type="cond" truecount="1" falsecount="1"/>
          <line num="11" count="2" type="stmt"/>
          <line num="12" count="2" type="cond" truecount="2" falsecount="0"/>
          <line num="14" count="0" type="stmt"/>
        </file>
        <file name="index.ts" path="C:\w3_broadcast\src\stores\user\index.ts">
          <metrics statements="3" coveredstatements="3" conditionals="0" coveredconditionals="0" methods="0" coveredmethods="0"/>
          <line num="9" count="1" type="stmt"/>
          <line num="13" count="1" type="stmt"/>
          <line num="15" count="1" type="stmt"/>
        </file>
        <file name="mutations.ts" path="C:\w3_broadcast\src\stores\user\mutations.ts">
          <metrics statements="3" coveredstatements="3" conditionals="0" coveredconditionals="0" methods="1" coveredmethods="1"/>
          <line num="4" count="4" type="stmt"/>
          <line num="5" count="2" type="stmt"/>
          <line num="6" count="2" type="stmt"/>
        </file>
      </package>
      <package name="src.utils">
        <metrics statements="2" coveredstatements="2" conditionals="4" coveredconditionals="4" methods="2" coveredmethods="2"/>
        <file name="pickDeep.ts" path="C:\w3_broadcast\src\utils\pickDeep.ts">
          <metrics statements="2" coveredstatements="2" conditionals="4" coveredconditionals="4" methods="2" coveredmethods="2"/>
          <line num="9" count="18" type="stmt"/>
          <line num="10" count="38" type="cond" truecount="4" falsecount="0"/>
        </file>
      </package>
      <package name="src.utils.Encryption">
        <metrics statements="42" coveredstatements="41" conditionals="14" coveredconditionals="12" methods="11" coveredmethods="11"/>
        <file name="Encryption.ts" path="C:\w3_broadcast\src\utils\Encryption\Encryption.ts">
          <metrics statements="32" coveredstatements="32" conditionals="4" coveredconditionals="4" methods="9" coveredmethods="9"/>
          <line num="7" count="19" type="stmt"/>
          <line num="12" count="19" type="stmt"/>
          <line num="17" count="19" type="stmt"/>
          <line num="18" count="19" type="stmt"/>
          <line num="19" count="304" type="stmt"/>
          <line num="21" count="304" type="stmt"/>
          <line num="22" count="304" type="stmt"/>
          <line num="23" count="494" type="stmt"/>
          <line num="25" count="304" type="stmt"/>
          <line num="27" count="19" type="stmt"/>
          <line num="33" count="19" type="stmt"/>
          <line num="34" count="5" type="stmt"/>
          <line num="35" count="5" type="cond" truecount="2" falsecount="0"/>
          <line num="36" count="2" type="stmt"/>
          <line num="38" count="3" type="stmt"/>
          <line num="43" count="19" type="stmt"/>
          <line num="44" count="2" type="stmt"/>
          <line num="47" count="2" type="stmt"/>
          <line num="48" count="2" type="stmt"/>
          <line num="49" count="2" type="stmt"/>
          <line num="55" count="19" type="stmt"/>
          <line num="56" count="2" type="stmt"/>
          <line num="59" count="2" type="stmt"/>
          <line num="60" count="2" type="stmt"/>
          <line num="61" count="2" type="stmt"/>
          <line num="63" count="19" type="stmt"/>
          <line num="69" count="19" type="stmt"/>
          <line num="70" count="19" type="stmt"/>
          <line num="71" count="22" type="cond" truecount="2" falsecount="0"/>
          <line num="75" count="19" type="stmt"/>
          <line num="77" count="19" type="stmt"/>
          <line num="79" count="22" type="stmt"/>
        </file>
        <file name="encryptedCookieWrapper.ts" path="C:\w3_broadcast\src\utils\Encryption\encryptedCookieWrapper.ts">
          <metrics statements="10" coveredstatements="9" conditionals="10" coveredconditionals="8" methods="2" coveredmethods="2"/>
          <line num="9" count="18" type="stmt"/>
          <line num="15" count="18" type="stmt"/>
          <line num="21" count="2" type="stmt"/>
          <line num="22" count="2" type="cond" truecount="4" falsecount="0"/>
          <line num="23" count="1" type="cond" truecount="1" falsecount="1"/>
          <line num="26" count="1" type="stmt"/>
          <line num="29" count="0" type="stmt"/>
          <line num="32" count="2" type="stmt"/>
          <line num="41" count="4" type="cond" truecount="1" falsecount="1"/>
          <line num="42" count="2" type="stmt"/>
        </file>
      </package>
      <package name="src.utils.authAdapter">
        <metrics statements="15" coveredstatements="14" conditionals="12" coveredconditionals="11" methods="4" coveredmethods="4"/>
        <file name="AuthAdapter.ts" path="C:\w3_broadcast\src\utils\authAdapter\AuthAdapter.ts">
          <metrics statements="15" coveredstatements="14" conditionals="12" coveredconditionals="11" methods="4" coveredmethods="4"/>
          <line num="4" count="17" type="stmt"/>
          <line num="10" count="2" type="stmt"/>
          <line num="13" count="2" type="stmt"/>
          <line num="16" count="17" type="stmt"/>
          <line num="18" count="6" type="cond" truecount="2" falsecount="0"/>
          <line num="21" count="17" type="cond" truecount="2" falsecount="0"/>
          <line num="22" count="4" type="cond" truecount="2" falsecount="0"/>
          <line num="23" count="1" type="stmt"/>
          <line num="26" count="4" type="cond" truecount="1" falsecount="1"/>
          <line num="27" count="0" type="stmt"/>
          <line num="30" count="4" type="cond" truecount="2" falsecount="0"/>
          <line num="31" count="3" type="stmt"/>
          <line num="33" count="1" type="stmt"/>
          <line num="36" count="17" type="stmt"/>
          <line num="38" count="17" type="stmt"/>
        </file>
      </package>
      <package name="src.utils.headlineUtil">
        <metrics statements="15" coveredstatements="15" conditionals="16" coveredconditionals="14" methods="1" coveredmethods="1"/>
        <file name="headlineUtil.ts" path="C:\w3_broadcast\src\utils\headlineUtil\headlineUtil.ts">
          <metrics statements="15" coveredstatements="15" conditionals="16" coveredconditionals="14" methods="1" coveredmethods="1"/>
          <line num="5" count="24" type="stmt"/>
          <line num="6" count="24" type="cond" truecount="2" falsecount="0"/>
          <line num="7" count="3" type="stmt"/>
          <line num="9" count="21" type="cond" truecount="2" falsecount="0"/>
          <line num="10" count="9" type="stmt"/>
          <line num="11" count="9" type="cond" truecount="3" falsecount="1"/>
          <line num="12" count="9" type="cond" truecount="2" falsecount="0"/>
          <line num="13" count="3" type="stmt"/>
          <line num="14" count="6" type="cond" truecount="2" falsecount="0"/>
          <line num="15" count="3" type="stmt"/>
          <line num="16" count="3" type="cond" truecount="1" falsecount="1"/>
          <line num="17" count="3" type="stmt"/>
          <line num="21" count="12" type="cond" truecount="2" falsecount="0"/>
          <line num="22" count="3" type="stmt"/>
          <line num="24" count="9" type="stmt"/>
        </file>
      </package>
      <package name="src.utils.objectHelper">
        <metrics statements="4" coveredstatements="4" conditionals="2" coveredconditionals="2" methods="3" coveredmethods="3"/>
        <file name="objectHelper.ts" path="C:\w3_broadcast\src\utils\objectHelper\objectHelper.ts">
          <metrics statements="4" coveredstatements="4" conditionals="2" coveredconditionals="2" methods="3" coveredmethods="3"/>
          <line num="1" count="17" type="stmt"/>
          <line num="2" count="3" type="stmt"/>
          <line num="3" count="19" type="cond" truecount="2" falsecount="0"/>
          <line num="4" count="17" type="stmt"/>
        </file>
      </package>
      <package name="src.utils.parseDuration">
        <metrics statements="18" coveredstatements="18" conditionals="3" coveredconditionals="1" methods="2" coveredmethods="2"/>
        <file name="parseDuration.ts" path="C:\w3_broadcast\src\utils\parseDuration\parseDuration.ts">
          <metrics statements="18" coveredstatements="18" conditionals="3" coveredconditionals="1" methods="2" coveredmethods="2"/>
          <line num="2" count="2" type="stmt"/>
          <line num="9" count="2" type="stmt"/>
          <line num="11" count="2" type="stmt"/>
          <line num="14" count="2" type="stmt"/>
          <line num="17" count="2" type="stmt"/>
          <line num="20" count="2" type="stmt"/>
          <line num="24" count="2" type="stmt"/>
          <line num="28" count="2" type="stmt"/>
          <line num="32" count="2" type="stmt"/>
          <line num="35" count="2" type="stmt"/>
          <line num="39" count="2" type="stmt"/>
          <line num="41" count="2" type="stmt"/>
          <line num="52" count="2" type="stmt"/>
          <line num="53" count="8" type="stmt"/>
          <line num="54" count="8" type="stmt"/>
          <line num="55" count="12" type="cond" truecount="1" falsecount="2"/>
          <line num="58" count="12" type="stmt"/>
          <line num="60" count="8" type="stmt"/>
        </file>
      </package>
      <package name="src.utils.timeUtil">
        <metrics statements="30" coveredstatements="30" conditionals="16" coveredconditionals="16" methods="4" coveredmethods="4"/>
        <file name="TimeUtil.ts" path="C:\w3_broadcast\src\utils\timeUtil\TimeUtil.ts">
          <metrics statements="30" coveredstatements="30" conditionals="16" coveredconditionals="16" methods="4" coveredmethods="4"/>
          <line num="3" count="6" type="stmt"/>
          <line num="4" count="6" type="stmt"/>
          <line num="6" count="6" type="stmt"/>
          <line num="7" count="47" type="stmt"/>
          <line num="8" count="47" type="cond" truecount="2" falsecount="0"/>
          <line num="9" count="46" type="cond" truecount="2" falsecount="0"/>
          <line num="11" count="47" type="stmt"/>
          <line num="14" count="6" type="stmt"/>
          <line num="15" count="48" type="stmt"/>
          <line num="16" count="48" type="stmt"/>
          <line num="25" count="6" type="stmt"/>
          <line num="26" count="51" type="stmt"/>
          <line num="31" count="51" type="cond" truecount="2" falsecount="0"/>
          <line num="32" count="6" type="stmt"/>
          <line num="34" count="45" type="stmt"/>
          <line num="35" count="45" type="cond" truecount="2" falsecount="0"/>
          <line num="36" count="44" type="stmt"/>
          <line num="38" count="45" type="cond" truecount="2" falsecount="0"/>
          <line num="39" count="38" type="stmt"/>
          <line num="41" count="45" type="stmt"/>
          <line num="42" count="45" type="stmt"/>
          <line num="45" count="6" type="stmt"/>
          <line num="46" count="51" type="stmt"/>
          <line num="47" count="51" type="stmt"/>
          <line num="48" count="51" type="stmt"/>
          <line num="49" count="51" type="stmt"/>
          <line num="50" count="51" type="cond" truecount="2" falsecount="0"/>
          <line num="51" count="51" type="cond" truecount="2" falsecount="0"/>
          <line num="52" count="51" type="cond" truecount="2" falsecount="0"/>
          <line num="53" count="51" type="stmt"/>
        </file>
      </package>
    </metrics>
  </project>
</coverage>
