{"C:\\w3_broadcast\\src\\App.vue": {"path":"C:\\w3_broadcast\\src\\App.vue","statementMap":{"0":{"start":{"line":14,"column":0},"end":{"line":null,"column":-1}},"1":{"start":{"line":15,"column":0},"end":{"line":null,"column":-1}},"2":{"start":{"line":16,"column":0},"end":{"line":null,"column":-1}},"3":{"start":{"line":17,"column":0},"end":{"line":null,"column":-1}},"4":{"start":{"line":18,"column":0},"end":{"line":null,"column":-1}},"5":{"start":{"line":19,"column":0},"end":{"line":null,"column":-1}},"6":{"start":{"line":21,"column":0},"end":{"line":null,"column":-1}},"7":{"start":{"line":22,"column":0},"end":{"line":null,"column":-1}},"8":{"start":{"line":24,"column":0},"end":{"line":null,"column":-1}},"9":{"start":{"line":25,"column":0},"end":{"line":null,"column":-1}},"10":{"start":{"line":26,"column":0},"end":{"line":null,"column":-1}},"11":{"start":{"line":40,"column":0},"end":{"line":66,"column":0}},"12":{"start":{"line":40,"column":0},"end":{"line":null,"column":-1}},"13":{"start":{"line":28,"column":0},"end":{"line":null,"column":-1}},"14":{"start":{"line":41,"column":0},"end":{"line":null,"column":-1}},"15":{"start":{"line":49,"column":0},"end":{"line":52,"column":0}},"16":{"start":{"line":50,"column":0},"end":{"line":null,"column":-1}},"17":{"start":{"line":51,"column":0},"end":{"line":null,"column":-1}},"18":{"start":{"line":54,"column":0},"end":{"line":61,"column":0}},"19":{"start":{"line":55,"column":0},"end":{"line":null,"column":-1}},"20":{"start":{"line":56,"column":0},"end":{"line":null,"column":-1}},"21":{"start":{"line":57,"column":0},"end":{"line":null,"column":-1}},"22":{"start":{"line":58,"column":0},"end":{"line":60,"column":0}},"23":{"start":{"line":59,"column":0},"end":{"line":null,"column":-1}},"24":{"start":{"line":63,"column":0},"end":{"line":65,"column":0}},"25":{"start":{"line":64,"column":0},"end":{"line":null,"column":-1}},"26":{"start":{"line":44,"column":0},"end":{"line":null,"column":-1}},"27":{"start":{"line":45,"column":0},"end":{"line":null,"column":-1}},"28":{"start":{"line":46,"column":0},"end":{"line":null,"column":-1}},"29":{"start":{"line":47,"column":0},"end":{"line":null,"column":-1}},"30":{"start":{"line":40,"column":0},"end":{"line":28,"column":0}},"31":{"start":{"line":66,"column":0},"end":{"line":null,"column":-1}}},"fnMap":{"0":{"name":"(anonymous_9)","decl":{"start":{"line":40,"column":0},"end":{"line":null,"column":-1}},"loc":{"start":{"line":40,"column":0},"end":{"line":66,"column":0}}},"1":{"name":"App","decl":{"start":{"line":28,"column":0},"end":{"line":null,"column":-1}},"loc":{"start":{"line":28,"column":0},"end":{"line":66,"column":0}}},"2":{"name":"(anonymous_11)","decl":{"start":{"line":49,"column":0},"end":{"line":null,"column":-1}},"loc":{"start":{"line":49,"column":0},"end":{"line":52,"column":0}}},"3":{"name":"(anonymous_12)","decl":{"start":{"line":54,"column":0},"end":{"line":null,"column":-1}},"loc":{"start":{"line":54,"column":0},"end":{"line":61,"column":0}}},"4":{"name":"(anonymous_13)","decl":{"start":{"line":63,"column":0},"end":{"line":null,"column":-1}},"loc":{"start":{"line":63,"column":0},"end":{"line":65,"column":0}}}},"branchMap":{"0":{"loc":{"start":{"line":28,"column":0},"end":{"line":null,"column":-1}},"type":"binary-expr","locations":[{"start":{"line":28,"column":0},"end":{"line":null,"column":-1}},{"start":{"line":28,"column":0},"end":{"line":null,"column":-1}},{"start":{"line":28,"column":0},"end":{"line":null,"column":-1}}]},"1":{"loc":{"start":{"line":58,"column":0},"end":{"line":60,"column":0}},"type":"if","locations":[{"start":{"line":58,"column":0},"end":{"line":60,"column":0}},{"start":{"line":58,"column":0},"end":{"line":60,"column":0}}]},"2":{"loc":{"start":{"line":44,"column":0},"end":{"line":null,"column":-1}},"type":"binary-expr","locations":[{"start":{"line":44,"column":0},"end":{"line":null,"column":-1}},{"start":{"line":44,"column":0},"end":{"line":null,"column":-1}},{"start":{"line":44,"column":0},"end":{"line":null,"column":-1}}]},"3":{"loc":{"start":{"line":44,"column":0},"end":{"line":null,"column":-1}},"type":"binary-expr","locations":[{"start":{"line":44,"column":0},"end":{"line":null,"column":-1}},{"start":{"line":44,"column":0},"end":{"line":null,"column":-1}}]},"4":{"loc":{"start":{"line":46,"column":0},"end":{"line":null,"column":-1}},"type":"binary-expr","locations":[{"start":{"line":46,"column":0},"end":{"line":null,"column":-1}},{"start":{"line":46,"column":0},"end":{"line":null,"column":-1}},{"start":{"line":46,"column":0},"end":{"line":null,"column":-1}}]},"5":{"loc":{"start":{"line":46,"column":0},"end":{"line":null,"column":-1}},"type":"binary-expr","locations":[{"start":{"line":46,"column":0},"end":{"line":null,"column":-1}},{"start":{"line":46,"column":0},"end":{"line":null,"column":-1}}]}},"s":{"0":1,"1":1,"2":1,"3":1,"4":1,"5":1,"6":1,"7":1,"8":1,"9":1,"10":1,"11":1,"12":1,"13":2,"14":2,"15":1,"16":1,"17":1,"18":1,"19":1,"20":1,"21":1,"22":1,"23":0,"24":1,"25":0,"26":1,"27":1,"28":1,"29":1,"30":1,"31":1},"f":{"0":1,"1":2,"2":1,"3":1,"4":0},"b":{"0":[2,2,2],"1":[0,1],"2":[1,0,1],"3":[1,0],"4":[1,0,1],"5":[1,0]}}
,"C:\\w3_broadcast\\src\\classComponentHooks.ts": {"path":"C:\\w3_broadcast\\src\\classComponentHooks.ts","statementMap":{"0":{"start":{"line":5,"column":0},"end":{"line":null,"column":-1}}},"fnMap":{},"branchMap":{},"s":{"0":0},"f":{},"b":{}}
,"C:\\w3_broadcast\\src\\routes.ts": {"path":"C:\\w3_broadcast\\src\\routes.ts","statementMap":{"0":{"start":{"line":3,"column":0},"end":{"line":null,"column":-1}},"1":{"start":{"line":4,"column":0},"end":{"line":null,"column":-1}},"2":{"start":{"line":5,"column":0},"end":{"line":null,"column":-1}},"3":{"start":{"line":6,"column":0},"end":{"line":null,"column":-1}},"4":{"start":{"line":7,"column":0},"end":{"line":null,"column":-1}},"5":{"start":{"line":8,"column":0},"end":{"line":null,"column":-1}},"6":{"start":{"line":9,"column":0},"end":{"line":null,"column":-1}},"7":{"start":{"line":10,"column":0},"end":{"line":null,"column":-1}},"8":{"start":{"line":11,"column":0},"end":{"line":null,"column":-1}},"9":{"start":{"line":12,"column":0},"end":{"line":null,"column":-1}},"10":{"start":{"line":13,"column":0},"end":{"line":null,"column":-1}},"11":{"start":{"line":14,"column":0},"end":{"line":null,"column":-1}},"12":{"start":{"line":15,"column":0},"end":{"line":null,"column":-1}},"13":{"start":{"line":16,"column":0},"end":{"line":null,"column":-1}},"14":{"start":{"line":17,"column":0},"end":{"line":null,"column":-1}}},"fnMap":{},"branchMap":{},"s":{"0":0,"1":0,"2":0,"3":0,"4":0,"5":0,"6":0,"7":0,"8":0,"9":0,"10":0,"11":0,"12":0,"13":0,"14":0},"f":{},"b":{}}
,"C:\\w3_broadcast\\src\\components\\common\\appFooter\\AppFooter.vue": {"path":"C:\\w3_broadcast\\src\\components\\common\\appFooter\\AppFooter.vue","statementMap":{"0":{"start":{"line":24,"column":0},"end":{"line":null,"column":-1}},"1":{"start":{"line":25,"column":0},"end":{"line":null,"column":-1}},"2":{"start":{"line":27,"column":0},"end":{"line":null,"column":-1}},"3":{"start":{"line":29,"column":0},"end":{"line":32,"column":0}},"4":{"start":{"line":29,"column":0},"end":{"line":null,"column":-1}},"5":{"start":{"line":28,"column":0},"end":{"line":null,"column":-1}},"6":{"start":{"line":30,"column":0},"end":{"line":null,"column":-1}},"7":{"start":{"line":31,"column":0},"end":{"line":null,"column":-1}},"8":{"start":{"line":32,"column":0},"end":{"line":null,"column":-1}}},"fnMap":{"0":{"name":"(anonymous_8)","decl":{"start":{"line":29,"column":0},"end":{"line":null,"column":-1}},"loc":{"start":{"line":29,"column":0},"end":{"line":32,"column":0}}},"1":{"name":"AppFooter","decl":{"start":{"line":28,"column":0},"end":{"line":null,"column":-1}},"loc":{"start":{"line":28,"column":0},"end":{"line":32,"column":0}}}},"branchMap":{"0":{"loc":{"start":{"line":28,"column":0},"end":{"line":null,"column":-1}},"type":"binary-expr","locations":[{"start":{"line":28,"column":0},"end":{"line":null,"column":-1}},{"start":{"line":28,"column":0},"end":{"line":null,"column":-1}},{"start":{"line":28,"column":0},"end":{"line":null,"column":-1}}]}},"s":{"0":2,"1":2,"2":2,"3":2,"4":4,"5":6,"6":6,"7":6,"8":2},"f":{"0":2,"1":6},"b":{"0":[6,6,6]}}
,"C:\\w3_broadcast\\src\\components\\common\\banner\\Banner.vue": {"path":"C:\\w3_broadcast\\src\\components\\common\\banner\\Banner.vue","statementMap":{"0":{"start":{"line":16,"column":0},"end":{"line":null,"column":-1}},"1":{"start":{"line":17,"column":0},"end":{"line":null,"column":-1}},"2":{"start":{"line":18,"column":0},"end":{"line":null,"column":-1}},"3":{"start":{"line":19,"column":0},"end":{"line":null,"column":-1}},"4":{"start":{"line":21,"column":0},"end":{"line":null,"column":-1}},"5":{"start":{"line":22,"column":0},"end":{"line":null,"column":-1}},"6":{"start":{"line":32,"column":0},"end":{"line":51,"column":0}},"7":{"start":{"line":32,"column":0},"end":{"line":null,"column":-1}},"8":{"start":{"line":24,"column":0},"end":{"line":null,"column":-1}},"9":{"start":{"line":34,"column":0},"end":{"line":null,"column":-1}},"10":{"start":{"line":35,"column":0},"end":{"line":null,"column":-1}},"11":{"start":{"line":36,"column":0},"end":{"line":null,"column":-1}},"12":{"start":{"line":39,"column":0},"end":{"line":41,"column":0}},"13":{"start":{"line":40,"column":0},"end":{"line":null,"column":-1}},"14":{"start":{"line":43,"column":0},"end":{"line":50,"column":0}},"15":{"start":{"line":43,"column":0},"end":{"line":null,"column":-1}},"16":{"start":{"line":44,"column":0},"end":{"line":49,"column":0}},"17":{"start":{"line":45,"column":0},"end":{"line":null,"column":-1}},"18":{"start":{"line":46,"column":0},"end":{"line":48,"column":0}},"19":{"start":{"line":47,"column":0},"end":{"line":null,"column":-1}},"20":{"start":{"line":33,"column":0},"end":{"line":null,"column":-1}},"21":{"start":{"line":32,"column":0},"end":{"line":24,"column":0}},"22":{"start":{"line":51,"column":0},"end":{"line":null,"column":-1}}},"fnMap":{"0":{"name":"(anonymous_9)","decl":{"start":{"line":32,"column":0},"end":{"line":null,"column":-1}},"loc":{"start":{"line":32,"column":0},"end":{"line":51,"column":0}}},"1":{"name":"Banner","decl":{"start":{"line":24,"column":0},"end":{"line":null,"column":-1}},"loc":{"start":{"line":24,"column":0},"end":{"line":51,"column":0}}},"2":{"name":"(anonymous_11)","decl":{"start":{"line":39,"column":0},"end":{"line":null,"column":-1}},"loc":{"start":{"line":39,"column":0},"end":{"line":41,"column":0}}},"3":{"name":"(anonymous_12)","decl":{"start":{"line":43,"column":0},"end":{"line":null,"column":-1}},"loc":{"start":{"line":43,"column":0},"end":{"line":50,"column":0}}},"4":{"name":"(anonymous_13)","decl":{"start":{"line":46,"column":0},"end":{"line":null,"column":-1}},"loc":{"start":{"line":46,"column":0},"end":{"line":48,"column":0}}}},"branchMap":{"0":{"loc":{"start":{"line":24,"column":0},"end":{"line":null,"column":-1}},"type":"binary-expr","locations":[{"start":{"line":24,"column":0},"end":{"line":null,"column":-1}},{"start":{"line":24,"column":0},"end":{"line":null,"column":-1}},{"start":{"line":24,"column":0},"end":{"line":null,"column":-1}}]},"1":{"loc":{"start":{"line":44,"column":0},"end":{"line":49,"column":0}},"type":"if","locations":[{"start":{"line":44,"column":0},"end":{"line":49,"column":0}},{"start":{"line":44,"column":0},"end":{"line":49,"column":0}}]}},"s":{"0":2,"1":2,"2":2,"3":2,"4":2,"5":2,"6":2,"7":2,"8":6,"9":6,"10":6,"11":6,"12":2,"13":0,"14":2,"15":3,"16":3,"17":3,"18":3,"19":0,"20":2,"21":2,"22":2},"f":{"0":2,"1":6,"2":0,"3":3,"4":0},"b":{"0":[6,6,6],"1":[3,0]}}
,"C:\\w3_broadcast\\src\\components\\common\\captureInsideMixin\\CaptureInsideMixin.ts": {"path":"C:\\w3_broadcast\\src\\components\\common\\captureInsideMixin\\CaptureInsideMixin.ts","statementMap":{"0":{"start":{"line":19,"column":0},"end":{"line":19,"column":51}},"1":{"start":{"line":19,"column":48},"end":{"line":19,"column":51}},"2":{"start":{"line":18,"column":0},"end":{"line":149,"column":0}},"3":{"start":{"line":20,"column":12},"end":{"line":20,"column":33}},"4":{"start":{"line":22,"column":12},"end":{"line":24,"column":57}},"5":{"start":{"line":26,"column":12},"end":{"line":33,"column":6}},"6":{"start":{"line":39,"column":11},"end":{"line":41,"column":5}},"7":{"start":{"line":40,"column":8},"end":{"line":40,"column":77}},"8":{"start":{"line":47,"column":11},"end":{"line":49,"column":5}},"9":{"start":{"line":55,"column":11},"end":{"line":69,"column":5}},"10":{"start":{"line":56,"column":8},"end":{"line":58,"column":9}},"11":{"start":{"line":57,"column":12},"end":{"line":57,"column":19}},"12":{"start":{"line":59,"column":8},"end":{"line":59,"column":31}},"13":{"start":{"line":60,"column":22},"end":{"line":60,"column":90}},"14":{"start":{"line":67,"column":28},"end":{"line":67,"column":76}},"15":{"start":{"line":68,"column":8},"end":{"line":68,"column":28}},"16":{"start":{"line":75,"column":11},"end":{"line":85,"column":5}},"17":{"start":{"line":76,"column":8},"end":{"line":78,"column":9}},"18":{"start":{"line":77,"column":12},"end":{"line":77,"column":19}},"19":{"start":{"line":79,"column":8},"end":{"line":79,"column":31}},"20":{"start":{"line":80,"column":22},"end":{"line":80,"column":90}},"21":{"start":{"line":82,"column":28},"end":{"line":83,"column":55}},"22":{"start":{"line":84,"column":8},"end":{"line":84,"column":28}},"23":{"start":{"line":94,"column":11},"end":{"line":102,"column":5}},"24":{"start":{"line":95,"column":21},"end":{"line":95,"column":23}},"25":{"start":{"line":96,"column":8},"end":{"line":100,"column":11}},"26":{"start":{"line":97,"column":12},"end":{"line":99,"column":13}},"27":{"start":{"line":98,"column":16},"end":{"line":98,"column":31}},"28":{"start":{"line":101,"column":8},"end":{"line":101,"column":22}},"29":{"start":{"line":109,"column":11},"end":{"line":111,"column":5}},"30":{"start":{"line":110,"column":8},"end":{"line":110,"column":80}},"31":{"start":{"line":118,"column":11},"end":{"line":148,"column":5}},"32":{"start":{"line":119,"column":32},"end":{"line":119,"column":77}},"33":{"start":{"line":120,"column":8},"end":{"line":147,"column":9}},"34":{"start":{"line":121,"column":12},"end":{"line":146,"column":13}},"35":{"start":{"line":123,"column":16},"end":{"line":123,"column":34}},"36":{"start":{"line":124,"column":16},"end":{"line":124,"column":22}},"37":{"start":{"line":128,"column":16},"end":{"line":128,"column":37}},"38":{"start":{"line":129,"column":16},"end":{"line":129,"column":22}},"39":{"start":{"line":133,"column":16},"end":{"line":133,"column":33}},"40":{"start":{"line":134,"column":16},"end":{"line":134,"column":22}},"41":{"start":{"line":137,"column":16},"end":{"line":141,"column":17}},"42":{"start":{"line":138,"column":20},"end":{"line":138,"column":41}},"43":{"start":{"line":140,"column":20},"end":{"line":140,"column":37}},"44":{"start":{"line":142,"column":16},"end":{"line":142,"column":22}},"45":{"start":{"line":145,"column":16},"end":{"line":145,"column":22}},"46":{"start":{"line":19,"column":21},"end":{"line":149,"column":1}},"47":{"start":{"line":149,"column":0},"end":{"line":149,"column":1}}},"fnMap":{"0":{"name":"(anonymous_6)","decl":{"start":{"line":19,"column":0},"end":{"line":null,"column":-1}},"loc":{"start":{"line":19,"column":0},"end":{"line":19,"column":-1}}},"1":{"name":"CaptureInsideMixin","decl":{"start":{"line":18,"column":0},"end":{"line":null,"column":-1}},"loc":{"start":{"line":18,"column":0},"end":{"line":149,"column":1}}},"2":{"name":"(anonymous_8)","decl":{"start":{"line":39,"column":4},"end":{"line":null,"column":-1}},"loc":{"start":{"line":39,"column":4},"end":{"line":41,"column":5}}},"3":{"name":"(anonymous_9)","decl":{"start":{"line":47,"column":4},"end":{"line":47,"column":16}},"loc":{"start":{"line":47,"column":37},"end":{"line":49,"column":5}}},"4":{"name":"(anonymous_10)","decl":{"start":{"line":55,"column":4},"end":{"line":55,"column":15}},"loc":{"start":{"line":55,"column":36},"end":{"line":69,"column":5}}},"5":{"name":"(anonymous_11)","decl":{"start":{"line":75,"column":4},"end":{"line":75,"column":19}},"loc":{"start":{"line":75,"column":40},"end":{"line":85,"column":5}}},"6":{"name":"(anonymous_12)","decl":{"start":{"line":94,"column":4},"end":{"line":94,"column":33}},"loc":{"start":{"line":94,"column":79},"end":{"line":102,"column":5}}},"7":{"name":"(anonymous_13)","decl":{"start":{"line":96,"column":27},"end":{"line":96,"column":27}},"loc":{"start":{"line":96,"column":42},"end":{"line":100,"column":9}}},"8":{"name":"(anonymous_14)","decl":{"start":{"line":109,"column":4},"end":{"line":109,"column":22}},"loc":{"start":{"line":109,"column":43},"end":{"line":111,"column":5}}},"9":{"name":"(anonymous_15)","decl":{"start":{"line":118,"column":4},"end":{"line":118,"column":25}},"loc":{"start":{"line":118,"column":46},"end":{"line":148,"column":5}}}},"branchMap":{"0":{"loc":{"start":{"line":18,"column":0},"end":{"line":149,"column":0}},"type":"binary-expr","locations":[{"start":{"line":18,"column":0},"end":{"line":149,"column":0}},{"start":{"line":18,"column":0},"end":{"line":149,"column":0}},{"start":{"line":18,"column":0},"end":{"line":149,"column":0}}]},"1":{"loc":{"start":{"line":56,"column":8},"end":{"line":58,"column":9}},"type":"if","locations":[{"start":{"line":56,"column":8},"end":{"line":58,"column":9}},{"start":{"line":56,"column":8},"end":{"line":58,"column":9}}]},"2":{"loc":{"start":{"line":67,"column":28},"end":{"line":67,"column":54}},"type":"binary-expr","locations":[{"start":{"line":67,"column":28},"end":{"line":67,"column":54}},{"start":{"line":67,"column":58},"end":{"line":67,"column":76}}]},"3":{"loc":{"start":{"line":76,"column":8},"end":{"line":78,"column":9}},"type":"if","locations":[{"start":{"line":76,"column":8},"end":{"line":78,"column":9}},{"start":{"line":76,"column":8},"end":{"line":78,"column":9}}]},"4":{"loc":{"start":{"line":82,"column":28},"end":{"line":82,"column":54}},"type":"binary-expr","locations":[{"start":{"line":82,"column":28},"end":{"line":82,"column":54}},{"start":{"line":83,"column":12},"end":{"line":83,"column":55}}]},"5":{"loc":{"start":{"line":97,"column":12},"end":{"line":99,"column":13}},"type":"if","locations":[{"start":{"line":97,"column":12},"end":{"line":99,"column":13}},{"start":{"line":97,"column":12},"end":{"line":99,"column":13}}]},"6":{"loc":{"start":{"line":110,"column":15},"end":{"line":110,"column":27}},"type":"binary-expr","locations":[{"start":{"line":110,"column":15},"end":{"line":110,"column":27}},{"start":{"line":110,"column":31},"end":{"line":110,"column":44}},{"start":{"line":110,"column":48},"end":{"line":110,"column":61}},{"start":{"line":110,"column":65},"end":{"line":110,"column":79}}]},"7":{"loc":{"start":{"line":119,"column":48},"end":{"line":119,"column":59}},"type":"binary-expr","locations":[{"start":{"line":119,"column":48},"end":{"line":119,"column":59}},{"start":{"line":119,"column":63},"end":{"line":119,"column":76}}]},"8":{"loc":{"start":{"line":120,"column":8},"end":{"line":147,"column":9}},"type":"if","locations":[{"start":{"line":120,"column":8},"end":{"line":147,"column":9}},{"start":{"line":120,"column":8},"end":{"line":147,"column":9}}]},"9":{"loc":{"start":{"line":122,"column":12},"end":{"line":125,"column":13}},"type":"switch","locations":[{"start":{"line":122,"column":12},"end":{"line":125,"column":13}},{"start":{"line":126,"column":12},"end":{"line":126,"column":22}},{"start":{"line":127,"column":12},"end":{"line":130,"column":13}},{"start":{"line":131,"column":12},"end":{"line":131,"column":24}},{"start":{"line":132,"column":12},"end":{"line":135,"column":13}},{"start":{"line":136,"column":12},"end":{"line":143,"column":13}},{"start":{"line":144,"column":12},"end":{"line":145,"column":22}}]},"10":{"loc":{"start":{"line":137,"column":16},"end":{"line":141,"column":17}},"type":"if","locations":[{"start":{"line":137,"column":16},"end":{"line":141,"column":17}},{"start":{"line":137,"column":16},"end":{"line":141,"column":17}}]}},"s":{"0":5,"1":5,"2":39,"3":39,"4":39,"5":39,"6":5,"7":12,"8":5,"9":5,"10":3,"11":0,"12":3,"13":3,"14":3,"15":3,"16":5,"17":3,"18":0,"19":3,"20":3,"21":3,"22":3,"23":5,"24":17,"25":17,"26":34,"27":11,"28":17,"29":5,"30":7,"31":5,"32":7,"33":7,"34":7,"35":1,"36":1,"37":2,"38":2,"39":2,"40":2,"41":2,"42":1,"43":1,"44":2,"45":0,"46":5,"47":5},"f":{"0":5,"1":39,"2":12,"3":0,"4":3,"5":3,"6":17,"7":34,"8":7,"9":7},"b":{"0":[39,39,39],"1":[0,3],"2":[3,1],"3":[0,3],"4":[3,2],"5":[11,23],"6":[7,6,5,4],"7":[7,0],"8":[7,0],"9":[1,1,2,1,2,2,0],"10":[1,1]}}
,"C:\\w3_broadcast\\src\\components\\common\\captureInsideMixin\\__tests__\\TestingComponent.vue": {"path":"C:\\w3_broadcast\\src\\components\\common\\captureInsideMixin\\__tests__\\TestingComponent.vue","statementMap":{"0":{"start":{"line":13,"column":0},"end":{"line":null,"column":-1}},"1":{"start":{"line":14,"column":0},"end":{"line":null,"column":-1}},"2":{"start":{"line":16,"column":0},"end":{"line":null,"column":-1}},"3":{"start":{"line":25,"column":0},"end":{"line":29,"column":0}},"4":{"start":{"line":25,"column":0},"end":{"line":null,"column":-1}},"5":{"start":{"line":18,"column":0},"end":{"line":null,"column":-1}},"6":{"start":{"line":26,"column":0},"end":{"line":null,"column":-1}},"7":{"start":{"line":27,"column":0},"end":{"line":null,"column":-1}},"8":{"start":{"line":28,"column":0},"end":{"line":null,"column":-1}},"9":{"start":{"line":25,"column":0},"end":{"line":18,"column":0}},"10":{"start":{"line":29,"column":0},"end":{"line":null,"column":-1}}},"fnMap":{"0":{"name":"(anonymous_8)","decl":{"start":{"line":25,"column":0},"end":{"line":null,"column":-1}},"loc":{"start":{"line":25,"column":0},"end":{"line":29,"column":0}}},"1":{"name":"TestingComponent","decl":{"start":{"line":18,"column":0},"end":{"line":null,"column":-1}},"loc":{"start":{"line":18,"column":0},"end":{"line":29,"column":0}}},"2":{"name":"(anonymous_10)","decl":{"start":{"line":28,"column":0},"end":{"line":null,"column":-1}},"loc":{"start":{"line":28,"column":0},"end":{"line":null,"column":-1}}}},"branchMap":{"0":{"loc":{"start":{"line":18,"column":0},"end":{"line":null,"column":-1}},"type":"binary-expr","locations":[{"start":{"line":18,"column":0},"end":{"line":null,"column":-1}},{"start":{"line":18,"column":0},"end":{"line":null,"column":-1}},{"start":{"line":18,"column":0},"end":{"line":null,"column":-1}}]}},"s":{"0":1,"1":1,"2":1,"3":1,"4":1,"5":32,"6":32,"7":32,"8":1,"9":1,"10":1},"f":{"0":1,"1":32,"2":0},"b":{"0":[32,32,32]}}
,"C:\\w3_broadcast\\src\\components\\common\\dropdown\\DropdownComp.vue": {"path":"C:\\w3_broadcast\\src\\components\\common\\dropdown\\DropdownComp.vue","statementMap":{"0":{"start":{"line":34,"column":0},"end":{"line":null,"column":-1}},"1":{"start":{"line":35,"column":0},"end":{"line":null,"column":-1}},"2":{"start":{"line":36,"column":0},"end":{"line":null,"column":-1}},"3":{"start":{"line":37,"column":0},"end":{"line":null,"column":-1}},"4":{"start":{"line":41,"column":0},"end":{"line":null,"column":-1}},"5":{"start":{"line":67,"column":0},"end":{"line":117,"column":0}},"6":{"start":{"line":67,"column":0},"end":{"line":null,"column":-1}},"7":{"start":{"line":43,"column":0},"end":{"line":null,"column":-1}},"8":{"start":{"line":68,"column":0},"end":{"line":null,"column":-1}},"9":{"start":{"line":69,"column":0},"end":{"line":null,"column":-1}},"10":{"start":{"line":73,"column":0},"end":{"line":null,"column":-1}},"11":{"start":{"line":74,"column":0},"end":{"line":null,"column":-1}},"12":{"start":{"line":76,"column":0},"end":{"line":null,"column":-1}},"13":{"start":{"line":77,"column":0},"end":{"line":null,"column":-1}},"14":{"start":{"line":79,"column":0},"end":{"line":null,"column":-1}},"15":{"start":{"line":80,"column":0},"end":{"line":null,"column":-1}},"16":{"start":{"line":86,"column":0},"end":{"line":null,"column":-1}},"17":{"start":{"line":87,"column":0},"end":{"line":null,"column":-1}},"18":{"start":{"line":91,"column":0},"end":{"line":null,"column":-1}},"19":{"start":{"line":92,"column":0},"end":{"line":null,"column":-1}},"20":{"start":{"line":93,"column":0},"end":{"line":null,"column":-1}},"21":{"start":{"line":95,"column":0},"end":{"line":97,"column":0}},"22":{"start":{"line":96,"column":0},"end":{"line":null,"column":-1}},"23":{"start":{"line":98,"column":0},"end":{"line":100,"column":0}},"24":{"start":{"line":99,"column":0},"end":{"line":null,"column":-1}},"25":{"start":{"line":101,"column":0},"end":{"line":105,"column":0}},"26":{"start":{"line":102,"column":0},"end":{"line":null,"column":-1}},"27":{"start":{"line":103,"column":0},"end":{"line":null,"column":-1}},"28":{"start":{"line":104,"column":0},"end":{"line":null,"column":-1}},"29":{"start":{"line":106,"column":0},"end":{"line":110,"column":0}},"30":{"start":{"line":107,"column":0},"end":{"line":null,"column":-1}},"31":{"start":{"line":108,"column":0},"end":{"line":null,"column":-1}},"32":{"start":{"line":109,"column":0},"end":{"line":null,"column":-1}},"33":{"start":{"line":112,"column":0},"end":{"line":116,"column":0}},"34":{"start":{"line":113,"column":0},"end":{"line":null,"column":-1}},"35":{"start":{"line":114,"column":0},"end":{"line":null,"column":-1}},"36":{"start":{"line":115,"column":0},"end":{"line":null,"column":-1}},"37":{"start":{"line":67,"column":0},"end":{"line":43,"column":0}},"38":{"start":{"line":117,"column":0},"end":{"line":null,"column":-1}}},"fnMap":{"0":{"name":"(anonymous_9)","decl":{"start":{"line":67,"column":0},"end":{"line":null,"column":-1}},"loc":{"start":{"line":67,"column":0},"end":{"line":117,"column":0}}},"1":{"name":"DropdownComp","decl":{"start":{"line":43,"column":0},"end":{"line":null,"column":-1}},"loc":{"start":{"line":43,"column":0},"end":{"line":117,"column":0}}},"2":{"name":"(anonymous_15)","decl":{"start":{"line":95,"column":0},"end":{"line":null,"column":-1}},"loc":{"start":{"line":95,"column":0},"end":{"line":97,"column":0}}},"3":{"name":"(anonymous_16)","decl":{"start":{"line":98,"column":0},"end":{"line":null,"column":-1}},"loc":{"start":{"line":98,"column":0},"end":{"line":100,"column":0}}},"4":{"name":"(anonymous_17)","decl":{"start":{"line":101,"column":0},"end":{"line":null,"column":-1}},"loc":{"start":{"line":101,"column":0},"end":{"line":105,"column":0}}},"5":{"name":"(anonymous_18)","decl":{"start":{"line":106,"column":0},"end":{"line":null,"column":-1}},"loc":{"start":{"line":106,"column":0},"end":{"line":110,"column":0}}},"6":{"name":"(anonymous_19)","decl":{"start":{"line":112,"column":0},"end":{"line":null,"column":-1}},"loc":{"start":{"line":112,"column":0},"end":{"line":116,"column":0}}}},"branchMap":{"0":{"loc":{"start":{"line":43,"column":0},"end":{"line":null,"column":-1}},"type":"binary-expr","locations":[{"start":{"line":43,"column":0},"end":{"line":null,"column":-1}},{"start":{"line":43,"column":0},"end":{"line":null,"column":-1}},{"start":{"line":43,"column":0},"end":{"line":null,"column":-1}}]},"1":{"loc":{"start":{"line":77,"column":0},"end":{"line":null,"column":-1}},"type":"binary-expr","locations":[{"start":{"line":77,"column":0},"end":{"line":null,"column":-1}},{"start":{"line":77,"column":0},"end":{"line":null,"column":-1}}]}},"s":{"0":1,"1":1,"2":1,"3":1,"4":1,"5":1,"6":1,"7":12,"8":12,"9":12,"10":12,"11":12,"12":1,"13":13,"14":1,"15":6,"16":1,"17":9,"18":0,"19":0,"20":0,"21":1,"22":2,"23":1,"24":7,"25":1,"26":0,"27":0,"28":0,"29":1,"30":1,"31":1,"32":1,"33":1,"34":0,"35":0,"36":0,"37":1,"38":1},"f":{"0":1,"1":12,"2":2,"3":7,"4":0,"5":1,"6":0},"b":{"0":[12,12,12],"1":[13,11]}}
,"C:\\w3_broadcast\\src\\components\\common\\dropdown\\components\\optionsList\\OptionsList.vue": {"path":"C:\\w3_broadcast\\src\\components\\common\\dropdown\\components\\optionsList\\OptionsList.vue","statementMap":{"0":{"start":{"line":46,"column":0},"end":{"line":null,"column":-1}},"1":{"start":{"line":47,"column":0},"end":{"line":null,"column":-1}},"2":{"start":{"line":51,"column":0},"end":{"line":null,"column":-1}},"3":{"start":{"line":73,"column":0},"end":{"line":103,"column":0}},"4":{"start":{"line":73,"column":0},"end":{"line":null,"column":-1}},"5":{"start":{"line":53,"column":0},"end":{"line":null,"column":-1}},"6":{"start":{"line":74,"column":0},"end":{"line":null,"column":-1}},"7":{"start":{"line":79,"column":0},"end":{"line":null,"column":-1}},"8":{"start":{"line":81,"column":0},"end":{"line":null,"column":-1}},"9":{"start":{"line":82,"column":0},"end":{"line":null,"column":-1}},"10":{"start":{"line":84,"column":0},"end":{"line":null,"column":-1}},"11":{"start":{"line":85,"column":0},"end":{"line":null,"column":-1}},"12":{"start":{"line":88,"column":0},"end":{"line":92,"column":0}},"13":{"start":{"line":89,"column":0},"end":{"line":91,"column":0}},"14":{"start":{"line":90,"column":0},"end":{"line":null,"column":-1}},"15":{"start":{"line":93,"column":0},"end":{"line":102,"column":0}},"16":{"start":{"line":94,"column":0},"end":{"line":null,"column":-1}},"17":{"start":{"line":100,"column":0},"end":{"line":null,"column":-1}},"18":{"start":{"line":101,"column":0},"end":{"line":null,"column":-1}},"19":{"start":{"line":73,"column":0},"end":{"line":53,"column":0}},"20":{"start":{"line":103,"column":0},"end":{"line":null,"column":-1}}},"fnMap":{"0":{"name":"(anonymous_9)","decl":{"start":{"line":73,"column":0},"end":{"line":null,"column":-1}},"loc":{"start":{"line":73,"column":0},"end":{"line":103,"column":0}}},"1":{"name":"OptionsList","decl":{"start":{"line":53,"column":0},"end":{"line":null,"column":-1}},"loc":{"start":{"line":53,"column":0},"end":{"line":103,"column":0}}},"2":{"name":"(anonymous_13)","decl":{"start":{"line":88,"column":0},"end":{"line":null,"column":-1}},"loc":{"start":{"line":88,"column":0},"end":{"line":92,"column":0}}},"3":{"name":"(anonymous_14)","decl":{"start":{"line":93,"column":0},"end":{"line":null,"column":-1}},"loc":{"start":{"line":93,"column":0},"end":{"line":102,"column":0}}}},"branchMap":{"0":{"loc":{"start":{"line":53,"column":0},"end":{"line":null,"column":-1}},"type":"binary-expr","locations":[{"start":{"line":53,"column":0},"end":{"line":null,"column":-1}},{"start":{"line":53,"column":0},"end":{"line":null,"column":-1}},{"start":{"line":53,"column":0},"end":{"line":null,"column":-1}}]},"1":{"loc":{"start":{"line":82,"column":0},"end":{"line":null,"column":-1}},"type":"binary-expr","locations":[{"start":{"line":82,"column":0},"end":{"line":null,"column":-1}},{"start":{"line":82,"column":0},"end":{"line":null,"column":-1}}]},"2":{"loc":{"start":{"line":89,"column":0},"end":{"line":91,"column":0}},"type":"if","locations":[{"start":{"line":89,"column":0},"end":{"line":91,"column":0}},{"start":{"line":89,"column":0},"end":{"line":91,"column":0}}]}},"s":{"0":2,"1":2,"2":2,"3":2,"4":2,"5":6,"6":6,"7":6,"8":2,"9":3,"10":2,"11":3,"12":2,"13":1,"14":1,"15":2,"16":1,"17":1,"18":1,"19":2,"20":2},"f":{"0":2,"1":6,"2":1,"3":1},"b":{"0":[6,6,6],"1":[3,3],"2":[1,0]}}
,"C:\\w3_broadcast\\src\\components\\common\\headlineTable\\HeadlineTable.vue": {"path":"C:\\w3_broadcast\\src\\components\\common\\headlineTable\\HeadlineTable.vue","statementMap":{"0":{"start":{"line":40,"column":0},"end":{"line":null,"column":-1}},"1":{"start":{"line":41,"column":0},"end":{"line":null,"column":-1}},"2":{"start":{"line":42,"column":0},"end":{"line":null,"column":-1}},"3":{"start":{"line":43,"column":0},"end":{"line":null,"column":-1}},"4":{"start":{"line":45,"column":0},"end":{"line":null,"column":-1}},"5":{"start":{"line":46,"column":0},"end":{"line":null,"column":-1}},"6":{"start":{"line":50,"column":0},"end":{"line":null,"column":-1}},"7":{"start":{"line":51,"column":0},"end":{"line":null,"column":-1}},"8":{"start":{"line":53,"column":0},"end":{"line":null,"column":-1}},"9":{"start":{"line":60,"column":0},"end":{"line":108,"column":0}},"10":{"start":{"line":60,"column":0},"end":{"line":null,"column":-1}},"11":{"start":{"line":54,"column":0},"end":{"line":null,"column":-1}},"12":{"start":{"line":61,"column":0},"end":{"line":null,"column":-1}},"13":{"start":{"line":63,"column":0},"end":{"line":null,"column":-1}},"14":{"start":{"line":64,"column":0},"end":{"line":null,"column":-1}},"15":{"start":{"line":65,"column":0},"end":{"line":null,"column":-1}},"16":{"start":{"line":67,"column":0},"end":{"line":77,"column":0}},"17":{"start":{"line":67,"column":0},"end":{"line":null,"column":-1}},"18":{"start":{"line":68,"column":0},"end":{"line":75,"column":0}},"19":{"start":{"line":69,"column":0},"end":{"line":74,"column":0}},"20":{"start":{"line":70,"column":0},"end":{"line":72,"column":0}},"21":{"start":{"line":71,"column":0},"end":{"line":null,"column":-1}},"22":{"start":{"line":73,"column":0},"end":{"line":null,"column":-1}},"23":{"start":{"line":76,"column":0},"end":{"line":null,"column":-1}},"24":{"start":{"line":79,"column":0},"end":{"line":81,"column":0}},"25":{"start":{"line":80,"column":0},"end":{"line":null,"column":-1}},"26":{"start":{"line":83,"column":0},"end":{"line":85,"column":0}},"27":{"start":{"line":84,"column":0},"end":{"line":null,"column":-1}},"28":{"start":{"line":87,"column":0},"end":{"line":92,"column":0}},"29":{"start":{"line":88,"column":0},"end":{"line":90,"column":0}},"30":{"start":{"line":89,"column":0},"end":{"line":null,"column":-1}},"31":{"start":{"line":91,"column":0},"end":{"line":null,"column":-1}},"32":{"start":{"line":94,"column":0},"end":{"line":96,"column":0}},"33":{"start":{"line":95,"column":0},"end":{"line":null,"column":-1}},"34":{"start":{"line":98,"column":0},"end":{"line":103,"column":0}},"35":{"start":{"line":99,"column":0},"end":{"line":101,"column":0}},"36":{"start":{"line":100,"column":0},"end":{"line":null,"column":-1}},"37":{"start":{"line":102,"column":0},"end":{"line":null,"column":-1}},"38":{"start":{"line":60,"column":0},"end":{"line":54,"column":0}},"39":{"start":{"line":108,"column":0},"end":{"line":null,"column":-1}}},"fnMap":{"0":{"name":"(anonymous_8)","decl":{"start":{"line":60,"column":0},"end":{"line":null,"column":-1}},"loc":{"start":{"line":60,"column":0},"end":{"line":108,"column":0}}},"1":{"name":"HeadlineTable","decl":{"start":{"line":54,"column":0},"end":{"line":null,"column":-1}},"loc":{"start":{"line":54,"column":0},"end":{"line":108,"column":0}}},"2":{"name":"(anonymous_10)","decl":{"start":{"line":67,"column":0},"end":{"line":null,"column":-1}},"loc":{"start":{"line":67,"column":0},"end":{"line":77,"column":0}}},"3":{"name":"(anonymous_11)","decl":{"start":{"line":69,"column":0},"end":{"line":null,"column":-1}},"loc":{"start":{"line":69,"column":0},"end":{"line":74,"column":0}}},"4":{"name":"(anonymous_12)","decl":{"start":{"line":79,"column":0},"end":{"line":null,"column":-1}},"loc":{"start":{"line":79,"column":0},"end":{"line":81,"column":0}}},"5":{"name":"(anonymous_13)","decl":{"start":{"line":83,"column":0},"end":{"line":null,"column":-1}},"loc":{"start":{"line":83,"column":0},"end":{"line":85,"column":0}}},"6":{"name":"(anonymous_14)","decl":{"start":{"line":87,"column":0},"end":{"line":null,"column":-1}},"loc":{"start":{"line":87,"column":0},"end":{"line":92,"column":0}}},"7":{"name":"(anonymous_15)","decl":{"start":{"line":94,"column":0},"end":{"line":null,"column":-1}},"loc":{"start":{"line":94,"column":0},"end":{"line":96,"column":0}}},"8":{"name":"(anonymous_16)","decl":{"start":{"line":98,"column":0},"end":{"line":null,"column":-1}},"loc":{"start":{"line":98,"column":0},"end":{"line":103,"column":0}}}},"branchMap":{"0":{"loc":{"start":{"line":54,"column":0},"end":{"line":null,"column":-1}},"type":"binary-expr","locations":[{"start":{"line":54,"column":0},"end":{"line":null,"column":-1}},{"start":{"line":54,"column":0},"end":{"line":null,"column":-1}},{"start":{"line":54,"column":0},"end":{"line":null,"column":-1}}]},"1":{"loc":{"start":{"line":68,"column":0},"end":{"line":75,"column":0}},"type":"if","locations":[{"start":{"line":68,"column":0},"end":{"line":75,"column":0}},{"start":{"line":68,"column":0},"end":{"line":75,"column":0}}]},"2":{"loc":{"start":{"line":70,"column":0},"end":{"line":72,"column":0}},"type":"if","locations":[{"start":{"line":70,"column":0},"end":{"line":72,"column":0}},{"start":{"line":70,"column":0},"end":{"line":72,"column":0}}]},"3":{"loc":{"start":{"line":76,"column":0},"end":{"line":null,"column":-1}},"type":"binary-expr","locations":[{"start":{"line":76,"column":0},"end":{"line":null,"column":-1}},{"start":{"line":76,"column":0},"end":{"line":null,"column":-1}}]},"4":{"loc":{"start":{"line":80,"column":0},"end":{"line":null,"column":-1}},"type":"cond-expr","locations":[{"start":{"line":80,"column":0},"end":{"line":null,"column":-1}},{"start":{"line":80,"column":0},"end":{"line":null,"column":-1}}]},"5":{"loc":{"start":{"line":88,"column":0},"end":{"line":90,"column":0}},"type":"if","locations":[{"start":{"line":88,"column":0},"end":{"line":90,"column":0}},{"start":{"line":88,"column":0},"end":{"line":90,"column":0}}]},"6":{"loc":{"start":{"line":88,"column":0},"end":{"line":null,"column":-1}},"type":"binary-expr","locations":[{"start":{"line":88,"column":0},"end":{"line":null,"column":-1}},{"start":{"line":88,"column":0},"end":{"line":null,"column":-1}}]},"7":{"loc":{"start":{"line":99,"column":0},"end":{"line":101,"column":0}},"type":"if","locations":[{"start":{"line":99,"column":0},"end":{"line":101,"column":0}},{"start":{"line":99,"column":0},"end":{"line":101,"column":0}}]}},"s":{"0":3,"1":3,"2":3,"3":3,"4":3,"5":3,"6":3,"7":3,"8":3,"9":3,"10":3,"11":10,"12":10,"13":10,"14":10,"15":10,"16":3,"17":8,"18":8,"19":1,"20":2,"21":2,"22":0,"23":7,"24":3,"25":2,"26":3,"27":4,"28":3,"29":2,"30":2,"31":0,"32":3,"33":2,"34":3,"35":2,"36":2,"37":0,"38":3,"39":3},"f":{"0":3,"1":10,"2":8,"3":2,"4":2,"5":4,"6":2,"7":2,"8":2},"b":{"0":[10,10,10],"1":[1,7],"2":[2,0],"3":[7,3],"4":[1,1],"5":[2,0],"6":[2,2],"7":[2,0]}}
,"C:\\w3_broadcast\\src\\components\\common\\loading\\Loading.vue": {"path":"C:\\w3_broadcast\\src\\components\\common\\loading\\Loading.vue","statementMap":{"0":{"start":{"line":23,"column":0},"end":{"line":null,"column":-1}},"1":{"start":{"line":24,"column":0},"end":{"line":null,"column":-1}},"2":{"start":{"line":27,"column":0},"end":{"line":null,"column":-1}},"3":{"start":{"line":51,"column":0},"end":{"line":61,"column":0}},"4":{"start":{"line":51,"column":0},"end":{"line":null,"column":-1}},"5":{"start":{"line":29,"column":0},"end":{"line":null,"column":-1}},"6":{"start":{"line":52,"column":0},"end":{"line":null,"column":-1}},"7":{"start":{"line":53,"column":0},"end":{"line":null,"column":-1}},"8":{"start":{"line":58,"column":0},"end":{"line":null,"column":-1}},"9":{"start":{"line":59,"column":0},"end":{"line":null,"column":-1}},"10":{"start":{"line":51,"column":0},"end":{"line":29,"column":0}},"11":{"start":{"line":61,"column":0},"end":{"line":null,"column":-1}}},"fnMap":{"0":{"name":"(anonymous_8)","decl":{"start":{"line":51,"column":0},"end":{"line":null,"column":-1}},"loc":{"start":{"line":51,"column":0},"end":{"line":61,"column":0}}},"1":{"name":"Loading","decl":{"start":{"line":29,"column":0},"end":{"line":null,"column":-1}},"loc":{"start":{"line":29,"column":0},"end":{"line":61,"column":0}}}},"branchMap":{"0":{"loc":{"start":{"line":29,"column":0},"end":{"line":null,"column":-1}},"type":"binary-expr","locations":[{"start":{"line":29,"column":0},"end":{"line":null,"column":-1}},{"start":{"line":29,"column":0},"end":{"line":null,"column":-1}},{"start":{"line":29,"column":0},"end":{"line":null,"column":-1}}]},"1":{"loc":{"start":{"line":59,"column":0},"end":{"line":null,"column":-1}},"type":"binary-expr","locations":[{"start":{"line":59,"column":0},"end":{"line":null,"column":-1}},{"start":{"line":59,"column":0},"end":{"line":null,"column":-1}}]}},"s":{"0":3,"1":3,"2":3,"3":3,"4":3,"5":32,"6":32,"7":32,"8":3,"9":25,"10":3,"11":3},"f":{"0":3,"1":32},"b":{"0":[32,32,32],"1":[25,1]}}
,"C:\\w3_broadcast\\src\\components\\common\\masthead\\Masthead.vue": {"path":"C:\\w3_broadcast\\src\\components\\common\\masthead\\Masthead.vue","statementMap":{"0":{"start":{"line":39,"column":0},"end":{"line":null,"column":-1}},"1":{"start":{"line":40,"column":0},"end":{"line":null,"column":-1}},"2":{"start":{"line":41,"column":0},"end":{"line":null,"column":-1}},"3":{"start":{"line":42,"column":0},"end":{"line":null,"column":-1}},"4":{"start":{"line":43,"column":0},"end":{"line":null,"column":-1}},"5":{"start":{"line":45,"column":0},"end":{"line":null,"column":-1}},"6":{"start":{"line":60,"column":0},"end":{"line":72,"column":0}},"7":{"start":{"line":60,"column":0},"end":{"line":null,"column":-1}},"8":{"start":{"line":47,"column":0},"end":{"line":null,"column":-1}},"9":{"start":{"line":61,"column":0},"end":{"line":null,"column":-1}},"10":{"start":{"line":62,"column":0},"end":{"line":null,"column":-1}},"11":{"start":{"line":63,"column":0},"end":{"line":null,"column":-1}},"12":{"start":{"line":65,"column":0},"end":{"line":67,"column":0}},"13":{"start":{"line":66,"column":0},"end":{"line":null,"column":-1}},"14":{"start":{"line":69,"column":0},"end":{"line":71,"column":0}},"15":{"start":{"line":70,"column":0},"end":{"line":null,"column":-1}},"16":{"start":{"line":60,"column":0},"end":{"line":47,"column":0}},"17":{"start":{"line":72,"column":0},"end":{"line":null,"column":-1}}},"fnMap":{"0":{"name":"(anonymous_8)","decl":{"start":{"line":60,"column":0},"end":{"line":null,"column":-1}},"loc":{"start":{"line":60,"column":0},"end":{"line":72,"column":0}}},"1":{"name":"Masthead","decl":{"start":{"line":47,"column":0},"end":{"line":null,"column":-1}},"loc":{"start":{"line":47,"column":0},"end":{"line":72,"column":0}}},"2":{"name":"(anonymous_10)","decl":{"start":{"line":65,"column":0},"end":{"line":null,"column":-1}},"loc":{"start":{"line":65,"column":0},"end":{"line":67,"column":0}}},"3":{"name":"(anonymous_11)","decl":{"start":{"line":69,"column":0},"end":{"line":null,"column":-1}},"loc":{"start":{"line":69,"column":0},"end":{"line":71,"column":0}}}},"branchMap":{"0":{"loc":{"start":{"line":47,"column":0},"end":{"line":null,"column":-1}},"type":"binary-expr","locations":[{"start":{"line":47,"column":0},"end":{"line":null,"column":-1}},{"start":{"line":47,"column":0},"end":{"line":null,"column":-1}},{"start":{"line":47,"column":0},"end":{"line":null,"column":-1}}]}},"s":{"0":2,"1":2,"2":2,"3":2,"4":2,"5":2,"6":2,"7":2,"8":12,"9":12,"10":12,"11":12,"12":2,"13":4,"14":2,"15":1,"16":2,"17":2},"f":{"0":2,"1":12,"2":4,"3":1},"b":{"0":[12,12,12]}}
,"C:\\w3_broadcast\\src\\components\\common\\masthead\\components\\hamburgerMenu\\HamburgerMenu.vue": {"path":"C:\\w3_broadcast\\src\\components\\common\\masthead\\components\\hamburgerMenu\\HamburgerMenu.vue","statementMap":{"0":{"start":{"line":22,"column":0},"end":{"line":null,"column":-1}},"1":{"start":{"line":23,"column":0},"end":{"line":null,"column":-1}},"2":{"start":{"line":24,"column":0},"end":{"line":null,"column":-1}},"3":{"start":{"line":25,"column":0},"end":{"line":null,"column":-1}},"4":{"start":{"line":27,"column":0},"end":{"line":null,"column":-1}},"5":{"start":{"line":41,"column":0},"end":{"line":53,"column":0}},"6":{"start":{"line":41,"column":0},"end":{"line":null,"column":-1}},"7":{"start":{"line":29,"column":0},"end":{"line":null,"column":-1}},"8":{"start":{"line":42,"column":0},"end":{"line":null,"column":-1}},"9":{"start":{"line":43,"column":0},"end":{"line":null,"column":-1}},"10":{"start":{"line":46,"column":0},"end":{"line":48,"column":0}},"11":{"start":{"line":47,"column":0},"end":{"line":null,"column":-1}},"12":{"start":{"line":50,"column":0},"end":{"line":52,"column":0}},"13":{"start":{"line":51,"column":0},"end":{"line":null,"column":-1}},"14":{"start":{"line":41,"column":0},"end":{"line":29,"column":0}},"15":{"start":{"line":53,"column":0},"end":{"line":null,"column":-1}}},"fnMap":{"0":{"name":"(anonymous_8)","decl":{"start":{"line":41,"column":0},"end":{"line":null,"column":-1}},"loc":{"start":{"line":41,"column":0},"end":{"line":53,"column":0}}},"1":{"name":"HamburgerMenu","decl":{"start":{"line":29,"column":0},"end":{"line":null,"column":-1}},"loc":{"start":{"line":29,"column":0},"end":{"line":53,"column":0}}},"2":{"name":"(anonymous_10)","decl":{"start":{"line":46,"column":0},"end":{"line":null,"column":-1}},"loc":{"start":{"line":46,"column":0},"end":{"line":48,"column":0}}},"3":{"name":"(anonymous_11)","decl":{"start":{"line":50,"column":0},"end":{"line":null,"column":-1}},"loc":{"start":{"line":50,"column":0},"end":{"line":52,"column":0}}},"4":{"name":"_default","decl":{"start":{"line":33,"column":0},"end":{"line":null,"column":-1}},"loc":{"start":{"line":33,"column":0},"end":{"line":null,"column":-1}}}},"branchMap":{"0":{"loc":{"start":{"line":29,"column":0},"end":{"line":null,"column":-1}},"type":"binary-expr","locations":[{"start":{"line":29,"column":0},"end":{"line":null,"column":-1}},{"start":{"line":29,"column":0},"end":{"line":null,"column":-1}},{"start":{"line":29,"column":0},"end":{"line":null,"column":-1}}]}},"s":{"0":3,"1":3,"2":3,"3":3,"4":3,"5":3,"6":3,"7":2,"8":2,"9":2,"10":3,"11":0,"12":3,"13":0,"14":3,"15":3},"f":{"0":3,"1":2,"2":0,"3":0,"4":0},"b":{"0":[2,2,2]}}
,"C:\\w3_broadcast\\src\\components\\common\\masthead\\components\\navigationButtons\\NavigationButtons.vue": {"path":"C:\\w3_broadcast\\src\\components\\common\\masthead\\components\\navigationButtons\\NavigationButtons.vue","statementMap":{"0":{"start":{"line":16,"column":0},"end":{"line":null,"column":-1}},"1":{"start":{"line":17,"column":0},"end":{"line":null,"column":-1}},"2":{"start":{"line":19,"column":0},"end":{"line":null,"column":-1}},"3":{"start":{"line":34,"column":0},"end":{"line":62,"column":0}},"4":{"start":{"line":34,"column":0},"end":{"line":null,"column":-1}},"5":{"start":{"line":26,"column":0},"end":{"line":null,"column":-1}},"6":{"start":{"line":35,"column":0},"end":{"line":null,"column":-1}},"7":{"start":{"line":36,"column":0},"end":{"line":null,"column":-1}},"8":{"start":{"line":39,"column":0},"end":{"line":null,"column":-1}},"9":{"start":{"line":40,"column":0},"end":{"line":52,"column":0}},"10":{"start":{"line":59,"column":0},"end":{"line":61,"column":0}},"11":{"start":{"line":60,"column":0},"end":{"line":null,"column":-1}},"12":{"start":{"line":34,"column":0},"end":{"line":26,"column":0}},"13":{"start":{"line":62,"column":0},"end":{"line":null,"column":-1}}},"fnMap":{"0":{"name":"(anonymous_8)","decl":{"start":{"line":34,"column":0},"end":{"line":null,"column":-1}},"loc":{"start":{"line":34,"column":0},"end":{"line":62,"column":0}}},"1":{"name":"NavigationButtons","decl":{"start":{"line":26,"column":0},"end":{"line":null,"column":-1}},"loc":{"start":{"line":26,"column":0},"end":{"line":62,"column":0}}},"2":{"name":"(anonymous_11)","decl":{"start":{"line":59,"column":0},"end":{"line":null,"column":-1}},"loc":{"start":{"line":59,"column":0},"end":{"line":61,"column":0}}},"3":{"name":"_default","decl":{"start":{"line":30,"column":0},"end":{"line":null,"column":-1}},"loc":{"start":{"line":30,"column":0},"end":{"line":null,"column":-1}}}},"branchMap":{"0":{"loc":{"start":{"line":26,"column":0},"end":{"line":null,"column":-1}},"type":"binary-expr","locations":[{"start":{"line":26,"column":0},"end":{"line":null,"column":-1}},{"start":{"line":26,"column":0},"end":{"line":null,"column":-1}},{"start":{"line":26,"column":0},"end":{"line":null,"column":-1}}]}},"s":{"0":4,"1":4,"2":4,"3":4,"4":4,"5":6,"6":6,"7":6,"8":4,"9":4,"10":4,"11":0,"12":4,"13":4},"f":{"0":4,"1":6,"2":0,"3":0},"b":{"0":[6,6,6]}}
,"C:\\w3_broadcast\\src\\components\\common\\masthead\\components\\navigationLinks\\NavigationLinks.vue": {"path":"C:\\w3_broadcast\\src\\components\\common\\masthead\\components\\navigationLinks\\NavigationLinks.vue","statementMap":{"0":{"start":{"line":17,"column":0},"end":{"line":null,"column":-1}},"1":{"start":{"line":18,"column":0},"end":{"line":null,"column":-1}},"2":{"start":{"line":25,"column":0},"end":{"line":null,"column":-1}},"3":{"start":{"line":34,"column":0},"end":{"line":51,"column":0}},"4":{"start":{"line":34,"column":0},"end":{"line":null,"column":-1}},"5":{"start":{"line":26,"column":0},"end":{"line":null,"column":-1}},"6":{"start":{"line":35,"column":0},"end":{"line":null,"column":-1}},"7":{"start":{"line":36,"column":0},"end":{"line":null,"column":-1}},"8":{"start":{"line":39,"column":0},"end":{"line":null,"column":-1}},"9":{"start":{"line":40,"column":0},"end":{"line":46,"column":0}},"10":{"start":{"line":34,"column":0},"end":{"line":26,"column":0}},"11":{"start":{"line":51,"column":0},"end":{"line":null,"column":-1}}},"fnMap":{"0":{"name":"(anonymous_8)","decl":{"start":{"line":34,"column":0},"end":{"line":null,"column":-1}},"loc":{"start":{"line":34,"column":0},"end":{"line":51,"column":0}}},"1":{"name":"NavigationLinks","decl":{"start":{"line":26,"column":0},"end":{"line":null,"column":-1}},"loc":{"start":{"line":26,"column":0},"end":{"line":51,"column":0}}},"2":{"name":"_default","decl":{"start":{"line":30,"column":0},"end":{"line":null,"column":-1}},"loc":{"start":{"line":30,"column":0},"end":{"line":null,"column":-1}}}},"branchMap":{"0":{"loc":{"start":{"line":26,"column":0},"end":{"line":null,"column":-1}},"type":"binary-expr","locations":[{"start":{"line":26,"column":0},"end":{"line":null,"column":-1}},{"start":{"line":26,"column":0},"end":{"line":null,"column":-1}},{"start":{"line":26,"column":0},"end":{"line":null,"column":-1}}]}},"s":{"0":4,"1":4,"2":4,"3":4,"4":4,"5":4,"6":4,"7":4,"8":4,"9":2,"10":4,"11":4},"f":{"0":4,"1":4,"2":0},"b":{"0":[4,4,4]}}
,"C:\\w3_broadcast\\src\\components\\common\\tabs\\Tabs.vue": {"path":"C:\\w3_broadcast\\src\\components\\common\\tabs\\Tabs.vue","statementMap":{"0":{"start":{"line":24,"column":0},"end":{"line":null,"column":-1}},"1":{"start":{"line":25,"column":0},"end":{"line":null,"column":-1}},"2":{"start":{"line":28,"column":0},"end":{"line":null,"column":-1}},"3":{"start":{"line":29,"column":0},"end":{"line":null,"column":-1}},"4":{"start":{"line":30,"column":0},"end":{"line":null,"column":-1}},"5":{"start":{"line":31,"column":0},"end":{"line":null,"column":-1}},"6":{"start":{"line":41,"column":0},"end":{"line":90,"column":0}},"7":{"start":{"line":41,"column":0},"end":{"line":null,"column":-1}},"8":{"start":{"line":33,"column":0},"end":{"line":null,"column":-1}},"9":{"start":{"line":42,"column":0},"end":{"line":null,"column":-1}},"10":{"start":{"line":43,"column":0},"end":{"line":null,"column":-1}},"11":{"start":{"line":46,"column":0},"end":{"line":55,"column":0}},"12":{"start":{"line":47,"column":0},"end":{"line":null,"column":-1}},"13":{"start":{"line":48,"column":0},"end":{"line":54,"column":0}},"14":{"start":{"line":49,"column":0},"end":{"line":null,"column":-1}},"15":{"start":{"line":50,"column":0},"end":{"line":null,"column":-1}},"16":{"start":{"line":51,"column":0},"end":{"line":53,"column":0}},"17":{"start":{"line":52,"column":0},"end":{"line":null,"column":-1}},"18":{"start":{"line":57,"column":0},"end":{"line":61,"column":0}},"19":{"start":{"line":58,"column":0},"end":{"line":null,"column":-1}},"20":{"start":{"line":59,"column":0},"end":{"line":null,"column":-1}},"21":{"start":{"line":60,"column":0},"end":{"line":null,"column":-1}},"22":{"start":{"line":63,"column":0},"end":{"line":67,"column":0}},"23":{"start":{"line":64,"column":0},"end":{"line":66,"column":0}},"24":{"start":{"line":65,"column":0},"end":{"line":null,"column":-1}},"25":{"start":{"line":69,"column":0},"end":{"line":71,"column":0}},"26":{"start":{"line":70,"column":0},"end":{"line":null,"column":-1}},"27":{"start":{"line":73,"column":0},"end":{"line":75,"column":0}},"28":{"start":{"line":74,"column":0},"end":{"line":null,"column":-1}},"29":{"start":{"line":77,"column":0},"end":{"line":85,"column":0}},"30":{"start":{"line":78,"column":0},"end":{"line":null,"column":-1}},"31":{"start":{"line":79,"column":0},"end":{"line":83,"column":0}},"32":{"start":{"line":80,"column":0},"end":{"line":null,"column":-1}},"33":{"start":{"line":81,"column":0},"end":{"line":83,"column":0}},"34":{"start":{"line":82,"column":0},"end":{"line":null,"column":-1}},"35":{"start":{"line":84,"column":0},"end":{"line":null,"column":-1}},"36":{"start":{"line":87,"column":0},"end":{"line":89,"column":0}},"37":{"start":{"line":87,"column":0},"end":{"line":null,"column":-1}},"38":{"start":{"line":88,"column":0},"end":{"line":null,"column":-1}},"39":{"start":{"line":41,"column":0},"end":{"line":33,"column":0}},"40":{"start":{"line":90,"column":0},"end":{"line":null,"column":-1}}},"fnMap":{"0":{"name":"(anonymous_8)","decl":{"start":{"line":41,"column":0},"end":{"line":null,"column":-1}},"loc":{"start":{"line":41,"column":0},"end":{"line":90,"column":0}}},"1":{"name":"Tabs","decl":{"start":{"line":33,"column":0},"end":{"line":null,"column":-1}},"loc":{"start":{"line":33,"column":0},"end":{"line":90,"column":0}}},"2":{"name":"(anonymous_10)","decl":{"start":{"line":46,"column":0},"end":{"line":null,"column":-1}},"loc":{"start":{"line":46,"column":0},"end":{"line":55,"column":0}}},"3":{"name":"(anonymous_11)","decl":{"start":{"line":57,"column":0},"end":{"line":null,"column":-1}},"loc":{"start":{"line":57,"column":0},"end":{"line":61,"column":0}}},"4":{"name":"(anonymous_12)","decl":{"start":{"line":58,"column":0},"end":{"line":null,"column":-1}},"loc":{"start":{"line":58,"column":0},"end":{"line":null,"column":-1}}},"5":{"name":"(anonymous_13)","decl":{"start":{"line":63,"column":0},"end":{"line":null,"column":-1}},"loc":{"start":{"line":63,"column":0},"end":{"line":67,"column":0}}},"6":{"name":"(anonymous_14)","decl":{"start":{"line":69,"column":0},"end":{"line":null,"column":-1}},"loc":{"start":{"line":69,"column":0},"end":{"line":71,"column":0}}},"7":{"name":"(anonymous_15)","decl":{"start":{"line":73,"column":0},"end":{"line":null,"column":-1}},"loc":{"start":{"line":73,"column":0},"end":{"line":75,"column":0}}},"8":{"name":"(anonymous_16)","decl":{"start":{"line":77,"column":0},"end":{"line":null,"column":-1}},"loc":{"start":{"line":77,"column":0},"end":{"line":85,"column":0}}},"9":{"name":"(anonymous_17)","decl":{"start":{"line":87,"column":0},"end":{"line":null,"column":-1}},"loc":{"start":{"line":87,"column":0},"end":{"line":89,"column":0}}}},"branchMap":{"0":{"loc":{"start":{"line":33,"column":0},"end":{"line":null,"column":-1}},"type":"binary-expr","locations":[{"start":{"line":33,"column":0},"end":{"line":null,"column":-1}},{"start":{"line":33,"column":0},"end":{"line":null,"column":-1}},{"start":{"line":33,"column":0},"end":{"line":null,"column":-1}}]},"1":{"loc":{"start":{"line":48,"column":0},"end":{"line":54,"column":0}},"type":"if","locations":[{"start":{"line":48,"column":0},"end":{"line":54,"column":0}},{"start":{"line":48,"column":0},"end":{"line":54,"column":0}}]},"2":{"loc":{"start":{"line":51,"column":0},"end":{"line":53,"column":0}},"type":"if","locations":[{"start":{"line":51,"column":0},"end":{"line":53,"column":0}},{"start":{"line":51,"column":0},"end":{"line":53,"column":0}}]},"3":{"loc":{"start":{"line":64,"column":0},"end":{"line":66,"column":0}},"type":"if","locations":[{"start":{"line":64,"column":0},"end":{"line":66,"column":0}},{"start":{"line":64,"column":0},"end":{"line":66,"column":0}}]},"4":{"loc":{"start":{"line":74,"column":0},"end":{"line":null,"column":-1}},"type":"cond-expr","locations":[{"start":{"line":74,"column":0},"end":{"line":null,"column":-1}},{"start":{"line":74,"column":0},"end":{"line":null,"column":-1}}]},"5":{"loc":{"start":{"line":79,"column":0},"end":{"line":83,"column":0}},"type":"if","locations":[{"start":{"line":79,"column":0},"end":{"line":83,"column":0}},{"start":{"line":79,"column":0},"end":{"line":83,"column":0}}]},"6":{"loc":{"start":{"line":81,"column":0},"end":{"line":83,"column":0}},"type":"if","locations":[{"start":{"line":81,"column":0},"end":{"line":83,"column":0}},{"start":{"line":81,"column":0},"end":{"line":83,"column":0}}]},"7":{"loc":{"start":{"line":87,"column":0},"end":{"line":null,"column":-1}},"type":"if","locations":[{"start":{"line":87,"column":0},"end":{"line":null,"column":-1}},{"start":{"line":87,"column":0},"end":{"line":null,"column":-1}}]}},"s":{"0":3,"1":3,"2":3,"3":3,"4":3,"5":3,"6":3,"7":3,"8":56,"9":56,"10":56,"11":3,"12":0,"13":0,"14":0,"15":0,"16":0,"17":0,"18":3,"19":18,"20":5,"21":5,"22":3,"23":2,"24":1,"25":3,"26":9,"27":3,"28":9,"29":3,"30":10,"31":10,"32":4,"33":6,"34":4,"35":10,"36":3,"37":612,"38":612,"39":3,"40":3},"f":{"0":3,"1":56,"2":0,"3":5,"4":13,"5":2,"6":9,"7":9,"8":10,"9":612},"b":{"0":[56,56,56],"1":[0,0],"2":[0,0],"3":[1,1],"4":[4,5],"5":[4,6],"6":[4,2],"7":[0,612]}}
,"C:\\w3_broadcast\\src\\components\\pages\\headline\\CreateHeadline.vue": {"path":"C:\\w3_broadcast\\src\\components\\pages\\headline\\CreateHeadline.vue","statementMap":{"0":{"start":{"line":9,"column":0},"end":{"line":null,"column":-1}},"1":{"start":{"line":10,"column":0},"end":{"line":null,"column":-1}},"2":{"start":{"line":11,"column":0},"end":{"line":null,"column":-1}},"3":{"start":{"line":12,"column":0},"end":{"line":null,"column":-1}},"4":{"start":{"line":13,"column":0},"end":{"line":null,"column":-1}},"5":{"start":{"line":14,"column":0},"end":{"line":null,"column":-1}},"6":{"start":{"line":15,"column":0},"end":{"line":null,"column":-1}},"7":{"start":{"line":17,"column":0},"end":{"line":null,"column":-1}},"8":{"start":{"line":18,"column":0},"end":{"line":null,"column":-1}},"9":{"start":{"line":26,"column":0},"end":{"line":39,"column":0}},"10":{"start":{"line":26,"column":0},"end":{"line":null,"column":-1}},"11":{"start":{"line":20,"column":0},"end":{"line":null,"column":-1}},"12":{"start":{"line":30,"column":0},"end":{"line":null,"column":-1}},"13":{"start":{"line":32,"column":0},"end":{"line":null,"column":-1}},"14":{"start":{"line":33,"column":0},"end":{"line":null,"column":-1}},"15":{"start":{"line":36,"column":0},"end":{"line":38,"column":0}},"16":{"start":{"line":37,"column":0},"end":{"line":null,"column":-1}},"17":{"start":{"line":27,"column":0},"end":{"line":null,"column":-1}},"18":{"start":{"line":28,"column":0},"end":{"line":null,"column":-1}},"19":{"start":{"line":29,"column":0},"end":{"line":null,"column":-1}},"20":{"start":{"line":26,"column":0},"end":{"line":20,"column":0}},"21":{"start":{"line":39,"column":0},"end":{"line":null,"column":-1}}},"fnMap":{"0":{"name":"(anonymous_9)","decl":{"start":{"line":26,"column":0},"end":{"line":null,"column":-1}},"loc":{"start":{"line":26,"column":0},"end":{"line":39,"column":0}}},"1":{"name":"CreateHeadline","decl":{"start":{"line":20,"column":0},"end":{"line":null,"column":-1}},"loc":{"start":{"line":20,"column":0},"end":{"line":39,"column":0}}},"2":{"name":"(anonymous_12)","decl":{"start":{"line":36,"column":0},"end":{"line":null,"column":-1}},"loc":{"start":{"line":36,"column":0},"end":{"line":38,"column":0}}}},"branchMap":{"0":{"loc":{"start":{"line":20,"column":0},"end":{"line":null,"column":-1}},"type":"binary-expr","locations":[{"start":{"line":20,"column":0},"end":{"line":null,"column":-1}},{"start":{"line":20,"column":0},"end":{"line":null,"column":-1}},{"start":{"line":20,"column":0},"end":{"line":null,"column":-1}}]},"1":{"loc":{"start":{"line":27,"column":0},"end":{"line":null,"column":-1}},"type":"binary-expr","locations":[{"start":{"line":27,"column":0},"end":{"line":null,"column":-1}},{"start":{"line":27,"column":0},"end":{"line":null,"column":-1}},{"start":{"line":27,"column":0},"end":{"line":null,"column":-1}}]},"2":{"loc":{"start":{"line":27,"column":0},"end":{"line":null,"column":-1}},"type":"binary-expr","locations":[{"start":{"line":27,"column":0},"end":{"line":null,"column":-1}},{"start":{"line":27,"column":0},"end":{"line":null,"column":-1}}]},"3":{"loc":{"start":{"line":29,"column":0},"end":{"line":null,"column":-1}},"type":"binary-expr","locations":[{"start":{"line":29,"column":0},"end":{"line":null,"column":-1}},{"start":{"line":29,"column":0},"end":{"line":null,"column":-1}},{"start":{"line":29,"column":0},"end":{"line":null,"column":-1}}]},"4":{"loc":{"start":{"line":29,"column":0},"end":{"line":null,"column":-1}},"type":"binary-expr","locations":[{"start":{"line":29,"column":0},"end":{"line":null,"column":-1}},{"start":{"line":29,"column":0},"end":{"line":null,"column":-1}}]}},"s":{"0":1,"1":1,"2":1,"3":1,"4":1,"5":1,"6":1,"7":1,"8":1,"9":1,"10":1,"11":2,"12":2,"13":1,"14":1,"15":1,"16":1,"17":1,"18":1,"19":1,"20":1,"21":1},"f":{"0":1,"1":2,"2":1},"b":{"0":[2,2,2],"1":[1,0,1],"2":[1,0],"3":[1,1,0],"4":[1,1]}}
,"C:\\w3_broadcast\\src\\components\\pages\\headline\\HeadlineDetails.vue": {"path":"C:\\w3_broadcast\\src\\components\\pages\\headline\\HeadlineDetails.vue","statementMap":{"0":{"start":{"line":11,"column":0},"end":{"line":null,"column":-1}},"1":{"start":{"line":12,"column":0},"end":{"line":null,"column":-1}},"2":{"start":{"line":14,"column":0},"end":{"line":null,"column":-1}},"3":{"start":{"line":15,"column":0},"end":{"line":null,"column":-1}},"4":{"start":{"line":16,"column":0},"end":{"line":null,"column":-1}},"5":{"start":{"line":17,"column":0},"end":{"line":null,"column":-1}},"6":{"start":{"line":18,"column":0},"end":{"line":null,"column":-1}},"7":{"start":{"line":19,"column":0},"end":{"line":null,"column":-1}},"8":{"start":{"line":20,"column":0},"end":{"line":null,"column":-1}},"9":{"start":{"line":22,"column":0},"end":{"line":null,"column":-1}},"10":{"start":{"line":23,"column":0},"end":{"line":null,"column":-1}},"11":{"start":{"line":38,"column":0},"end":{"line":62,"column":0}},"12":{"start":{"line":38,"column":0},"end":{"line":null,"column":-1}},"13":{"start":{"line":25,"column":0},"end":{"line":null,"column":-1}},"14":{"start":{"line":42,"column":0},"end":{"line":null,"column":-1}},"15":{"start":{"line":45,"column":0},"end":{"line":null,"column":-1}},"16":{"start":{"line":46,"column":0},"end":{"line":null,"column":-1}},"17":{"start":{"line":51,"column":0},"end":{"line":null,"column":-1}},"18":{"start":{"line":52,"column":0},"end":{"line":null,"column":-1}},"19":{"start":{"line":55,"column":0},"end":{"line":null,"column":-1}},"20":{"start":{"line":56,"column":0},"end":{"line":null,"column":-1}},"21":{"start":{"line":59,"column":0},"end":{"line":61,"column":0}},"22":{"start":{"line":60,"column":0},"end":{"line":null,"column":-1}},"23":{"start":{"line":39,"column":0},"end":{"line":null,"column":-1}},"24":{"start":{"line":40,"column":0},"end":{"line":null,"column":-1}},"25":{"start":{"line":41,"column":0},"end":{"line":null,"column":-1}},"26":{"start":{"line":38,"column":0},"end":{"line":25,"column":0}},"27":{"start":{"line":62,"column":0},"end":{"line":null,"column":-1}}},"fnMap":{"0":{"name":"(anonymous_9)","decl":{"start":{"line":38,"column":0},"end":{"line":null,"column":-1}},"loc":{"start":{"line":38,"column":0},"end":{"line":62,"column":0}}},"1":{"name":"HeadlineDetails","decl":{"start":{"line":25,"column":0},"end":{"line":null,"column":-1}},"loc":{"start":{"line":25,"column":0},"end":{"line":62,"column":0}}},"2":{"name":"(anonymous_14)","decl":{"start":{"line":59,"column":0},"end":{"line":null,"column":-1}},"loc":{"start":{"line":59,"column":0},"end":{"line":61,"column":0}}}},"branchMap":{"0":{"loc":{"start":{"line":25,"column":0},"end":{"line":null,"column":-1}},"type":"binary-expr","locations":[{"start":{"line":25,"column":0},"end":{"line":null,"column":-1}},{"start":{"line":25,"column":0},"end":{"line":null,"column":-1}},{"start":{"line":25,"column":0},"end":{"line":null,"column":-1}}]},"1":{"loc":{"start":{"line":46,"column":0},"end":{"line":null,"column":-1}},"type":"binary-expr","locations":[{"start":{"line":46,"column":0},"end":{"line":null,"column":-1}},{"start":{"line":46,"column":0},"end":{"line":null,"column":-1}},{"start":{"line":46,"column":0},"end":{"line":null,"column":-1}}]},"2":{"loc":{"start":{"line":56,"column":0},"end":{"line":null,"column":-1}},"type":"cond-expr","locations":[{"start":{"line":56,"column":0},"end":{"line":null,"column":-1}},{"start":{"line":56,"column":0},"end":{"line":null,"column":-1}}]},"3":{"loc":{"start":{"line":39,"column":0},"end":{"line":null,"column":-1}},"type":"binary-expr","locations":[{"start":{"line":39,"column":0},"end":{"line":null,"column":-1}},{"start":{"line":39,"column":0},"end":{"line":null,"column":-1}},{"start":{"line":39,"column":0},"end":{"line":null,"column":-1}}]},"4":{"loc":{"start":{"line":39,"column":0},"end":{"line":null,"column":-1}},"type":"binary-expr","locations":[{"start":{"line":39,"column":0},"end":{"line":null,"column":-1}},{"start":{"line":39,"column":0},"end":{"line":null,"column":-1}}]},"5":{"loc":{"start":{"line":40,"column":0},"end":{"line":null,"column":-1}},"type":"binary-expr","locations":[{"start":{"line":40,"column":0},"end":{"line":null,"column":-1}},{"start":{"line":40,"column":0},"end":{"line":null,"column":-1}},{"start":{"line":40,"column":0},"end":{"line":null,"column":-1}}]},"6":{"loc":{"start":{"line":40,"column":0},"end":{"line":null,"column":-1}},"type":"binary-expr","locations":[{"start":{"line":40,"column":0},"end":{"line":null,"column":-1}},{"start":{"line":40,"column":0},"end":{"line":null,"column":-1}}]}},"s":{"0":1,"1":1,"2":1,"3":1,"4":1,"5":1,"6":1,"7":1,"8":1,"9":1,"10":1,"11":1,"12":1,"13":2,"14":2,"15":1,"16":1,"17":1,"18":1,"19":1,"20":1,"21":1,"22":1,"23":1,"24":1,"25":1,"26":1,"27":1},"f":{"0":1,"1":2,"2":1},"b":{"0":[2,2,2],"1":[1,1,1],"2":[0,1],"3":[1,0,1],"4":[1,0],"5":[1,0,1],"6":[1,0]}}
,"C:\\w3_broadcast\\src\\components\\pages\\headline\\HeadlinePage.vue": {"path":"C:\\w3_broadcast\\src\\components\\pages\\headline\\HeadlinePage.vue","statementMap":{"0":{"start":{"line":22,"column":0},"end":{"line":null,"column":-1}},"1":{"start":{"line":23,"column":0},"end":{"line":null,"column":-1}},"2":{"start":{"line":24,"column":0},"end":{"line":null,"column":-1}},"3":{"start":{"line":26,"column":0},"end":{"line":null,"column":-1}},"4":{"start":{"line":27,"column":0},"end":{"line":null,"column":-1}},"5":{"start":{"line":28,"column":0},"end":{"line":null,"column":-1}},"6":{"start":{"line":29,"column":0},"end":{"line":null,"column":-1}},"7":{"start":{"line":33,"column":0},"end":{"line":null,"column":-1}},"8":{"start":{"line":34,"column":0},"end":{"line":null,"column":-1}},"9":{"start":{"line":53,"column":0},"end":{"line":114,"column":0}},"10":{"start":{"line":53,"column":0},"end":{"line":null,"column":-1}},"11":{"start":{"line":36,"column":0},"end":{"line":null,"column":-1}},"12":{"start":{"line":57,"column":0},"end":{"line":null,"column":-1}},"13":{"start":{"line":60,"column":0},"end":{"line":null,"column":-1}},"14":{"start":{"line":62,"column":0},"end":{"line":null,"column":-1}},"15":{"start":{"line":63,"column":0},"end":{"line":null,"column":-1}},"16":{"start":{"line":66,"column":0},"end":{"line":null,"column":-1}},"17":{"start":{"line":67,"column":0},"end":{"line":null,"column":-1}},"18":{"start":{"line":71,"column":0},"end":{"line":null,"column":-1}},"19":{"start":{"line":74,"column":0},"end":{"line":null,"column":-1}},"20":{"start":{"line":75,"column":0},"end":{"line":null,"column":-1}},"21":{"start":{"line":78,"column":0},"end":{"line":null,"column":-1}},"22":{"start":{"line":79,"column":0},"end":{"line":null,"column":-1}},"23":{"start":{"line":80,"column":0},"end":{"line":null,"column":-1}},"24":{"start":{"line":83,"column":0},"end":{"line":null,"column":-1}},"25":{"start":{"line":84,"column":0},"end":{"line":108,"column":0}},"26":{"start":{"line":54,"column":0},"end":{"line":null,"column":-1}},"27":{"start":{"line":55,"column":0},"end":{"line":null,"column":-1}},"28":{"start":{"line":56,"column":0},"end":{"line":null,"column":-1}},"29":{"start":{"line":53,"column":0},"end":{"line":36,"column":0}},"30":{"start":{"line":114,"column":0},"end":{"line":null,"column":-1}}},"fnMap":{"0":{"name":"(anonymous_9)","decl":{"start":{"line":53,"column":0},"end":{"line":null,"column":-1}},"loc":{"start":{"line":53,"column":0},"end":{"line":114,"column":0}}},"1":{"name":"HeadlinePage","decl":{"start":{"line":36,"column":0},"end":{"line":null,"column":-1}},"loc":{"start":{"line":36,"column":0},"end":{"line":114,"column":0}}}},"branchMap":{"0":{"loc":{"start":{"line":36,"column":0},"end":{"line":null,"column":-1}},"type":"binary-expr","locations":[{"start":{"line":36,"column":0},"end":{"line":null,"column":-1}},{"start":{"line":36,"column":0},"end":{"line":null,"column":-1}},{"start":{"line":36,"column":0},"end":{"line":null,"column":-1}}]},"1":{"loc":{"start":{"line":67,"column":0},"end":{"line":null,"column":-1}},"type":"binary-expr","locations":[{"start":{"line":67,"column":0},"end":{"line":null,"column":-1}},{"start":{"line":67,"column":0},"end":{"line":null,"column":-1}}]},"2":{"loc":{"start":{"line":75,"column":0},"end":{"line":null,"column":-1}},"type":"cond-expr","locations":[{"start":{"line":75,"column":0},"end":{"line":null,"column":-1}},{"start":{"line":75,"column":0},"end":{"line":null,"column":-1}}]},"3":{"loc":{"start":{"line":79,"column":0},"end":{"line":null,"column":-1}},"type":"cond-expr","locations":[{"start":{"line":79,"column":0},"end":{"line":null,"column":-1}},{"start":{"line":79,"column":0},"end":{"line":null,"column":-1}}]}},"s":{"0":1,"1":1,"2":1,"3":1,"4":1,"5":1,"6":1,"7":1,"8":1,"9":1,"10":1,"11":18,"12":18,"13":18,"14":1,"15":9,"16":1,"17":0,"18":0,"19":1,"20":9,"21":1,"22":9,"23":9,"24":1,"25":9,"26":1,"27":1,"28":1,"29":1,"30":1},"f":{"0":1,"1":18},"b":{"0":[18,18,18],"1":[0,0],"2":[3,6],"3":[3,6]}}
,"C:\\w3_broadcast\\src\\components\\pages\\headline\\components\\audienceTab\\AudienceTab.vue": {"path":"C:\\w3_broadcast\\src\\components\\pages\\headline\\components\\audienceTab\\AudienceTab.vue","statementMap":{"0":{"start":{"line":8,"column":0},"end":{"line":null,"column":-1}},"1":{"start":{"line":9,"column":0},"end":{"line":null,"column":-1}},"2":{"start":{"line":11,"column":0},"end":{"line":null,"column":-1}},"3":{"start":{"line":14,"column":0},"end":{"line":18,"column":0}},"4":{"start":{"line":14,"column":0},"end":{"line":null,"column":-1}},"5":{"start":{"line":13,"column":0},"end":{"line":null,"column":-1}},"6":{"start":{"line":15,"column":0},"end":{"line":null,"column":-1}},"7":{"start":{"line":17,"column":0},"end":{"line":null,"column":-1}},"8":{"start":{"line":18,"column":0},"end":{"line":null,"column":-1}}},"fnMap":{"0":{"name":"(anonymous_8)","decl":{"start":{"line":14,"column":0},"end":{"line":null,"column":-1}},"loc":{"start":{"line":14,"column":0},"end":{"line":18,"column":0}}},"1":{"name":"AudienceTab","decl":{"start":{"line":13,"column":0},"end":{"line":null,"column":-1}},"loc":{"start":{"line":13,"column":0},"end":{"line":18,"column":0}}}},"branchMap":{"0":{"loc":{"start":{"line":13,"column":0},"end":{"line":null,"column":-1}},"type":"binary-expr","locations":[{"start":{"line":13,"column":0},"end":{"line":null,"column":-1}},{"start":{"line":13,"column":0},"end":{"line":null,"column":-1}},{"start":{"line":13,"column":0},"end":{"line":null,"column":-1}}]}},"s":{"0":0,"1":0,"2":0,"3":0,"4":0,"5":0,"6":0,"7":0,"8":0},"f":{"0":0,"1":0},"b":{"0":[0,0,0]}}
,"C:\\w3_broadcast\\src\\components\\pages\\headline\\components\\channelTab\\ChannelTab.vue": {"path":"C:\\w3_broadcast\\src\\components\\pages\\headline\\components\\channelTab\\ChannelTab.vue","statementMap":{"0":{"start":{"line":44,"column":0},"end":{"line":null,"column":-1}},"1":{"start":{"line":45,"column":0},"end":{"line":null,"column":-1}},"2":{"start":{"line":46,"column":0},"end":{"line":null,"column":-1}},"3":{"start":{"line":47,"column":0},"end":{"line":null,"column":-1}},"4":{"start":{"line":48,"column":0},"end":{"line":null,"column":-1}},"5":{"start":{"line":50,"column":0},"end":{"line":null,"column":-1}},"6":{"start":{"line":57,"column":0},"end":{"line":null,"column":-1}},"7":{"start":{"line":59,"column":0},"end":{"line":null,"column":-1}},"8":{"start":{"line":60,"column":0},"end":{"line":null,"column":-1}},"9":{"start":{"line":69,"column":0},"end":{"line":125,"column":0}},"10":{"start":{"line":69,"column":0},"end":{"line":null,"column":-1}},"11":{"start":{"line":62,"column":0},"end":{"line":null,"column":-1}},"12":{"start":{"line":70,"column":0},"end":{"line":null,"column":-1}},"13":{"start":{"line":71,"column":0},"end":{"line":null,"column":-1}},"14":{"start":{"line":72,"column":0},"end":{"line":null,"column":-1}},"15":{"start":{"line":73,"column":0},"end":{"line":null,"column":-1}},"16":{"start":{"line":79,"column":0},"end":{"line":null,"column":-1}},"17":{"start":{"line":80,"column":0},"end":{"line":null,"column":-1}},"18":{"start":{"line":82,"column":0},"end":{"line":null,"column":-1}},"19":{"start":{"line":83,"column":0},"end":{"line":null,"column":-1}},"20":{"start":{"line":92,"column":0},"end":{"line":null,"column":-1}},"21":{"start":{"line":93,"column":0},"end":{"line":98,"column":0}},"22":{"start":{"line":104,"column":0},"end":{"line":null,"column":-1}},"23":{"start":{"line":105,"column":0},"end":{"line":null,"column":-1}},"24":{"start":{"line":107,"column":0},"end":{"line":115,"column":0}},"25":{"start":{"line":109,"column":0},"end":{"line":113,"column":0}},"26":{"start":{"line":110,"column":0},"end":{"line":null,"column":-1}},"27":{"start":{"line":111,"column":0},"end":{"line":113,"column":0}},"28":{"start":{"line":112,"column":0},"end":{"line":null,"column":-1}},"29":{"start":{"line":114,"column":0},"end":{"line":null,"column":-1}},"30":{"start":{"line":116,"column":0},"end":{"line":121,"column":0}},"31":{"start":{"line":117,"column":0},"end":{"line":120,"column":0}},"32":{"start":{"line":118,"column":0},"end":{"line":null,"column":-1}},"33":{"start":{"line":119,"column":0},"end":{"line":null,"column":-1}},"34":{"start":{"line":122,"column":0},"end":{"line":124,"column":0}},"35":{"start":{"line":123,"column":0},"end":{"line":null,"column":-1}},"36":{"start":{"line":74,"column":0},"end":{"line":null,"column":-1}},"37":{"start":{"line":75,"column":0},"end":{"line":null,"column":-1}},"38":{"start":{"line":76,"column":0},"end":{"line":null,"column":-1}},"39":{"start":{"line":77,"column":0},"end":{"line":null,"column":-1}},"40":{"start":{"line":69,"column":0},"end":{"line":62,"column":0}},"41":{"start":{"line":125,"column":0},"end":{"line":null,"column":-1}}},"fnMap":{"0":{"name":"(anonymous_10)","decl":{"start":{"line":69,"column":0},"end":{"line":null,"column":-1}},"loc":{"start":{"line":69,"column":0},"end":{"line":125,"column":0}}},"1":{"name":"ChannelTab","decl":{"start":{"line":62,"column":0},"end":{"line":null,"column":-1}},"loc":{"start":{"line":62,"column":0},"end":{"line":125,"column":0}}},"2":{"name":"(anonymous_16)","decl":{"start":{"line":107,"column":0},"end":{"line":null,"column":-1}},"loc":{"start":{"line":107,"column":0},"end":{"line":115,"column":0}}},"3":{"name":"(anonymous_17)","decl":{"start":{"line":116,"column":0},"end":{"line":null,"column":-1}},"loc":{"start":{"line":116,"column":0},"end":{"line":121,"column":0}}},"4":{"name":"(anonymous_18)","decl":{"start":{"line":122,"column":0},"end":{"line":null,"column":-1}},"loc":{"start":{"line":122,"column":0},"end":{"line":124,"column":0}}}},"branchMap":{"0":{"loc":{"start":{"line":62,"column":0},"end":{"line":null,"column":-1}},"type":"binary-expr","locations":[{"start":{"line":62,"column":0},"end":{"line":null,"column":-1}},{"start":{"line":62,"column":0},"end":{"line":null,"column":-1}},{"start":{"line":62,"column":0},"end":{"line":null,"column":-1}}]},"1":{"loc":{"start":{"line":109,"column":0},"end":{"line":113,"column":0}},"type":"if","locations":[{"start":{"line":109,"column":0},"end":{"line":113,"column":0}},{"start":{"line":109,"column":0},"end":{"line":113,"column":0}}]},"2":{"loc":{"start":{"line":111,"column":0},"end":{"line":113,"column":0}},"type":"if","locations":[{"start":{"line":111,"column":0},"end":{"line":113,"column":0}},{"start":{"line":111,"column":0},"end":{"line":113,"column":0}}]},"3":{"loc":{"start":{"line":117,"column":0},"end":{"line":120,"column":0}},"type":"if","locations":[{"start":{"line":117,"column":0},"end":{"line":120,"column":0}},{"start":{"line":117,"column":0},"end":{"line":120,"column":0}}]},"4":{"loc":{"start":{"line":77,"column":0},"end":{"line":null,"column":-1}},"type":"binary-expr","locations":[{"start":{"line":77,"column":0},"end":{"line":null,"column":-1}},{"start":{"line":77,"column":0},"end":{"line":null,"column":-1}},{"start":{"line":77,"column":0},"end":{"line":null,"column":-1}}]},"5":{"loc":{"start":{"line":77,"column":0},"end":{"line":null,"column":-1}},"type":"binary-expr","locations":[{"start":{"line":77,"column":0},"end":{"line":null,"column":-1}},{"start":{"line":77,"column":0},"end":{"line":null,"column":-1}}]}},"s":{"0":0,"1":0,"2":0,"3":0,"4":0,"5":0,"6":0,"7":0,"8":0,"9":0,"10":0,"11":0,"12":0,"13":0,"14":0,"15":0,"16":0,"17":0,"18":0,"19":0,"20":0,"21":0,"22":0,"23":0,"24":0,"25":0,"26":0,"27":0,"28":0,"29":0,"30":0,"31":0,"32":0,"33":0,"34":0,"35":0,"36":0,"37":0,"38":0,"39":0,"40":0,"41":0},"f":{"0":0,"1":0,"2":0,"3":0,"4":0},"b":{"0":[0,0,0],"1":[0,0],"2":[0,0],"3":[0,0],"4":[0,0,0],"5":[0,0]}}
,"C:\\w3_broadcast\\src\\components\\pages\\headline\\components\\channelTab\\__tests__\\ChannelTab.specs.ts": {"path":"C:\\w3_broadcast\\src\\components\\pages\\headline\\components\\channelTab\\__tests__\\ChannelTab.specs.ts","statementMap":{"0":{"start":{"line":1,"column":0},"end":{"line":null,"column":-1}},"1":{"start":{"line":2,"column":0},"end":{"line":null,"column":-1}},"2":{"start":{"line":3,"column":0},"end":{"line":null,"column":-1}},"3":{"start":{"line":4,"column":0},"end":{"line":null,"column":-1}},"4":{"start":{"line":5,"column":0},"end":{"line":null,"column":-1}},"5":{"start":{"line":6,"column":0},"end":{"line":null,"column":-1}},"6":{"start":{"line":8,"column":0},"end":{"line":null,"column":-1}},"7":{"start":{"line":9,"column":4},"end":{"line":null,"column":-1}},"8":{"start":{"line":10,"column":8},"end":{"line":null,"column":-1}},"9":{"start":{"line":11,"column":49},"end":{"line":11,"column":12}},"10":{"start":{"line":14,"column":39},"end":{"line":14,"column":12}},"11":{"start":{"line":15,"column":12},"end":{"line":null,"column":-1}},"12":{"start":{"line":16,"column":16},"end":{"line":16,"column":25}},"13":{"start":{"line":16,"column":25},"end":{"line":null,"column":-1}},"14":{"start":{"line":17,"column":16},"end":{"line":null,"column":-1}},"15":{"start":{"line":22,"column":4},"end":{"line":null,"column":-1}},"16":{"start":{"line":23,"column":45},"end":{"line":23,"column":8}},"17":{"start":{"line":26,"column":8},"end":{"line":null,"column":-1}},"18":{"start":{"line":27,"column":8},"end":{"line":null,"column":-1}},"19":{"start":{"line":28,"column":8},"end":{"line":null,"column":-1}},"20":{"start":{"line":30,"column":8},"end":{"line":null,"column":-1}},"21":{"start":{"line":31,"column":8},"end":{"line":null,"column":-1}},"22":{"start":{"line":32,"column":8},"end":{"line":null,"column":-1}},"23":{"start":{"line":33,"column":8},"end":{"line":null,"column":-1}},"24":{"start":{"line":34,"column":8},"end":{"line":null,"column":-1}},"25":{"start":{"line":35,"column":8},"end":{"line":null,"column":-1}},"26":{"start":{"line":37,"column":4},"end":{"line":null,"column":-1}},"27":{"start":{"line":38,"column":45},"end":{"line":38,"column":8}},"28":{"start":{"line":41,"column":8},"end":{"line":null,"column":-1}},"29":{"start":{"line":42,"column":8},"end":{"line":null,"column":-1}},"30":{"start":{"line":44,"column":4},"end":{"line":null,"column":-1}},"31":{"start":{"line":45,"column":45},"end":{"line":45,"column":8}},"32":{"start":{"line":48,"column":8},"end":{"line":null,"column":-1}},"33":{"start":{"line":49,"column":12},"end":{"line":null,"column":-1}},"34":{"start":{"line":51,"column":8},"end":{"line":null,"column":-1}},"35":{"start":{"line":52,"column":12},"end":{"line":null,"column":-1}},"36":{"start":{"line":55,"column":12},"end":{"line":null,"column":-1}},"37":{"start":{"line":56,"column":12},"end":{"line":null,"column":-1}},"38":{"start":{"line":57,"column":12},"end":{"line":null,"column":-1}},"39":{"start":{"line":60,"column":4},"end":{"line":null,"column":-1}},"40":{"start":{"line":61,"column":45},"end":{"line":61,"column":8}},"41":{"start":{"line":64,"column":32},"end":{"line":64,"column":8}},"42":{"start":{"line":67,"column":8},"end":{"line":null,"column":-1}},"43":{"start":{"line":68,"column":8},"end":{"line":null,"column":-1}},"44":{"start":{"line":69,"column":8},"end":{"line":
[...]
,"C:\\w3_broadcast\\src\\utils\\Encryption\\encryptedCookieWrapper.ts": {"path":"C:\\w3_broadcast\\src\\utils\\Encryption\\encryptedCookieWrapper.ts","statementMap":{"0":{"start":{"line":9,"column":22},"end":{"line":9,"column":40}},"1":{"start":{"line":15,"column":22},"end":{"line":46,"column":1}},"2":{"start":{"line":21,"column":23},"end":{"line":21,"column":45}},"3":{"start":{"line":22,"column":8},"end":{"line":31,"column":9}},"4":{"start":{"line":23,"column":12},"end":{"line":30,"column":13}},"5":{"start":{"line":26,"column":16},"end":{"line":26,"column":58}},"6":{"start":{"line":29,"column":16},"end":{"line":29,"column":36}},"7":{"start":{"line":32,"column":8},"end":{"line":32,"column":19}},"8":{"start":{"line":41,"column":37},"end":{"line":41,"column":57}},"9":{"start":{"line":42,"column":8},"end":{"line":44,"column":48}}},"fnMap":{"0":{"name":"(anonymous_0)","decl":{"start":{"line":20,"column":4},"end":{"line":20,"column":7}},"loc":{"start":{"line":20,"column":20},"end":{"line":33,"column":5}}},"1":{"name":"(anonymous_1)","decl":{"start":{"line":41,"column":4},"end":{"line":41,"column":7}},"loc":{"start":{"line":41,"column":57},"end":{"line":45,"column":5}}}},"branchMap":{"0":{"loc":{"start":{"line":22,"column":8},"end":{"line":31,"column":9}},"type":"if","locations":[{"start":{"line":22,"column":8},"end":{"line":31,"column":9}},{"start":{"line":22,"column":8},"end":{"line":31,"column":9}}]},"1":{"loc":{"start":{"line":22,"column":12},"end":{"line":22,"column":15}},"type":"binary-expr","locations":[{"start":{"line":22,"column":12},"end":{"line":22,"column":15}},{"start":{"line":22,"column":19},"end":{"line":22,"column":51}}]},"2":{"loc":{"start":{"line":23,"column":12},"end":{"line":30,"column":13}},"type":"if","locations":[{"start":{"line":23,"column":12},"end":{"line":30,"column":13}},{"start":{"line":23,"column":12},"end":{"line":30,"column":13}}]},"3":{"loc":{"start":{"line":41,"column":37},"end":{"line":41,"column":57}},"type":"if","locations":[{"start":{"line":41,"column":37},"end":{"line":41,"column":57}},{"start":{"line":41,"column":37},"end":{"line":41,"column":57}}]},"4":{"loc":{"start":{"line":43,"column":12},"end":{"line":43,"column":82}},"type":"cond-expr","locations":[{"start":{"line":43,"column":12},"end":{"line":43,"column":82}},{"start":{"line":44,"column":12},"end":{"line":44,"column":46}}]}},"s":{"0":18,"1":18,"2":2,"3":2,"4":1,"5":1,"6":0,"7":2,"8":4,"9":2},"f":{"0":2,"1":2},"b":{"0":[1,1],"1":[2,2],"2":[1,0],"3":[2,0],"4":[1,1]}}
,"C:\\w3_broadcast\\src\\utils\\authAdapter\\AuthAdapter.ts": {"path":"C:\\w3_broadcast\\src\\utils\\authAdapter\\AuthAdapter.ts","statementMap":{"0":{"start":{"line":4,"column":0},"end":{"line":36,"column":0}},"1":{"start":{"line":10,"column":30},"end":{"line":12,"column":17}},"2":{"start":{"line":13,"column":8},"end":{"line":13,"column":85}},"3":{"start":{"line":16,"column":18},"end":{"line":19,"column":5}},"4":{"start":{"line":18,"column":8},"end":{"line":18,"column":92}},"5":{"start":{"line":21,"column":18},"end":{"line":35,"column":5}},"6":{"start":{"line":21,"column":48},"end":{"line":21,"column":68}},"7":{"start":{"line":22,"column":8},"end":{"line":24,"column":9}},"8":{"start":{"line":23,"column":12},"end":{"line":23,"column":71}},"9":{"start":{"line":26,"column":8},"end":{"line":28,"column":9}},"10":{"start":{"line":27,"column":12},"end":{"line":27,"column":19}},"11":{"start":{"line":30,"column":8},"end":{"line":34,"column":9}},"12":{"start":{"line":31,"column":12},"end":{"line":31,"column":93}},"13":{"start":{"line":33,"column":12},"end":{"line":33,"column":71}},"14":{"start":{"line":36,"column":0},"end":{"line":36,"column":1}},"15":{"start":{"line":38,"column":15},"end":{"line":38,"column":39}},"16":{"start":{"line":38,"column":41},"end":{"line":38,"column":46}}},"fnMap":{"0":{"name":"(anonymous_0)","decl":{"start":{"line":4,"column":0},"end":{"line":null,"column":-1}},"loc":{"start":{"line":4,"column":0},"end":{"line":4,"column":-1}}},"1":{"name":"AuthAdapter","decl":{"start":{"line":9,"column":4},"end":{"line":9,"column":23}},"loc":{"start":{"line":9,"column":46},"end":{"line":14,"column":5}}},"2":{"name":"(anonymous_2)","decl":{"start":{"line":16,"column":4},"end":{"line":16,"column":29}},"loc":{"start":{"line":16,"column":52},"end":{"line":19,"column":5}}},"3":{"name":"(anonymous_3)","decl":{"start":{"line":21,"column":4},"end":{"line":21,"column":23}},"loc":{"start":{"line":21,"column":68},"end":{"line":35,"column":5}}}},"branchMap":{"0":{"loc":{"start":{"line":11,"column":12},"end":{"line":11,"column":25}},"type":"cond-expr","locations":[{"start":{"line":11,"column":12},"end":{"line":11,"column":25}},{"start":{"line":12,"column":12},"end":{"line":12,"column":17}}]},"1":{"loc":{"start":{"line":18,"column":15},"end":{"line":18,"column":35}},"type":"binary-expr","locations":[{"start":{"line":18,"column":15},"end":{"line":18,"column":35}},{"start":{"line":18,"column":40},"end":{"line":18,"column":90}}]},"2":{"loc":{"start":{"line":21,"column":48},"end":{"line":21,"column":68}},"type":"if","locations":[{"start":{"line":21,"column":48},"end":{"line":21,"column":68}},{"start":{"line":21,"column":48},"end":{"line":21,"column":68}}]},"3":{"loc":{"start":{"line":22,"column":8},"end":{"line":24,"column":9}},"type":"if","locations":[{"start":{"line":22,"column":8},"end":{"line":24,"column":9}},{"start":{"line":22,"column":8},"end":{"line":24,"column":9}}]},"4":{"loc":{"start":{"line":26,"column":8},"end":{"line":28,"column":9}},"type":"if","locations":[{"start":{"line":26,"column":8},"end":{"line":28,"column":9}},{"start":{"line":26,"column":8},"end":{"line":28,"column":9}}]},"5":{"loc":{"start":{"line":30,"column":8},"end":{"line":34,"column":9}},"type":"if","locations":[{"start":{"line":30,"column":8},"end":{"line":34,"column":9}},{"start":{"line":30,"column":8},"end":{"line":34,"column":9}}]}},"s":{"0":17,"1":2,"2":2,"3":17,"4":6,"5":17,"6":5,"7":4,"8":1,"9":4,"10":0,"11":4,"12":3,"13":1,"14":17,"15":17,"16":17},"f":{"0":17,"1":2,"2":6,"3":4},"b":{"0":[1,1],"1":[6,2],"2":[1,3],"3":[1,3],"4":[0,4],"5":[3,1]}}
,"C:\\w3_broadcast\\src\\utils\\headlineUtil\\headlineUtil.ts": {"path":"C:\\w3_broadcast\\src\\utils\\headlineUtil\\headlineUtil.ts","statementMap":{"0":{"start":{"line":5,"column":33},"end":{"line":25,"column":1}},"1":{"start":{"line":5,"column":36},"end":{"line":5,"column":45}},"2":{"start":{"line":5,"column":47},"end":{"line":5,"column":54}},"3":{"start":{"line":5,"column":56},"end":{"line":5,"column":62}},"4":{"start":{"line":6,"column":4},"end":{"line":8,"column":5}},"5":{"start":{"line":7,"column":8},"end":{"line":7,"column":39}},"6":{"start":{"line":9,"column":4},"end":{"line":20,"column":5}},"7":{"start":{"line":10,"column":24},"end":{"line":10,"column":42}},"8":{"start":{"line":11,"column":8},"end":{"line":19,"column":9}},"9":{"start":{"line":12,"column":12},"end":{"line":18,"column":13}},"10":{"start":{"line":13,"column":16},"end":{"line":13,"column":53}},"11":{"start":{"line":14,"column":19},"end":{"line":18,"column":13}},"12":{"start":{"line":15,"column":16},"end":{"line":15,"column":56}},"13":{"start":{"line":16,"column":19},"end":{"line":18,"column":13}},"14":{"start":{"line":17,"column":16},"end":{"line":17,"column":57}},"15":{"start":{"line":21,"column":4},"end":{"line":23,"column":5}},"16":{"start":{"line":22,"column":8},"end":{"line":22,"column":39}},"17":{"start":{"line":24,"column":4},"end":{"line":24,"column":35}}},"fnMap":{"0":{"name":"(anonymous_0)","decl":{"start":{"line":5,"column":33},"end":{"line":5,"column":33}},"loc":{"start":{"line":5,"column":74},"end":{"line":25,"column":1}}}},"branchMap":{"0":{"loc":{"start":{"line":6,"column":4},"end":{"line":8,"column":5}},"type":"if","locations":[{"start":{"line":6,"column":4},"end":{"line":8,"column":5}},{"start":{"line":6,"column":4},"end":{"line":8,"column":5}}]},"1":{"loc":{"start":{"line":9,"column":4},"end":{"line":20,"column":5}},"type":"if","locations":[{"start":{"line":9,"column":4},"end":{"line":20,"column":5}},{"start":{"line":9,"column":4},"end":{"line":20,"column":5}}]},"2":{"loc":{"start":{"line":11,"column":8},"end":{"line":19,"column":9}},"type":"if","locations":[{"start":{"line":11,"column":8},"end":{"line":19,"column":9}},{"start":{"line":11,"column":8},"end":{"line":19,"column":9}}]},"3":{"loc":{"start":{"line":11,"column":12},"end":{"line":11,"column":21}},"type":"binary-expr","locations":[{"start":{"line":11,"column":12},"end":{"line":11,"column":21}},{"start":{"line":11,"column":25},"end":{"line":11,"column":32}}]},"4":{"loc":{"start":{"line":12,"column":12},"end":{"line":18,"column":13}},"type":"if","locations":[{"start":{"line":12,"column":12},"end":{"line":18,"column":13}},{"start":{"line":12,"column":12},"end":{"line":18,"column":13}}]},"5":{"loc":{"start":{"line":14,"column":19},"end":{"line":18,"column":13}},"type":"if","locations":[{"start":{"line":14,"column":19},"end":{"line":18,"column":13}},{"start":{"line":14,"column":19},"end":{"line":18,"column":13}}]},"6":{"loc":{"start":{"line":16,"column":19},"end":{"line":18,"column":13}},"type":"if","locations":[{"start":{"line":16,"column":19},"end":{"line":18,"column":13}},{"start":{"line":16,"column":19},"end":{"line":18,"column":13}}]},"7":{"loc":{"start":{"line":21,"column":4},"end":{"line":23,"column":5}},"type":"if","locations":[{"start":{"line":21,"column":4},"end":{"line":23,"column":5}},{"start":{"line":21,"column":4},"end":{"line":23,"column":5}}]}},"s":{"0":17,"1":24,"2":24,"3":24,"4":24,"5":3,"6":21,"7":9,"8":9,"9":9,"10":3,"11":6,"12":3,"13":3,"14":3,"15":12,"16":3,"17":9},"f":{"0":24},"b":{"0":[3,21],"1":[9,12],"2":[9,0],"3":[9,9],"4":[3,6],"5":[3,3],"6":[3,0],"7":[3,9]}}
,"C:\\w3_broadcast\\src\\utils\\objectHelper\\objectHelper.ts": {"path":"C:\\w3_broadcast\\src\\utils\\objectHelper\\objectHelper.ts","statementMap":{"0":{"start":{"line":1,"column":41},"end":{"line":4,"column":74}},"1":{"start":{"line":2,"column":4},"end":{"line":4,"column":74}},"2":{"start":{"line":3,"column":21},"end":{"line":3,"column":60}},"3":{"start":{"line":4,"column":31},"end":{"line":4,"column":69}}},"fnMap":{"0":{"name":"(anonymous_0)","decl":{"start":{"line":1,"column":41},"end":{"line":1,"column":41}},"loc":{"start":{"line":1,"column":53},"end":{"line":4,"column":74}}},"1":{"name":"(anonymous_1)","decl":{"start":{"line":3,"column":16},"end":{"line":3,"column":15}},"loc":{"start":{"line":3,"column":17},"end":{"line":3,"column":60}}},"2":{"name":"(anonymous_2)","decl":{"start":{"line":4,"column":16},"end":{"line":4,"column":16}},"loc":{"start":{"line":4,"column":26},"end":{"line":4,"column":69}}}},"branchMap":{"0":{"loc":{"start":{"line":3,"column":21},"end":{"line":3,"column":41}},"type":"binary-expr","locations":[{"start":{"line":3,"column":21},"end":{"line":3,"column":41}},{"start":{"line":3,"column":45},"end":{"line":3,"column":60}}]}},"s":{"0":17,"1":3,"2":19,"3":17},"f":{"0":3,"1":19,"2":17},"b":{"0":[19,18]}}
,"C:\\w3_broadcast\\src\\utils\\parseDuration\\parseDuration.ts": {"path":"C:\\w3_broadcast\\src\\utils\\parseDuration\\parseDuration.ts","statementMap":{"0":{"start":{"line":2,"column":25},"end":{"line":2,"column":68}},"1":{"start":{"line":9,"column":19},"end":{"line":9,"column":21}},"2":{"start":{"line":11,"column":0},"end":{"line":12,"column":23}},"3":{"start":{"line":14,"column":0},"end":{"line":15,"column":32}},"4":{"start":{"line":17,"column":0},"end":{"line":18,"column":17}},"5":{"start":{"line":20,"column":0},"end":{"line":22,"column":34}},"6":{"start":{"line":24,"column":0},"end":{"line":26,"column":31}},"7":{"start":{"line":28,"column":0},"end":{"line":30,"column":31}},"8":{"start":{"line":32,"column":0},"end":{"line":33,"column":27}},"9":{"start":{"line":35,"column":0},"end":{"line":37,"column":30}},"10":{"start":{"line":39,"column":0},"end":{"line":39,"column":38}},"11":{"start":{"line":41,"column":0},"end":{"line":43,"column":35}},"12":{"start":{"line":52,"column":29},"end":{"line":61,"column":1}},"13":{"start":{"line":53,"column":17},"end":{"line":53,"column":18}},"14":{"start":{"line":54,"column":4},"end":{"line":59,"column":7}},"15":{"start":{"line":55,"column":25},"end":{"line":57,"column":16}},"16":{"start":{"line":58,"column":8},"end":{"line":58,"column":43}},"17":{"start":{"line":60,"column":4},"end":{"line":60,"column":18}}},"fnMap":{"0":{"name":"(anonymous_0)","decl":{"start":{"line":52,"column":29},"end":{"line":52,"column":29}},"loc":{"start":{"line":52,"column":41},"end":{"line":61,"column":1}}},"1":{"name":"(anonymous_1)","decl":{"start":{"line":54,"column":26},"end":{"line":54,"column":26}},"loc":{"start":{"line":54,"column":38},"end":{"line":59,"column":5}}}},"branchMap":{"0":{"loc":{"start":{"line":55,"column":25},"end":{"line":55,"column":37}},"type":"binary-expr","locations":[{"start":{"line":55,"column":25},"end":{"line":55,"column":37}},{"start":{"line":56,"column":15},"end":{"line":56,"column":59}},{"start":{"line":57,"column":15},"end":{"line":57,"column":16}}]}},"s":{"0":2,"1":2,"2":2,"3":2,"4":2,"5":2,"6":2,"7":2,"8":2,"9":2,"10":2,"11":2,"12":2,"13":8,"14":8,"15":12,"16":12,"17":8},"f":{"0":8,"1":12},"b":{"0":[12,0,0]}}
,"C:\\w3_broadcast\\src\\utils\\timeUtil\\TimeUtil.ts": {"path":"C:\\w3_broadcast\\src\\utils\\timeUtil\\TimeUtil.ts","statementMap":{"0":{"start":{"line":3,"column":30},"end":{"line":3,"column":65}},"1":{"start":{"line":4,"column":26},"end":{"line":4,"column":37}},"2":{"start":{"line":6,"column":45},"end":{"line":12,"column":1}},"3":{"start":{"line":7,"column":17},"end":{"line":7,"column":22}},"4":{"start":{"line":8,"column":4},"end":{"line":10,"column":5}},"5":{"start":{"line":9,"column":8},"end":{"line":9,"column":71}},"6":{"start":{"line":11,"column":4},"end":{"line":11,"column":18}},"7":{"start":{"line":14,"column":35},"end":{"line":17,"column":1}},"8":{"start":{"line":15,"column":30},"end":{"line":15,"column":47}},"9":{"start":{"line":16,"column":4},"end":{"line":16,"column":54}},"10":{"start":{"line":25,"column":26},"end":{"line":43,"column":1}},"11":{"start":{"line":26,"column":29},"end":{"line":30,"column":5}},"12":{"start":{"line":31,"column":4},"end":{"line":33,"column":5}},"13":{"start":{"line":32,"column":8},"end":{"line":32,"column":22}},"14":{"start":{"line":34,"column":27},"end":{"line":34,"column":59}},"15":{"start":{"line":35,"column":4},"end":{"line":37,"column":5}},"16":{"start":{"line":36,"column":8},"end":{"line":36,"column":41}},"17":{"start":{"line":38,"column":4},"end":{"line":40,"column":5}},"18":{"start":{"line":39,"column":8},"end":{"line":39,"column":54}},"19":{"start":{"line":41,"column":4},"end":{"line":41,"column":40}},"20":{"start":{"line":42,"column":4},"end":{"line":42,"column":18}},"21":{"start":{"line":45,"column":36},"end":{"line":54,"column":1}},"22":{"start":{"line":46,"column":16},"end":{"line":46,"column":31}},"23":{"start":{"line":47,"column":27},"end":{"line":47,"column":63}},"24":{"start":{"line":48,"column":25},"end":{"line":48,"column":27}},"25":{"start":{"line":49,"column":31},"end":{"line":49,"column":74}},"26":{"start":{"line":50,"column":4},"end":{"line":50,"column":58}},"27":{"start":{"line":51,"column":4},"end":{"line":51,"column":56}},"28":{"start":{"line":52,"column":4},"end":{"line":52,"column":57}},"29":{"start":{"line":53,"column":4},"end":{"line":53,"column":25}}},"fnMap":{"0":{"name":"(anonymous_0)","decl":{"start":{"line":6,"column":45},"end":{"line":6,"column":45}},"loc":{"start":{"line":6,"column":63},"end":{"line":12,"column":1}}},"1":{"name":"(anonymous_1)","decl":{"start":{"line":14,"column":35},"end":{"line":null,"column":-1}},"loc":{"start":{"line":14,"column":35},"end":{"line":17,"column":1}}},"2":{"name":"(anonymous_2)","decl":{"start":{"line":25,"column":26},"end":{"line":25,"column":26}},"loc":{"start":{"line":25,"column":50},"end":{"line":43,"column":1}}},"3":{"name":"(anonymous_3)","decl":{"start":{"line":45,"column":36},"end":{"line":45,"column":36}},"loc":{"start":{"line":45,"column":71},"end":{"line":54,"column":1}}}},"branchMap":{"0":{"loc":{"start":{"line":8,"column":4},"end":{"line":10,"column":5}},"type":"if","locations":[{"start":{"line":8,"column":4},"end":{"line":10,"column":5}},{"start":{"line":8,"column":4},"end":{"line":10,"column":5}}]},"1":{"loc":{"start":{"line":9,"column":45},"end":{"line":9,"column":48}},"type":"cond-expr","locations":[{"start":{"line":9,"column":45},"end":{"line":9,"column":48}},{"start":{"line":9,"column":51},"end":{"line":9,"column":53}}]},"2":{"loc":{"start":{"line":31,"column":4},"end":{"line":33,"column":5}},"type":"if","locations":[{"start":{"line":31,"column":4},"end":{"line":33,"column":5}},{"start":{"line":31,"column":4},"end":{"line":33,"column":5}}]},"3":{"loc":{"start":{"line":35,"column":4},"end":{"line":37,"column":5}},"type":"if","locations":[{"start":{"line":35,"column":4},"end":{"line":37,"column":5}},{"start":{"line":35,"column":4},"end":{"line":37,"column":5}}]},"4":{"loc":{"start":{"line":38,"column":4},"end":{"line":40,"column":5}},"type":"if","locations":[{"start":{"line":38,"column":4},"end":{"line":40,"column":5}},{"start":{"line":38,"column":4},"end":{"line":40,"column":5}}]},"5":{"loc":{"start":{"line":50,"column":34},"end":{"line":50,"column":52}},"type":"cond-expr","locations":[{"start":{"line":50,"column":34},"end":{"line":50,"column":52}},{"start":{"line":50,"column":55},"end":{"line":50,"column":57}}]},"6":{"loc":{"start":{"line":51,"column":33},"end":{"line":51,"column":50}},"type":"cond-expr","locations":[{"start":{"line":51,"column":33},"end":{"line":51,"column":50}},{"start":{"line":51,"column":53},"end":{"line":51,"column":55}}]},"7":{"loc":{"start":{"line":52,"column":34},"end":{"line":52,"column":51}},"type":"cond-expr","locations":[{"start":{"line":52,"column":34},"end":{"line":52,"column":51}},{"start":{"line":52,"column":54},"end":{"line":52,"column":56}}]}},"s":{"0":6,"1":6,"2":6,"3":47,"4":47,"5":46,"6":47,"7":6,"8":48,"9":48,"10":6,"11":51,"12":51,"13":6,"14":45,"15":45,"16":44,"17":45,"18":38,"19":45,"20":45,"21":6,"22":51,"23":51,"24":51,"25":51,"26":51,"27":51,"28":51,"29":51},"f":{"0":47,"1":48,"2":51,"3":51},"b":{"0":[46,1],"1":[8,38],"2":[6,45],"3":[44,1],"4":[38,7],"5":[38,13],"6":[41,10],"7":[37,14]}}
}
