TN:
SF:C:\w3_broadcast\src\App.vue
FN:40,(anonymous_9)
FN:28,App
FN:49,(anonymous_11)
FN:54,(anonymous_12)
FN:63,(anonymous_13)
FNF:5
FNH:4
FNDA:1,(anonymous_9)
FNDA:2,App
FNDA:1,(anonymous_11)
FNDA:1,(anonymous_12)
FNDA:0,(anonymous_13)
DA:14,1
DA:15,1
DA:16,1
DA:17,1
DA:18,1
DA:19,1
DA:21,1
DA:22,1
DA:24,1
DA:25,1
DA:26,1
DA:28,2
DA:40,1
DA:41,2
DA:44,1
DA:45,1
DA:46,1
DA:47,1
DA:49,1
DA:50,1
DA:51,1
DA:54,1
DA:55,1
DA:56,1
DA:57,1
DA:58,1
DA:59,0
DA:63,1
DA:64,0
DA:66,1
LF:30
LH:28
BRDA:28,0,0,2
BRDA:28,0,1,2
BRDA:28,0,2,2
BRDA:58,1,0,0
BRDA:58,1,1,1
BRDA:44,2,0,1
BRDA:44,2,1,0
BRDA:44,2,2,1
BRDA:44,3,0,1
BRDA:44,3,1,0
BRDA:46,4,0,1
BRDA:46,4,1,0
BRDA:46,4,2,1
BRDA:46,5,0,1
BRDA:46,5,1,0
BRF:15
BRH:10
end_of_record
TN:
SF:C:\w3_broadcast\src\classComponentHooks.ts
FNF:0
FNH:0
DA:5,0
LF:1
LH:0
BRF:0
BRH:0
end_of_record
TN:
SF:C:\w3_broadcast\src\routes.ts
FNF:0
FNH:0
DA:3,0
DA:4,0
DA:5,0
DA:6,0
DA:7,0
DA:8,0
DA:9,0
DA:10,0
DA:11,0
DA:12,0
DA:13,0
DA:14,0
DA:15,0
DA:16,0
DA:17,0
LF:15
LH:0
BRF:0
BRH:0
end_of_record
TN:
SF:C:\w3_broadcast\src\components\common\appFooter\AppFooter.vue
FN:29,(anonymous_8)
FN:28,AppFooter
FNF:2
FNH:2
FNDA:2,(anonymous_8)
FNDA:6,AppFooter
DA:24,2
DA:25,2
DA:27,2
DA:28,6
DA:29,4
DA:30,6
DA:31,6
DA:32,2
LF:8
LH:8
BRDA:28,0,0,6
BRDA:28,0,1,6
BRDA:28,0,2,6
BRF:3
BRH:3
end_of_record
TN:
SF:C:\w3_broadcast\src\components\common\banner\Banner.vue
FN:32,(anonymous_9)
FN:24,Banner
FN:39,(anonymous_11)
FN:43,(anonymous_12)
FN:46,(anonymous_13)
FNF:5
FNH:3
FNDA:2,(anonymous_9)
FNDA:6,Banner
FNDA:0,(anonymous_11)
FNDA:3,(anonymous_12)
FNDA:0,(anonymous_13)
DA:16,2
DA:17,2
DA:18,2
DA:19,2
DA:21,2
DA:22,2
DA:24,6
DA:32,2
DA:33,2
DA:34,6
DA:35,6
DA:36,6
DA:39,2
DA:40,0
DA:43,3
DA:44,3
DA:45,3
DA:46,3
DA:47,0
DA:51,2
LF:20
LH:18
BRDA:24,0,0,6
BRDA:24,0,1,6
BRDA:24,0,2,6
BRDA:44,1,0,3
BRDA:44,1,1,0
BRF:5
BRH:4
end_of_record
TN:
SF:C:\w3_broadcast\src\components\common\captureInsideMixin\CaptureInsideMixin.ts
FN:19,(anonymous_6)
FN:18,CaptureInsideMixin
FN:39,(anonymous_8)
FN:47,(anonymous_9)
FN:55,(anonymous_10)
FN:75,(anonymous_11)
FN:94,(anonymous_12)
FN:96,(anonymous_13)
FN:109,(anonymous_14)
FN:118,(anonymous_15)
FNF:10
FNH:9
FNDA:5,(anonymous_6)
FNDA:39,CaptureInsideMixin
FNDA:12,(anonymous_8)
FNDA:0,(anonymous_9)
FNDA:3,(anonymous_10)
FNDA:3,(anonymous_11)
FNDA:17,(anonymous_12)
FNDA:34,(anonymous_13)
FNDA:7,(anonymous_14)
FNDA:7,(anonymous_15)
DA:18,39
DA:19,5
DA:20,39
DA:22,39
DA:26,39
DA:39,5
DA:40,12
DA:47,5
DA:55,5
DA:56,3
DA:57,0
DA:59,3
DA:60,3
DA:67,3
DA:68,3
DA:75,5
DA:76,3
DA:77,0
DA:79,3
DA:80,3
DA:82,3
DA:84,3
DA:94,5
DA:95,17
DA:96,17
DA:97,34
DA:98,11
DA:101,17
DA:109,5
DA:110,7
DA:118,5
DA:119,7
DA:120,7
DA:121,7
DA:123,1
DA:124,1
DA:128,2
DA:129,2
DA:133,2
DA:134,2
DA:137,2
DA:138,1
DA:140,1
DA:142,2
DA:145,0
DA:149,5
LF:46
LH:43
BRDA:18,0,0,39
BRDA:18,0,1,39
BRDA:18,0,2,39
BRDA:56,1,0,0
BRDA:56,1,1,3
BRDA:67,2,0,3
BRDA:67,2,1,1
BRDA:76,3,0,0
BRDA:76,3,1,3
BRDA:82,4,0,3
BRDA:82,4,1,2
BRDA:97,5,0,11
BRDA:97,5,1,23
BRDA:110,6,0,7
BRDA:110,6,1,6
BRDA:110,6,2,5
BRDA:110,6,3,4
BRDA:119,7,0,7
BRDA:119,7,1,0
BRDA:120,8,0,7
BRDA:120,8,1,0
BRDA:122,9,0,1
BRDA:122,9,1,1
BRDA:122,9,2,2
BRDA:122,9,3,1
BRDA:122,9,4,2
BRDA:122,9,5,2
BRDA:122,9,6,0
BRDA:137,10,0,1
BRDA:137,10,1,1
BRF:30
BRH:25
end_of_record
TN:
SF:C:\w3_broadcast\src\components\common\captureInsideMixin\__tests__\TestingComponent.vue
FN:25,(anonymous_8)
FN:18,TestingComponent
FN:28,(anonymous_10)
FNF:3
FNH:2
FNDA:1,(anonymous_8)
FNDA:32,TestingComponent
FNDA:0,(anonymous_10)
DA:13,1
DA:14,1
DA:16,1
DA:18,32
DA:25,1
DA:26,32
DA:27,32
DA:28,1
DA:29,1
LF:9
LH:9
BRDA:18,0,0,32
BRDA:18,0,1,32
BRDA:18,0,2,32
BRF:3
BRH:3
end_of_record
TN:
SF:C:\w3_broadcast\src\components\common\dropdown\DropdownComp.vue
FN:67,(anonymous_9)
FN:43,DropdownComp
FN:95,(anonymous_15)
FN:98,(anonymous_16)
FN:101,(anonymous_17)
FN:106,(anonymous_18)
FN:112,(anonymous_19)
FNF:7
FNH:5
FNDA:1,(anonymous_9)
FNDA:12,DropdownComp
FNDA:2,(anonymous_15)
FNDA:7,(anonymous_16)
FNDA:0,(anonymous_17)
FNDA:1,(anonymous_18)
FNDA:0,(anonymous_19)
DA:34,1
DA:35,1
DA:36,1
DA:37,1
DA:41,1
DA:43,12
DA:67,1
DA:68,12
DA:69,12
DA:73,12
DA:74,12
DA:76,1
DA:77,13
DA:79,1
DA:80,6
DA:86,1
DA:87,9
DA:91,0
DA:92,0
DA:93,0
DA:95,1
DA:96,2
DA:98,1
DA:99,7
DA:101,1
DA:102,0
DA:103,0
DA:104,0
DA:106,1
DA:107,1
DA:108,1
DA:109,1
DA:112,1
DA:113,0
DA:114,0
DA:115,0
DA:117,1
LF:37
LH:28
BRDA:43,0,0,12
BRDA:43,0,1,12
BRDA:43,0,2,12
BRDA:77,1,0,13
BRDA:77,1,1,11
BRF:5
BRH:5
end_of_record
TN:
SF:C:\w3_broadcast\src\components\common\dropdown\components\optionsList\OptionsList.vue
FN:73,(anonymous_9)
FN:53,OptionsList
FN:88,(anonymous_13)
FN:93,(anonymous_14)
FNF:4
FNH:4
FNDA:2,(anonymous_9)
FNDA:6,OptionsList
FNDA:1,(anonymous_13)
FNDA:1,(anonymous_14)
DA:46,2
DA:47,2
DA:51,2
DA:53,6
DA:73,2
DA:74,6
DA:79,6
DA:81,2
DA:82,3
DA:84,2
DA:85,3
DA:88,2
DA:89,1
DA:90,1
DA:93,2
DA:94,1
DA:100,1
DA:101,1
DA:103,2
LF:19
LH:19
BRDA:53,0,0,6
BRDA:53,0,1,6
BRDA:53,0,2,6
BRDA:82,1,0,3
BRDA:82,1,1,3
BRDA:89,2,0,1
BRDA:89,2,1,0
BRF:7
BRH:6
end_of_record
TN:
SF:C:\w3_broadcast\src\components\common\headlineTable\HeadlineTable.vue
FN:60,(anonymous_8)
FN:54,HeadlineTable
FN:67,(anonymous_10)
FN:69,(anonymous_11)
FN:79,(anonymous_12)
FN:83,(anonymous_13)
FN:87,(anonymous_14)
FN:94,(anonymous_15)
FN:98,(anonymous_16)
FNF:9
FNH:9
FNDA:3,(anonymous_8)
FNDA:10,HeadlineTable
FNDA:8,(anonymous_10)
FNDA:2,(anonymous_11)
FNDA:2,(anonymous_12)
FNDA:4,(anonymous_13)
FNDA:2,(anonymous_14)
FNDA:2,(anonymous_15)
FNDA:2,(anonymous_16)
DA:40,3
DA:41,3
DA:42,3
DA:43,3
DA:45,3
DA:46,3
DA:50,3
DA:51,3
DA:53,3
DA:54,10
DA:60,3
DA:61,10
DA:63,10
DA:64,10
DA:65,10
DA:67,8
DA:68,8
DA:69,1
DA:70,2
DA:71,2
DA:73,0
DA:76,7
DA:79,3
DA:80,2
DA:83,3
DA:84,4
DA:87,3
DA:88,2
DA:89,2
DA:91,0
DA:94,3
DA:95,2
DA:98,3
DA:99,2
DA:100,2
DA:102,0
DA:108,3
LF:37
LH:34
BRDA:54,0,0,10
BRDA:54,0,1,10
BRDA:54,0,2,10
BRDA:68,1,0,1
BRDA:68,1,1,7
BRDA:70,2,0,2
BRDA:70,2,1,0
BRDA:76,3,0,7
BRDA:76,3,1,3
BRDA:80,4,0,1
BRDA:80,4,1,1
BRDA:88,5,0,2
BRDA:88,5,1,0
BRDA:88,6,0,2
BRDA:88,6,1,2
BRDA:99,7,0,2
BRDA:99,7,1,0
BRF:17
BRH:14
end_of_record
TN:
SF:C:\w3_broadcast\src\components\common\loading\Loading.vue
FN:51,(anonymous_8)
FN:29,Loading
FNF:2
FNH:2
FNDA:3,(anonymous_8)
FNDA:32,Loading
DA:23,3
DA:24,3
DA:27,3
DA:29,32
DA:51,3
DA:52,32
DA:53,32
DA:58,3
DA:59,25
DA:61,3
LF:10
LH:10
BRDA:29,0,0,32
BRDA:29,0,1,32
BRDA:29,0,2,32
BRDA:59,1,0,25
BRDA:59,1,1,1
BRF:5
BRH:5
end_of_record
TN:
SF:C:\w3_broadcast\src\components\common\masthead\Masthead.vue
FN:60,(anonymous_8)
FN:47,Masthead
FN:65,(anonymous_10)
FN:69,(anonymous_11)
FNF:4
FNH:4
FNDA:2,(anonymous_8)
FNDA:12,Masthead
FNDA:4,(anonymous_10)
FNDA:1,(anonymous_11)
DA:39,2
DA:40,2
DA:41,2
DA:42,2
DA:43,2
DA:45,2
DA:47,12
DA:60,2
DA:61,12
DA:62,12
DA:63,12
DA:65,2
DA:66,4
DA:69,2
DA:70,1
DA:72,2
LF:16
LH:16
BRDA:47,0,0,12
BRDA:47,0,1,12
BRDA:47,0,2,12
BRF:3
BRH:3
end_of_record
TN:
SF:C:\w3_broadcast\src\components\common\masthead\components\hamburgerMenu\HamburgerMenu.vue
FN:41,(anonymous_8)
FN:29,HamburgerMenu
FN:46,(anonymous_10)
FN:50,(anonymous_11)
FN:33,_default
FNF:5
FNH:2
FNDA:3,(anonymous_8)
FNDA:2,HamburgerMenu
FNDA:0,(anonymous_10)
FNDA:0,(anonymous_11)
FNDA:0,_default
DA:22,3
DA:23,3
DA:24,3
DA:25,3
DA:27,3
DA:29,2
DA:41,3
DA:42,2
DA:43,2
DA:46,3
DA:47,0
DA:50,3
DA:51,0
DA:53,3
LF:14
LH:12
BRDA:29,0,0,2
BRDA:29,0,1,2
BRDA:29,0,2,2
BRF:3
BRH:3
end_of_record
TN:
SF:C:\w3_broadcast\src\components\common\masthead\components\navigationButtons\NavigationButtons.vue
FN:34,(anonymous_8)
FN:26,NavigationButtons
FN:59,(anonymous_11)
FN:30,_default
FNF:4
FNH:2
FNDA:4,(anonymous_8)
FNDA:6,NavigationButtons
FNDA:0,(anonymous_11)
FNDA:0,_default
DA:16,4
DA:17,4
DA:19,4
DA:26,6
DA:34,4
DA:35,6
DA:36,6
DA:39,4
DA:40,4
DA:59,4
DA:60,0
DA:62,4
LF:12
LH:11
BRDA:26,0,0,6
BRDA:26,0,1,6
BRDA:26,0,2,6
BRF:3
BRH:3
end_of_record
TN:
SF:C:\w3_broadcast\src\components\common\masthead\components\navigationLinks\NavigationLinks.vue
FN:34,(anonymous_8)
FN:26,NavigationLinks
FN:30,_default
FNF:3
FNH:2
FNDA:4,(anonymous_8)
FNDA:4,NavigationLinks
FNDA:0,_default
DA:17,4
DA:18,4
DA:25,4
DA:26,4
DA:34,4
DA:35,4
DA:36,4
DA:39,4
DA:40,2
DA:51,4
LF:10
LH:10
BRDA:26,0,0,4
BRDA:26,0,1,4
BRDA:26,0,2,4
BRF:3
BRH:3
end_of_record
TN:
SF:C:\w3_broadcast\src\components\common\tabs\Tabs.vue
FN:41,(anonymous_8)
FN:33,Tabs
FN:46,(anonymous_10)
FN:57,(anonymous_11)
FN:58,(anonymous_12)
FN:63,(anonymous_13)
FN:69,(anonymous_14)
FN:73,(anonymous_15)
FN:77,(anonymous_16)
FN:87,(anonymous_17)
FNF:10
FNH:9
FNDA:3,(anonymous_8)
FNDA:56,Tabs
FNDA:0,(anonymous_10)
FNDA:5,(anonymous_11)
FNDA:13,(anonymous_12)
FNDA:2,(anonymous_13)
FNDA:9,(anonymous_14)
FNDA:9,(anonymous_15)
FNDA:10,(anonymous_16)
FNDA:612,(anonymous_17)
DA:24,3
DA:25,3
DA:28,3
DA:29,3
DA:30,3
DA:31,3
DA:33,56
DA:41,3
DA:42,56
DA:43,56
DA:46,3
DA:47,0
DA:48,0
DA:49,0
DA:50,0
DA:51,0
DA:52,0
DA:57,3
DA:58,18
DA:59,5
DA:60,5
DA:63,3
DA:64,2
DA:65,1
DA:69,3
DA:70,9
DA:73,3
DA:74,9
DA:77,3
DA:78,10
DA:79,10
DA:80,4
DA:81,6
DA:82,4
DA:84,10
DA:87,612
DA:88,612
DA:90,3
LF:38
LH:32
BRDA:33,0,0,56
BRDA:33,0,1,56
BRDA:33,0,2,56
BRDA:48,1,0,0
BRDA:48,1,1,0
BRDA:51,2,0,0
BRDA:51,2,1,0
BRDA:64,3,0,1
BRDA:64,3,1,1
BRDA:74,4,0,4
BRDA:74,4,1,5
BRDA:79,5,0,4
BRDA:79,5,1,6
BRDA:81,6,0,4
BRDA:81,6,1,2
BRDA:87,7,0,0
BRDA:87,7,1,612
BRF:17
BRH:12
end_of_record
TN:
SF:C:\w3_broadcast\src\components\pages\headline\CreateHeadline.vue
FN:26,(anonymous_9)
FN:20,CreateHeadline
FN:36,(anonymous_12)
FNF:3
FNH:3
FNDA:1,(anonymous_9)
FNDA:2,CreateHeadline
FNDA:1,(anonymous_12)
DA:9,1
DA:10,1
DA:11,1
DA:12,1
DA:13,1
DA:14,1
DA:15,1
DA:17,1
DA:18,1
DA:20,2
DA:26,1
DA:27,1
DA:28,1
DA:29,1
DA:30,2
DA:32,1
DA:33,1
DA:36,1
DA:37,1
DA:39,1
LF:20
LH:20
BRDA:20,0,0,2
BRDA:20,0,1,2
BRDA:20,0,2,2
BRDA:27,1,0,1
BRDA:27,1,1,0
BRDA:27,1,2,1
BRDA:27,2,0,1
BRDA:27,2,1,0
BRDA:29,3,0,1
BRDA:29,3,1,1
BRDA:29,3,2,0
BRDA:29,4,0,1
BRDA:29,4,1,1
BRF:13
BRH:10
end_of_record
TN:
SF:C:\w3_broadcast\src\components\pages\headline\HeadlineDetails.vue
FN:38,(anonymous_9)
FN:25,HeadlineDetails
FN:59,(anonymous_14)
FNF:3
FNH:3
FNDA:1,(anonymous_9)
FNDA:2,HeadlineDetails
FNDA:1,(anonymous_14)
DA:11,1
DA:12,1
DA:14,1
DA:15,1
DA:16,1
DA:17,1
DA:18,1
DA:19,1
DA:20,1
DA:22,1
DA:23,1
DA:25,2
DA:38,1
DA:39,1
DA:40,1
DA:41,1
DA:42,2
DA:45,1
DA:46,1
DA:51,1
DA:52,1
DA:55,1
DA:56,1
DA:59,1
DA:60,1
DA:62,1
LF:26
LH:26
BRDA:25,0,0,2
BRDA:25,0,1,2
BRDA:25,0,2,2
BRDA:46,1,0,1
BRDA:46,1,1,1
BRDA:46,1,2,1
BRDA:56,2,0,0
BRDA:56,2,1,1
BRDA:39,3,0,1
BRDA:39,3,1,0
BRDA:39,3,2,1
BRDA:39,4,0,1
BRDA:39,4,1,0
BRDA:40,5,0,1
BRDA:40,5,1,0
BRDA:40,5,2,1
BRDA:40,6,0,1
BRDA:40,6,1,0
BRF:18
BRH:13
end_of_record
TN:
SF:C:\w3_broadcast\src\components\pages\headline\HeadlinePage.vue
FN:53,(anonymous_9)
FN:36,HeadlinePage
FNF:2
FNH:2
FNDA:1,(anonymous_9)
FNDA:18,HeadlinePage
DA:22,1
DA:23,1
DA:24,1
DA:26,1
DA:27,1
DA:28,1
DA:29,1
DA:33,1
DA:34,1
DA:36,18
DA:53,1
DA:54,1
DA:55,1
DA:56,1
DA:57,18
DA:60,18
DA:62,1
DA:63,9
DA:66,1
DA:67,0
DA:71,0
DA:74,1
DA:75,9
DA:78,1
DA:79,9
DA:80,9
DA:83,1
DA:84,9
DA:114,1
LF:29
LH:27
BRDA:36,0,0,18
BRDA:36,0,1,18
BRDA:36,0,2,18
BRDA:67,1,0,0
BRDA:67,1,1,0
BRDA:75,2,0,3
BRDA:75,2,1,6
BRDA:79,3,0,3
BRDA:79,3,1,6
BRF:9
BRH:7
end_of_record
TN:
SF:C:\w3_broadcast\src\components\pages\headline\components\audienceTab\AudienceTab.vue
FN:14,(anonymous_8)
FN:13,AudienceTab
FNF:2
FNH:0
FNDA:0,(anonymous_8)
FNDA:0,AudienceTab
DA:8,0
DA:9,0
DA:11,0
DA:13,0
DA:14,0
DA:15,0
DA:17,0
DA:18,0
LF:8
LH:0
BRDA:13,0,0,0
BRDA:13,0,1,0
BRDA:13,0,2,0
BRF:3
BRH:0
end_of_record
TN:
SF:C:\w3_broadcast\src\components\pages\headline\components\channelTab\ChannelTab.vue
FN:69,(anonymous_10)
FN:62,ChannelTab
FN:107,(anonymous_16)
FN:116,(anonymous_17)
FN:122,(anonymous_18)
FNF:5
FNH:0
FNDA:0,(anonymous_10)
FNDA:0,ChannelTab
FNDA:0,(anonymous_16)
FNDA:0,(anonymous_17)
FNDA:0,(anonymous_18)
DA:44,0
DA:45,0
DA:46,0
DA:47,0
DA:48,0
DA:50,0
DA:57,0
DA:59,0
DA:60,0
DA:62,0
DA:69,0
DA:70,0
DA:71,0
DA:72,0
DA:73,0
DA:74,0
DA:75,0
DA:76,0
DA:77,0
DA:79,0
DA:80,0
DA:82,0
DA:83,0
DA:92,0
DA:93,0
DA:104,0
DA:105,0
DA:107,0
DA:109,0
DA:110,0
DA:111,0
DA:112,0
DA:114,0
DA:116,0
DA:117,0
DA:118,0
DA:119,0
DA:122,0
DA:123,0
DA:125,0
LF:40
LH:0
BRDA:62,0,0,0
BRDA:62,0,1,0
BRDA:62,0,2,0
BRDA:109,1,0,0
BRDA:109,1,1,0
BRDA:111,2,0,0
BRDA:111,2,1,0
BRDA:117,3,0,0
BRDA:117,3,1,0
BRDA:77,4,0,0
BRDA:77,4,1,0
BRDA:77,4,2,0
BRDA:77,5,0,0
BRDA:77,5,1,0
BRF:14
BRH:0
end_of_record
TN:
SF:C:\w3_broadcast\src\components\pages\headline\components\channelTab\__tests__\ChannelTab.specs.ts
FN:8,(anonymous_2)
FN:9,(anonymous_3)
FN:10,(anonymous_4)
FN:15,(anonymous_5)
FN:22,(anonymous_6)
FN:37,(anonymous_7)
FN:44,(anonymous_8)
FN:48,(anonymous_9)
FN:51,(anonymous_10)
FN:60,(anonymous_11)
FN:71,(anonymous_12)
FN:79,(anonymous_13)
FN:92,(anonymous_14)
FN:106,(anonymous_15)
FNF:14
FNH:0
FNDA:0,(anonymous_2)
FNDA:0,(anonymous_3)
FNDA:0,(anonymous_4)
FNDA:0,(anonymous_5)
FNDA:0,(anonymous_6)
FNDA:0,(anonymous_7)
FNDA:0,(anonymous_8)
FNDA:0,(anonymous_9)
FNDA:0,(anonymous_10)
FNDA:0,(anonymous_11)
FNDA:0,(anonymous_12)
FNDA:0,(anonymous_13)
FNDA:0,(anonymous_14)
FNDA:0,(anonymous_15)
DA:1,0
DA:2,0
DA:3,0
DA:4,0
DA:5,0
DA:6,0
DA:8,0
DA:9,0
DA:10,0
DA:11,0
DA:14,0
DA:15,0
DA:16,0
DA:17,0
DA:22,0
DA:23,0
DA:26,0
DA:27,0
DA:28,0
DA:30,0
DA:31,0
DA:32,0
DA:33,0
DA:34,0
DA:35,0
DA:37,0
DA:38,0
DA:41,0
DA:42,0
DA:44,0
DA:45,0
DA:48,0
DA:49,0
DA:51,0
DA:52,0
DA:55,0
DA:56,0
DA:57,0
DA:60,0
DA:61,0
DA:64,0
DA:67,0
DA:68,0
DA:69,0
DA:71,0
DA:72,0
DA:75,0
DA:76,0
DA:77,0
DA:79,0
DA:80,0
DA:83,0
DA:86,0
DA:87,0
DA:88,0
DA:89,0
DA:90,0
DA:92,0
DA:93,0
DA:96,0
DA:99,0
DA:100,0
DA:101,0
DA:102,0
DA:103,0
DA:104,0
DA:106,0
DA:107,0
DA:110,0
DA:113,0
DA:114,0
DA:115,0
DA:116,0
DA:117,0
LF:74
LH:0
BRDA:16,0,0,0
BRDA:16,0,1,0
BRF:2
BRH:0
end_of_record
TN:
SF:C:\w3_broadcast\src\components\pages\headline\components\detailsTab\DetailsTab.vue
FN:47,(anonymous_9)
FN:36,DetailsTab
FNF:2
FNH:2
FNDA:1,(anonymous_9)
FNDA:4,DetailsTab
DA:25,1
DA:26,1
DA:27,1
DA:28,1
DA:29,1
DA:31,1
DA:33,1
DA:34,1
DA:36,4
DA:47,1
DA:48,1
DA:49,4
DA:51,4
DA:52,4
DA:53,1
LF:15
LH:15
BRDA:36,0,0,4
BRDA:36,0,1,4
BRDA:36,0,2,4
BRF:3
BRH:3
end_of_record
TN:
SF:C:\w3_broadcast\src\components\pages\headline\components\detailsTab\components\detailsForm\DetailsForm.vue
FN:91,(anonymous_9)
FN:72,DetailsForm
FNF:2
FNH:2
FNDA:2,(anonymous_9)
FNDA:20,DetailsForm
DA:53,2
DA:54,2
DA:55,2
DA:56,2
DA:57,2
DA:58,2
DA:62,2
DA:69,2
DA:70,2
DA:72,20
DA:91,2
DA:92,2
DA:93,2
DA:94,2
DA:95,20
DA:99,20
DA:100,20
DA:101,20
DA:103,2
DA:104,12
DA:107,2
DA:108,12
DA:112,1
DA:119,2
DA:120,12
DA:124,1
DA:131,2
DA:132,12
DA:136,1
DA:142,2
LF:30
LH:30
BRDA:72,0,0,20
BRDA:72,0,1,20
BRDA:72,0,2,20
BRDA:108,1,0,12
BRDA:108,1,1,0
BRDA:120,2,0,12
BRDA:120,2,1,0
BRDA:132,3,0,12
BRDA:132,3,1,0
BRDA:92,4,0,2
BRDA:92,4,1,0
BRDA:92,4,2,2
BRDA:92,5,0,2
BRDA:92,5,1,0
BRDA:93,6,0,2
BRDA:93,6,1,0
BRDA:93,6,2,2
BRDA:93,7,0,2
BRDA:93,7,1,0
BRDA:94,8,0,2
BRDA:94,8,1,0
BRDA:94,8,2,2
BRDA:94,9,0,2
BRDA:94,9,1,0
BRF:24
BRH:15
end_of_record
TN:
SF:C:\w3_broadcast\src\components\pages\headline\components\detailsTab\components\detailsForm\components\contentTypeFields\ContentTypeFields.vue
FN:82,(anonymous_9)
FN:62,ContentTypeFields
FNF:2
FNH:2
FNDA:3,(anonymous_9)
FNDA:24,ContentTypeFields
DA:48,3
DA:49,3
DA:50,3
DA:51,3
DA:52,3
DA:53,3
DA:59,3
DA:60,3
DA:62,24
DA:82,3
DA:83,3
DA:84,3
DA:85,24
DA:86,24
DA:91,24
DA:93,3
DA:94,15
DA:97,3
DA:98,15
DA:101,3
DA:102,15
DA:106,1
DA:114,3
DA:115,15
DA:119,1
DA:127,3
DA:128,15
DA:132,1
DA:139,3
LF:29
LH:29
BRDA:62,0,0,24
BRDA:62,0,1,24
BRDA:62,0,2,24
BRDA:102,1,0,15
BRDA:102,1,1,0
BRDA:115,2,0,15
BRDA:115,2,1,6
BRDA:128,3,0,15
BRDA:128,3,1,7
BRDA:83,4,0,3
BRDA:83,4,1,0
BRDA:83,4,2,3
BRDA:83,5,0,3
BRDA:83,5,1,0
BRDA:84,6,0,3
BRDA:84,6,1,0
BRDA:84,6,2,3
BRDA:84,7,0,3
BRDA:84,7,1,0
BRF:19
BRH:14
end_of_record
TN:
SF:C:\w3_broadcast\src\components\pages\headline\components\feedbackTab\FeedbackTab.vue
FN:15,(anonymous_8)
FN:13,FeedbackTab
FNF:2
FNH:0
FNDA:0,(anonymous_8)
FNDA:0,FeedbackTab
DA:8,0
DA:9,0
DA:11,0
DA:13,0
DA:15,0
DA:16,0
DA:17,0
DA:19,0
LF:8
LH:0
BRDA:13,0,0,0
BRDA:13,0,1,0
BRDA:13,0,2,0
BRF:3
BRH:0
end_of_record
TN:
SF:C:\w3_broadcast\src\components\pages\headline\components\headlineActions\HeadlineActions.vue
FN:64,(anonymous_9)
FN:51,HeadlineActions
FN:90,(anonymous_14)
FN:94,(anonymous_15)
FNF:4
FNH:4
FNDA:2,(anonymous_9)
FNDA:21,HeadlineActions
FNDA:18,(anonymous_14)
FNDA:5,(anonymous_15)
DA:39,2
DA:40,2
DA:42,2
DA:43,2
DA:44,2
DA:46,2
DA:48,2
DA:49,2
DA:51,21
DA:64,2
DA:65,2
DA:66,2
DA:67,2
DA:68,2
DA:69,2
DA:70,2
DA:71,2
DA:72,21
DA:73,21
DA:76,21
DA:79,2
DA:80,6
DA:84,29
DA:86,2
DA:87,22
DA:90,2
DA:91,18
DA:94,2
DA:95,5
DA:99,2
DA:100,2
DA:103,2
DA:104,2
DA:105,2
DA:107,1
DA:108,1
DA:109,1
DA:111,0
DA:113,5
DA:116,2
DA:117,18
DA:121,0
DA:123,2
LF:43
LH:41
BRDA:51,0,0,21
BRDA:51,0,1,21
BRDA:51,0,2,21
BRDA:84,1,0,29
BRDA:84,1,1,23
BRDA:96,2,0,2
BRDA:96,2,1,2
BRDA:96,2,2,2
BRDA:96,2,3,2
BRDA:96,2,4,2
BRDA:96,2,5,1
BRDA:96,2,6,0
BRDA:117,3,0,18
BRDA:117,3,1,15
BRDA:69,4,0,2
BRDA:69,4,1,2
BRDA:69,4,2,0
BRDA:69,5,0,2
BRDA:69,5,1,2
BRF:19
BRH:17
end_of_record
TN:
SF:C:\w3_broadcast\src\components\pages\headline\components\headlineId\HeadlineId.vue
FN:47,(anonymous_8)
FN:39,HeadlineId
FN:55,(anonymous_10)
FN:59,(anonymous_11)
FN:63,(anonymous_12)
FN:67,(anonymous_13)
FN:68,(anonymous_14)
FN:74,(anonymous_15)
FNF:8
FNH:5
FNDA:2,(anonymous_8)
FNDA:22,HeadlineId
FNDA:4,(anonymous_10)
FNDA:2,(anonymous_11)
FNDA:2,(anonymous_12)
FNDA:0,(anonymous_13)
FNDA:0,(anonymous_14)
FNDA:0,(anonymous_15)
DA:33,2
DA:34,2
DA:37,2
DA:39,22
DA:47,2
DA:48,22
DA:50,22
DA:51,22
DA:52,22
DA:55,2
DA:56,4
DA:59,2
DA:60,2
DA:63,2
DA:64,2
DA:67,2
DA:68,0
DA:70,0
DA:71,0
DA:72,0
DA:76,0
DA:80,2
DA:81,17
DA:82,17
DA:84,2
LF:25
LH:20
BRDA:39,0,0,22
BRDA:39,0,1,22
BRDA:39,0,2,22
BRDA:71,1,0,0
BRDA:71,1,1,0
BRDA:81,2,0,3
BRDA:81,2,1,14
BRF:7
BRH:5
end_of_record
TN:
SF:C:\w3_broadcast\src\components\pages\headline\components\imageTab\ImageTab.vue
FN:14,(anonymous_8)
FN:13,ImageTab
FNF:2
FNH:0
FNDA:0,(anonymous_8)
FNDA:0,ImageTab
DA:8,0
DA:9,0
DA:11,0
DA:13,0
DA:14,0
DA:15,0
DA:16,0
DA:18,0
LF:8
LH:0
BRDA:13,0,0,0
BRDA:13,0,1,0
BRDA:13,0,2,0
BRF:3
BRH:0
end_of_record
TN:
SF:C:\w3_broadcast\src\components\pages\headline\components\notesTab\NotesTab.vue
FN:14,(anonymous_8)
FN:13,NotesTab
FNF:2
FNH:0
FNDA:0,(anonymous_8)
FNDA:0,NotesTab
DA:8,0
DA:9,0
DA:11,0
DA:13,0
DA:14,0
DA:15,0
DA:16,0
DA:18,0
LF:8
LH:0
BRDA:13,0,0,0
BRDA:13,0,1,0
BRDA:13,0,2,0
BRF:3
BRH:0
end_of_record
TN:
SF:C:\w3_broadcast\src\components\pages\headline\components\overviewTab\OverviewTab.vue
FN:38,(anonymous_8)
FN:23,OverviewTab
FNF:2
FNH:2
FNDA:1,(anonymous_8)
FNDA:4,OverviewTab
DA:13,1
DA:14,1
DA:15,1
DA:16,1
DA:17,1
DA:18,1
DA:21,1
DA:23,4
DA:38,1
DA:39,4
DA:40,4
DA:42,1
LF:12
LH:12
BRDA:23,0,0,4
BRDA:23,0,1,4
BRDA:23,0,2,4
BRF:3
BRH:3
end_of_record
TN:
SF:C:\w3_broadcast\src\components\pages\headline\components\overviewTab\components\owners\Owners.vue
FN:33,(anonymous_9)
FN:26,Owners
FNF:2
FNH:2
FNDA:2,(anonymous_9)
FNDA:8,Owners
DA:18,2
DA:19,2
DA:20,2
DA:21,2
DA:23,2
DA:24,2
DA:26,8
DA:33,2
DA:34,2
DA:35,8
DA:37,8
DA:39,2
DA:40,5
DA:44,1
DA:46,2
LF:15
LH:15
BRDA:26,0,0,8
BRDA:26,0,1,8
BRDA:26,0,2,8
BRDA:40,1,0,5
BRDA:40,1,1,1
BRF:5
BRH:5
end_of_record
TN:
SF:C:\w3_broadcast\src\components\pages\headline\components\overviewTab\components\priority\Priority.vue
FN:51,(anonymous_9)
FN:40,Priority
FN:80,(anonymous_16)
FNF:3
FNH:3
FNDA:2,(anonymous_9)
FNDA:10,Priority
FNDA:60,(anonymous_16)
DA:30,2
DA:31,2
DA:32,2
DA:33,2
DA:34,2
DA:36,2
DA:37,2
DA:38,2
DA:40,10
DA:51,2
DA:52,2
DA:53,2
DA:55,10
DA:56,10
DA:58,10
DA:59,10
DA:61,2
DA:62,6
DA:66,1
DA:69,2
DA:70,6
DA:74,1
DA:75,1
DA:79,2
DA:80,6
DA:81,60
DA:83,2
LF:27
LH:27
BRDA:40,0,0,10
BRDA:40,0,1,10
BRDA:40,0,2,10
BRDA:62,1,0,6
BRDA:62,1,1,0
BRDA:74,2,0,1
BRDA:74,2,1,0
BRF:7
BRH:5
end_of_record
TN:
SF:C:\w3_broadcast\src\components\pages\headline\components\overviewTab\components\publish\Publish.vue
FN:85,(anonymous_9)
FN:74,Publish
FN:129,(anonymous_16)
FNF:3
FNH:3
FNDA:2,(anonymous_9)
FNDA:66,Publish
FNDA:2,(anonymous_16)
DA:55,2
DA:56,2
DA:57,2
DA:58,2
DA:59,2
DA:60,2
DA:61,2
DA:62,2
DA:63,2
DA:71,2
DA:72,2
DA:74,66
DA:85,2
DA:86,2
DA:87,2
DA:88,2
DA:89,2
DA:91,66
DA:92,66
DA:93,66
DA:94,66
DA:96,2
DA:97,42
DA:98,40
DA:99,40
DA:101,2
DA:104,2
DA:105,42
DA:106,40
DA:108,2
DA:112,2
DA:113,2
DA:114,2
DA:118,2
DA:119,43
DA:123,2
DA:124,1
DA:125,1
DA:129,2
DA:130,2
DA:131,2
DA:132,0
DA:136,2
DA:137,42
DA:138,39
DA:140,3
DA:144,16
DA:145,8
DA:146,8
DA:147,7
DA:151,2
LF:51
LH:50
BRDA:74,0,0,66
BRDA:74,0,1,66
BRDA:74,0,2,66
BRDA:97,1,0,40
BRDA:97,1,1,2
BRDA:105,2,0,40
BRDA:105,2,1,2
BRDA:112,3,0,2
BRDA:112,3,1,0
BRDA:123,4,0,1
BRDA:123,4,1,1
BRDA:131,5,0,0
BRDA:131,5,1,2
BRDA:131,6,0,2
BRDA:131,6,1,0
BRDA:137,7,0,39
BRDA:137,7,1,3
BRDA:137,8,0,42
BRDA:137,8,1,39
BRDA:144,9,0,8
BRDA:144,9,1,8
BRDA:146,10,0,7
BRDA:146,10,1,1
BRF:23
BRH:20
end_of_record
TN:
SF:C:\w3_broadcast\src\components\pages\headlinesLanding\HeadlinesLandingPage.vue
FN:36,(anonymous_9)
FN:31,HeadlinesLandingPage
FN:66,(anonymous_12)
FNF:3
FNH:3
FNDA:1,(anonymous_9)
FNDA:6,HeadlinesLandingPage
FNDA:3,(anonymous_12)
DA:19,1
DA:20,1
DA:21,1
DA:22,1
DA:23,1
DA:24,1
DA:26,1
DA:28,1
DA:29,1
DA:31,6
DA:36,1
DA:37,1
DA:38,1
DA:39,6
DA:40,6
DA:42,1
DA:43,3
DA:66,1
DA:67,3
DA:72,1
LF:20
LH:20
BRDA:31,0,0,6
BRDA:31,0,1,6
BRDA:31,0,2,6
BRDA:37,1,0,1
BRDA:37,1,1,0
BRDA:37,1,2,1
BRDA:37,2,0,1
BRDA:37,2,1,0
BRDA:38,3,0,1
BRDA:38,3,1,0
BRDA:38,3,2,1
BRDA:38,4,0,1
BRDA:38,4,1,0
BRF:13
BRH:9
end_of_record
TN:
SF:C:\w3_broadcast\src\components\pages\headlinesLanding\components\allHeadlinesTab\AllHeadlinesTab.vue
FN:21,(anonymous_8)
FN:15,AllHeadlinesTab
FNF:2
FNH:2
FNDA:1,(anonymous_8)
FNDA:2,AllHeadlinesTab
DA:8,1
DA:9,1
DA:10,1
DA:13,1
DA:15,2
DA:21,1
DA:22,2
DA:24,1
LF:8
LH:8
BRDA:15,0,0,2
BRDA:15,0,1,2
BRDA:15,0,2,2
BRF:3
BRH:3
end_of_record
TN:
SF:C:\w3_broadcast\src\components\pages\headlinesLanding\components\awaitingActionTab\AwaitingActionTab.vue
FN:14,(anonymous_8)
FN:13,AwaitingActionTab
FNF:2
FNH:0
FNDA:0,(anonymous_8)
FNDA:0,AwaitingActionTab
DA:8,0
DA:9,0
DA:11,0
DA:13,0
DA:14,0
DA:15,0
DA:16,0
DA:18,0
LF:8
LH:0
BRDA:13,0,0,0
BRDA:13,0,1,0
BRDA:13,0,2,0
BRF:3
BRH:0
end_of_record
TN:
SF:C:\w3_broadcast\src\components\pages\headlinesLanding\components\inMyChannelsTab\InMyChannelsTab.vue
FN:14,(anonymous_8)
FN:13,InMyChannelsTab
FNF:2
FNH:0
FNDA:0,(anonymous_8)
FNDA:0,InMyChannelsTab
DA:8,0
DA:9,0
DA:11,0
DA:13,0
DA:14,0
DA:15,0
DA:16,0
DA:18,0
LF:8
LH:0
BRDA:13,0,0,0
BRDA:13,0,1,0
BRDA:13,0,2,0
BRF:3
BRH:0
end_of_record
TN:
SF:C:\w3_broadcast\src\components\pages\headlinesLanding\components\myHeadlinesTab\MyHeadlinesTab.vue
FN:21,(anonymous_8)
FN:15,MyHeadlinesTab
FNF:2
FNH:2
FNDA:1,(anonymous_8)
FNDA:2,MyHeadlinesTab
DA:8,1
DA:9,1
DA:10,1
DA:13,1
DA:15,2
DA:21,1
DA:22,2
DA:24,1
LF:8
LH:8
BRDA:15,0,0,2
BRDA:15,0,1,2
BRDA:15,0,2,2
BRF:3
BRH:3
end_of_record
TN:
SF:C:\w3_broadcast\src\components\pages\headlinesLanding\components\trashTab\TrashTab.vue
FN:14,(anonymous_8)
FN:13,TrashTab
FNF:2
FNH:0
FNDA:0,(anonymous_8)
FNDA:0,TrashTab
DA:8,0
DA:9,0
DA:11,0
DA:13,0
DA:14,0
DA:15,0
DA:16,0
DA:18,0
LF:8
LH:0
BRDA:13,0,0,0
BRDA:13,0,1,0
BRDA:13,0,2,0
BRF:3
BRH:0
end_of_record
TN:
SF:C:\w3_broadcast\src\components\pages\helloWorld\HelloWorld.vue
FN:49,(anonymous_8)
FN:48,HelloWorld
FNF:2
FNH:2
FNDA:1,(anonymous_8)
FNDA:2,HelloWorld
DA:43,1
DA:44,1
DA:46,1
DA:48,2
DA:49,2
DA:50,2
DA:51,2
DA:52,2
DA:53,1
LF:9
LH:9
BRDA:48,0,0,2
BRDA:48,0,1,2
BRDA:48,0,2,2
BRF:3
BRH:3
end_of_record
TN:
SF:C:\w3_broadcast\src\components\pages\randomPage\RandomPage.vue
FN:16,(anonymous_8)
FN:15,RandomPage
FNF:2
FNH:0
FNDA:0,(anonymous_8)
FNDA:0,RandomPage
DA:10,0
DA:11,0
DA:13,0
DA:15,0
DA:16,0
DA:17,0
DA:18,0
DA:19,0
LF:8
LH:0
BRDA:15,0,0,0
BRDA:15,0,1,0
BRDA:15,0,2,0
BRF:3
BRH:0
end_of_record
TN:
SF:C:\w3_broadcast\src\locale\i18n.ts
FNF:0
FNH:0
DA:5,26
DA:7,26
DA:9,26
LF:3
LH:3
BRF:0
BRH:0
end_of_record
TN:
SF:C:\w3_broadcast\src\stores\constants.ts
FNF:0
FNH:0
DA:1,12
DA:2,12
DA:3,12
DA:4,12
DA:5,12
DA:6,12
LF:6
LH:6
BRF:0
BRH:0
end_of_record
TN:
SF:C:\w3_broadcast\src\stores\index.ts
FNF:0
FNH:0
DA:2,0
DA:4,0
DA:5,0
DA:6,0
DA:7,0
DA:8,0
DA:10,0
DA:12,0
LF:8
LH:0
BRF:0
BRH:0
end_of_record
TN:
SF:C:\w3_broadcast\src\stores\channelsList\actions.ts
FN:6,(anonymous_0)
FN:7,(anonymous_1)
FN:13,(anonymous_2)
FN:15,(anonymous_3)
FNF:4
FNH:0
FNDA:0,(anonymous_0)
FNDA:0,(anonymous_1)
FNDA:0,(anonymous_2)
FNDA:0,(anonymous_3)
DA:5,1
DA:6,0
DA:7,0
DA:8,0
DA:9,0
DA:13,0
DA:14,0
DA:15,0
DA:16,0
LF:9
LH:1
BRDA:8,0,0,0
BRDA:8,0,1,0
BRF:2
BRH:0
end_of_record
TN:
SF:C:\w3_broadcast\src\stores\channelsList\getters.ts
FN:53,(anonymous_0)
FN:56,(anonymous_1)
FN:59,(anonymous_2)
FN:60,(anonymous_3)
FN:65,(anonymous_4)
FN:67,(anonymous_5)
FN:68,(anonymous_6)
FN:70,(anonymous_7)
FN:73,(anonymous_8)
FN:75,(anonymous_9)
FNF:10
FNH:6
FNDA:3,(anonymous_0)
FNDA:1,(anonymous_1)
FNDA:1,(anonymous_2)
FNDA:1,(anonymous_3)
FNDA:0,(anonymous_4)
FNDA:0,(anonymous_5)
FNDA:0,(anonymous_6)
FNDA:0,(anonymous_7)
FNDA:3,(anonymous_8)
FNDA:5,(anonymous_9)
DA:5,1
DA:52,1
DA:54,3
DA:57,1
DA:60,1
DA:61,1
DA:62,1
DA:64,1
DA:65,0
DA:66,0
DA:67,0
DA:68,0
DA:69,0
DA:70,0
DA:72,1
DA:73,3
DA:74,1
DA:75,5
DA:77,1
LF:19
LH:13
BRDA:64,0,0,0
BRDA:64,0,1,1
BRDA:72,1,0,1
BRDA:72,1,1,0
BRDA:72,2,0,1
BRDA:72,2,1,1
BRDA:73,3,0,1
BRDA:73,3,1,0
BRDA:74,4,0,1
BRDA:74,4,1,0
BRF:10
BRH:6
end_of_record
TN:
SF:C:\w3_broadcast\src\stores\channelsList\index.ts
FNF:0
FNH:0
DA:8,1
DA:16,1
DA:18,1
LF:3
LH:3
BRF:0
BRH:0
end_of_record
TN:
SF:C:\w3_broadcast\src\stores\channelsList\mutations.ts
FN:5,(anonymous_1)
FN:8,(anonymous_2)
FN:11,(anonymous_3)
FNF:3
FNH:2
FNDA:1,(anonymous_1)
FNDA:1,(anonymous_2)
FNDA:0,(anonymous_3)
DA:4,1
DA:6,1
DA:9,1
DA:12,0
LF:4
LH:3
BRF:0
BRH:0
end_of_record
TN:
SF:C:\w3_broadcast\src\stores\config\actions.ts
FN:6,(anonymous_0)
FNF:1
FNH:1
FNDA:1,(anonymous_0)
DA:5,4
DA:6,1
DA:7,1
LF:3
LH:3
BRF:0
BRH:0
end_of_record
TN:
SF:C:\w3_broadcast\src\stores\config\getters.ts
FN:7,(anonymous_0)
FN:8,(anonymous_1)
FN:10,(anonymous_2)
FN:11,(anonymous_3)
FN:13,(anonymous_4)
FN:14,(anonymous_5)
FNF:6
FNH:4
FNDA:2,(anonymous_0)
FNDA:2,(anonymous_1)
FNDA:0,(anonymous_2)
FNDA:0,(anonymous_3)
FNDA:2,(anonymous_4)
FNDA:2,(anonymous_5)
DA:6,4
DA:8,2
DA:11,0
DA:14,2
DA:15,2
DA:16,2
DA:17,1
DA:19,1
LF:8
LH:7
BRDA:16,0,0,1
BRDA:16,0,1,1
BRF:2
BRH:2
end_of_record
TN:
SF:C:\w3_broadcast\src\stores\config\index.ts
FNF:0
FNH:0
DA:8,4
DA:12,4
DA:14,4
LF:3
LH:3
BRF:0
BRH:0
end_of_record
TN:
SF:C:\w3_broadcast\src\stores\config\mutations.ts
FN:5,(anonymous_0)
FNF:1
FNH:1
FNDA:2,(anonymous_0)
DA:4,4
DA:6,2
LF:2
LH:2
BRF:0
BRH:0
end_of_record
TN:
SF:C:\w3_broadcast\src\stores\headline\actions.ts
FN:13,(anonymous_0)
FN:16,(anonymous_1)
FN:19,(anonymous_2)
FN:22,(anonymous_3)
FN:25,(anonymous_4)
FN:28,(anonymous_5)
FN:31,(anonymous_6)
FN:34,(anonymous_7)
FN:37,(anonymous_8)
FN:50,(anonymous_9)
FN:59,(anonymous_10)
FN:70,(anonymous_11)
FN:83,(anonymous_12)
FN:91,(anonymous_13)
FN:98,(anonymous_14)
FN:115,(anonymous_15)
FN:125,(anonymous_16)
FN:135,(anonymous_17)
FN:137,(anonymous_18)
FN:142,(anonymous_19)
FN:157,(anonymous_20)
FN:160,(anonymous_21)
FN:165,(anonymous_22)
FN:180,(anonymous_23)
FN:183,(anonymous_24)
FN:188,(anonymous_25)
FN:208,(anonymous_26)
FN:211,(anonymous_27)
FNF:28
FNH:15
FNDA:0,(anonymous_0)
FNDA:2,(anonymous_1)
FNDA:0,(anonymous_2)
FNDA:1,(anonymous_3)
FNDA:1,(anonymous_4)
FNDA:0,(anonymous_5)
FNDA:1,(anonymous_6)
FNDA:2,(anonymous_7)
FNDA:2,(anonymous_8)
FNDA:8,(anonymous_9)
FNDA:2,(anonymous_10)
FNDA:2,(anonymous_11)
FNDA:2,(anonymous_12)
FNDA:2,(anonymous_13)
FNDA:1,(anonymous_14)
FNDA:2,(anonymous_15)
FNDA:0,(anonymous_16)
FNDA:0,(anonymous_17)
FNDA:0,(anonymous_18)
FNDA:1,(anonymous_19)
FNDA:0,(anonymous_20)
FNDA:0,(anonymous_21)
FNDA:0,(anonymous_22)
FNDA:0,(anonymous_23)
FNDA:0,(anonymous_24)
FNDA:1,(anonymous_25)
FNDA:0,(anonymous_26)
FNDA:0,(anonymous_27)
DA:12,16
DA:13,0
DA:14,0
DA:16,2
DA:17,2
DA:19,0
DA:20,0
DA:22,1
DA:23,1
DA:25,1
DA:26,1
DA:28,0
DA:29,0
DA:31,1
DA:32,1
DA:34,2
DA:35,2
DA:37,2
DA:38,2
DA:39,2
DA:40,2
DA:41,2
DA:42,2
DA:47,2
DA:50,8
DA:51,8
DA:52,8
DA:56,8
DA:59,2
DA:60,2
DA:61,2
DA:62,1
DA:63,1
DA:70,2
DA:71,2
DA:72,2
DA:73,1
DA:74,1
DA:80,1
DA:83,2
DA:84,2
DA:85,2
DA:86,2
DA:87,2
DA:88,2
DA:91,2
DA:92,2
DA:93,2
DA:94,2
DA:95,2
DA:98,1
DA:99,1
DA:100,1
DA:101,1
DA:112,1
DA:115,2
DA:116,2
DA:117,2
DA:118,1
DA:119,1
DA:126,0
DA:127,0
DA:129,0
DA:130,0
DA:131,0
DA:132,0
DA:133,0
DA:134,0
DA:135,0
DA:136,0
DA:138,0
DA:142,1
DA:143,1
DA:144,1
DA:145,1
DA:146,1
DA:147,1
DA:148,1
DA:149,1
DA:150,1
DA:156,1
DA:157,0
DA:158,0
DA:159,0
DA:161,0
DA:165,0
DA:166,0
DA:167,0
DA:168,0
DA:169,0
DA:170,0
DA:171,0
DA:172,0
DA:173,0
DA:179,0
DA:180,0
DA:181,0
DA:182,0
DA:184,0
DA:188,1
DA:189,1
DA:190,1
DA:191,1
DA:193,1
DA:198,1
DA:199,1
DA:200,1
DA:201,1
DA:207,1
DA:208,0
DA:209,0
DA:210,0
DA:212,0
LF:113
LH:74
BRDA:39,0,0,2
BRDA:39,0,1,0
BRDA:39,1,0,2
BRDA:39,1,1,2
BRDA:51,2,0,8
BRDA:51,2,1,0
BRDA:61,3,0,1
BRDA:61,3,1,1
BRDA:72,4,0,1
BRDA:72,4,1,1
BRDA:85,5,0,2
BRDA:85,5,1,0
BRDA:93,6,0,2
BRDA:93,6,1,0
BRDA:99,7,0,1
BRDA:99,7,1,0
BRDA:100,8,0,1
BRDA:100,8,1,0
BRDA:117,9,0,1
BRDA:117,9,1,1
BRDA:134,10,0,0
BRDA:134,10,1,0
BRDA:149,11,0,0
BRDA:149,11,1,1
BRDA:156,12,0,0
BRDA:156,12,1,1
BRDA:179,13,0,0
BRDA:179,13,1,0
BRDA:207,14,0,0
BRDA:207,14,1,1
BRF:30
BRH:17
end_of_record
TN:
SF:C:\w3_broadcast\src\stores\headline\constants.ts
FN:3,(anonymous_0)
FNF:1
FNH:1
FNDA:17,(anonymous_0)
DA:3,17
DA:4,17
DA:5,17
DA:6,17
DA:7,17
DA:8,17
DA:11,17
DA:17,17
DA:19,17
DA:21,17
DA:23,17
DA:34,17
DA:43,17
DA:54,17
LF:14
LH:14
BRDA:3,0,0,17
BRDA:3,0,1,17
BRF:2
BRH:2
end_of_record
TN:
SF:C:\w3_broadcast\src\stores\headline\getters.ts
FN:9,(anonymous_0)
FN:10,(anonymous_1)
FN:17,(anonymous_2)
FN:18,(anonymous_3)
FN:27,(anonymous_4)
FN:30,(anonymous_5)
FN:56,(anonymous_6)
FN:57,(anonymous_7)
FNF:8
FNH:8
FNDA:36,(anonymous_0)
FNDA:46,(anonymous_1)
FNDA:3,(anonymous_2)
FNDA:3,(anonymous_3)
FNDA:17,(anonymous_4)
FNDA:17,(anonymous_5)
FNDA:15,(anonymous_6)
FNDA:19,(anonymous_7)
DA:8,16
DA:10,36
DA:11,46
DA:12,44
DA:14,2
DA:18,3
DA:19,3
DA:20,3
DA:21,2
DA:24,1
DA:27,17
DA:28,17
DA:31,17
DA:32,17
DA:34,4
DA:35,4
DA:36,4
DA:37,4
DA:39,17
DA:40,9
DA:41,9
DA:42,9
DA:44,17
DA:45,2
DA:47,17
DA:48,2
DA:49,2
DA:50,2
DA:52,17
DA:53,17
DA:57,19
DA:58,15
DA:59,15
DA:61,0
LF:34
LH:33
BRDA:11,0,0,44
BRDA:11,0,1,2
BRDA:19,1,0,3
BRDA:19,1,1,0
BRDA:20,2,0,2
BRDA:20,2,1,1
BRDA:32,3,0,4
BRDA:32,3,1,13
BRDA:32,4,0,17
BRDA:32,4,1,15
BRDA:39,5,0,9
BRDA:39,5,1,8
BRDA:44,6,0,2
BRDA:44,6,1,15
BRDA:47,7,0,2
BRDA:47,7,1,15
BRDA:58,8,0,15
BRDA:58,8,1,0
BRDA:58,9,0,15
BRDA:58,9,1,15
BRF:20
BRH:18
end_of_record
TN:
SF:C:\w3_broadcast\src\stores\headline\index.ts
FNF:0
FNH:0
DA:9,1
DA:15,1
DA:17,1
LF:3
LH:3
BRF:0
BRH:0
end_of_record
TN:
SF:C:\w3_broadcast\src\stores\headline\mutations.ts
FN:6,(anonymous_0)
FN:9,(anonymous_1)
FN:12,(anonymous_2)
FN:15,(anonymous_3)
FN:18,(anonymous_4)
FN:21,(anonymous_5)
FN:24,(anonymous_6)
FN:30,(anonymous_7)
FN:36,(anonymous_8)
FN:40,(anonymous_9)
FN:46,(anonymous_10)
FN:49,(anonymous_11)
FN:53,(anonymous_12)
FN:57,(anonymous_13)
FN:62,(anonymous_14)
FN:65,(anonymous_15)
FN:68,(anonymous_16)
FN:71,(anonymous_17)
FN:74,(anonymous_18)
FNF:19
FNH:11
FNDA:1,(anonymous_0)
FNDA:1,(anonymous_1)
FNDA:1,(anonymous_2)
FNDA:4,(anonymous_3)
FNDA:8,(anonymous_4)
FNDA:0,(anonymous_5)
FNDA:0,(anonymous_6)
FNDA:0,(anonymous_7)
FNDA:0,(anonymous_8)
FNDA:0,(anonymous_9)
FNDA:0,(anonymous_10)
FNDA:0,(anonymous_11)
FNDA:0,(anonymous_12)
FNDA:1,(anonymous_13)
FNDA:1,(anonymous_14)
FNDA:2,(anonymous_15)
FNDA:1,(anonymous_16)
FNDA:2,(anonymous_17)
FNDA:1,(anonymous_18)
DA:5,16
DA:7,1
DA:10,1
DA:13,1
DA:16,4
DA:19,8
DA:22,0
DA:24,0
DA:25,0
DA:26,0
DA:27,0
DA:30,0
DA:31,0
DA:32,0
DA:33,0
DA:37,0
DA:38,0
DA:40,0
DA:41,0
DA:42,0
DA:43,0
DA:47,0
DA:50,0
DA:51,0
DA:54,0
DA:55,0
DA:58,1
DA:59,1
DA:60,1
DA:63,1
DA:66,2
DA:69,1
DA:72,2
DA:75,1
DA:76,1
LF:35
LH:15
BRDA:25,0,0,0
BRDA:25,0,1,0
BRDA:31,1,0,0
BRDA:31,1,1,0
BRDA:41,2,0,0
BRDA:41,2,1,0
BRF:6
BRH:0
end_of_record
TN:
SF:C:\w3_broadcast\src\stores\headlineList\actions.ts
FN:7,(anonymous_0)
FN:15,(anonymous_1)
FN:17,(anonymous_2)
FNF:3
FNH:0
FNDA:0,(anonymous_0)
FNDA:0,(anonymous_1)
FNDA:0,(anonymous_2)
DA:6,17
DA:8,0
DA:9,0
DA:11,0
DA:12,0
DA:13,0
DA:14,0
DA:15,0
DA:16,0
DA:19,0
LF:10
LH:1
BRDA:14,0,0,0
BRDA:14,0,1,0
BRF:2
BRH:0
end_of_record
TN:
SF:C:\w3_broadcast\src\stores\headlineList\index.ts
FNF:0
FNH:0
DA:7,1
DA:9,1
DA:13,1
LF:3
LH:3
BRF:0
BRH:0
end_of_record
TN:
SF:C:\w3_broadcast\src\stores\headlineList\mutations.ts
FN:5,(anonymous_0)
FNF:1
FNH:1
FNDA:1,(anonymous_0)
DA:4,17
DA:6,1
LF:2
LH:2
BRF:0
BRH:0
end_of_record
TN:
SF:C:\w3_broadcast\src\stores\user\actions.ts
FN:7,(anonymous_0)
FNF:1
FNH:1
FNDA:1,(anonymous_0)
DA:6,4
DA:7,1
DA:8,1
DA:10,1
LF:4
LH:4
BRDA:9,0,0,1
BRDA:9,0,1,0
BRDA:8,1,0,1
BRDA:8,1,1,1
BRF:4
BRH:3
end_of_record
TN:
SF:C:\w3_broadcast\src\stores\user\constants.ts
FNF:0
FNH:0
DA:3,4
LF:1
LH:1
BRF:0
BRH:0
end_of_record
TN:
SF:C:\w3_broadcast\src\stores\user\getters.ts
FN:7,(anonymous_0)
FN:8,(anonymous_1)
FNF:2
FNH:2
FNDA:2,(anonymous_0)
FNDA:2,(anonymous_1)
DA:6,4
DA:8,2
DA:9,2
DA:10,2
DA:11,2
DA:12,2
DA:14,0
LF:7
LH:6
BRDA:10,0,0,2
BRDA:10,0,1,0
BRDA:12,1,0,2
BRDA:12,1,1,2
BRF:4
BRH:3
end_of_record
TN:
SF:C:\w3_broadcast\src\stores\user\index.ts
FNF:0
FNH:0
DA:9,1
DA:13,1
DA:15,1
LF:3
LH:3
BRF:0
BRH:0
end_of_record
TN:
SF:C:\w3_broadcast\src\stores\user\mutations.ts
FN:5,(anonymous_0)
FNF:1
FNH:1
FNDA:2,(anonymous_0)
DA:4,4
DA:5,2
DA:6,2
LF:3
LH:3
BRF:0
BRH:0
end_of_record
TN:
SF:C:\w3_broadcast\src\utils\pickDeep.ts
FN:9,(anonymous_0)
FN:10,(anonymous_1)
FNF:2
FNH:2
FNDA:12,(anonymous_0)
FNDA:38,(anonymous_1)
DA:9,18
DA:10,38
LF:2
LH:2
BRDA:10,0,0,12
BRDA:10,0,1,5
BRDA:10,1,0,38
BRDA:10,1,1,36
BRF:4
BRH:4
end_of_record
TN:
SF:C:\w3_broadcast\src\utils\Encryption\Encryption.ts
FN:7,(anonymous_0)
FN:10,EncryptionConstructor
FN:17,(anonymous_2)
FN:19,(anonymous_3)
FN:20,(anonymous_4)
FN:33,(anonymous_5)
FN:43,(anonymous_6)
FN:55,(anonymous_7)
FN:70,(anonymous_8)
FNF:9
FNH:9
FNDA:19,(anonymous_0)
FNDA:19,EncryptionConstructor
FNDA:19,(anonymous_2)
FNDA:304,(anonymous_3)
FNDA:304,(anonymous_4)
FNDA:5,(anonymous_5)
FNDA:2,(anonymous_6)
FNDA:2,(anonymous_7)
FNDA:22,(anonymous_8)
DA:7,19
DA:12,19
DA:17,19
DA:18,19
DA:19,304
DA:21,304
DA:22,304
DA:23,494
DA:25,304
DA:27,19
DA:33,19
DA:34,5
DA:35,5
DA:36,2
DA:38,3
DA:43,19
DA:44,2
DA:47,2
DA:48,2
DA:49,2
DA:55,19
DA:56,2
DA:59,2
DA:60,2
DA:61,2
DA:63,19
DA:69,19
DA:70,19
DA:71,22
DA:75,19
DA:77,19
DA:79,22
LF:32
LH:32
BRDA:35,0,0,2
BRDA:35,0,1,3
BRDA:71,1,0,19
BRDA:71,1,1,3
BRF:4
BRH:4
end_of_record
TN:
SF:C:\w3_broadcast\src\utils\Encryption\encryptedCookieWrapper.ts
FN:20,(anonymous_0)
FN:41,(anonymous_1)
FNF:2
FNH:2
FNDA:2,(anonymous_0)
FNDA:2,(anonymous_1)
DA:9,18
DA:15,18
DA:21,2
DA:22,2
DA:23,1
DA:26,1
DA:29,0
DA:32,2
DA:41,4
DA:42,2
LF:10
LH:9
BRDA:22,0,0,1
BRDA:22,0,1,1
BRDA:22,1,0,2
BRDA:22,1,1,2
BRDA:23,2,0,1
BRDA:23,2,1,0
BRDA:41,3,0,2
BRDA:41,3,1,0
BRDA:43,4,0,1
BRDA:43,4,1,1
BRF:10
BRH:8
end_of_record
TN:
SF:C:\w3_broadcast\src\utils\authAdapter\AuthAdapter.ts
FN:4,(anonymous_0)
FN:9,AuthAdapter
FN:16,(anonymous_2)
FN:21,(anonymous_3)
FNF:4
FNH:4
FNDA:17,(anonymous_0)
FNDA:2,AuthAdapter
FNDA:6,(anonymous_2)
FNDA:4,(anonymous_3)
DA:4,17
DA:10,2
DA:13,2
DA:16,17
DA:18,6
DA:21,17
DA:22,4
DA:23,1
DA:26,4
DA:27,0
DA:30,4
DA:31,3
DA:33,1
DA:36,17
DA:38,17
LF:15
LH:14
BRDA:11,0,0,1
BRDA:11,0,1,1
BRDA:18,1,0,6
BRDA:18,1,1,2
BRDA:21,2,0,1
BRDA:21,2,1,3
BRDA:22,3,0,1
BRDA:22,3,1,3
BRDA:26,4,0,0
BRDA:26,4,1,4
BRDA:30,5,0,3
BRDA:30,5,1,1
BRF:12
BRH:11
end_of_record
TN:
SF:C:\w3_broadcast\src\utils\headlineUtil\headlineUtil.ts
FN:5,(anonymous_0)
FNF:1
FNH:1
FNDA:24,(anonymous_0)
DA:5,24
DA:6,24
DA:7,3
DA:9,21
DA:10,9
DA:11,9
DA:12,9
DA:13,3
DA:14,6
DA:15,3
DA:16,3
DA:17,3
DA:21,12
DA:22,3
DA:24,9
LF:15
LH:15
BRDA:6,0,0,3
BRDA:6,0,1,21
BRDA:9,1,0,9
BRDA:9,1,1,12
BRDA:11,2,0,9
BRDA:11,2,1,0
BRDA:11,3,0,9
BRDA:11,3,1,9
BRDA:12,4,0,3
BRDA:12,4,1,6
BRDA:14,5,0,3
BRDA:14,5,1,3
BRDA:16,6,0,3
BRDA:16,6,1,0
BRDA:21,7,0,3
BRDA:21,7,1,9
BRF:16
BRH:14
end_of_record
TN:
SF:C:\w3_broadcast\src\utils\objectHelper\objectHelper.ts
FN:1,(anonymous_0)
FN:3,(anonymous_1)
FN:4,(anonymous_2)
FNF:3
FNH:3
FNDA:3,(anonymous_0)
FNDA:19,(anonymous_1)
FNDA:17,(anonymous_2)
DA:1,17
DA:2,3
DA:3,19
DA:4,17
LF:4
LH:4
BRDA:3,0,0,19
BRDA:3,0,1,18
BRF:2
BRH:2
end_of_record
TN:
SF:C:\w3_broadcast\src\utils\parseDuration\parseDuration.ts
FN:52,(anonymous_0)
FN:54,(anonymous_1)
FNF:2
FNH:2
FNDA:8,(anonymous_0)
FNDA:12,(anonymous_1)
DA:2,2
DA:9,2
DA:11,2
DA:14,2
DA:17,2
DA:20,2
DA:24,2
DA:28,2
DA:32,2
DA:35,2
DA:39,2
DA:41,2
DA:52,2
DA:53,8
DA:54,8
DA:55,12
DA:58,12
DA:60,8
LF:18
LH:18
BRDA:55,0,0,12
BRDA:55,0,1,0
BRDA:55,0,2,0
BRF:3
BRH:1
end_of_record
TN:
SF:C:\w3_broadcast\src\utils\timeUtil\TimeUtil.ts
FN:6,(anonymous_0)
FN:14,(anonymous_1)
FN:25,(anonymous_2)
FN:45,(anonymous_3)
FNF:4
FNH:4
FNDA:47,(anonymous_0)
FNDA:48,(anonymous_1)
FNDA:51,(anonymous_2)
FNDA:51,(anonymous_3)
DA:3,6
DA:4,6
DA:6,6
DA:7,47
DA:8,47
DA:9,46
DA:11,47
DA:14,6
DA:15,48
DA:16,48
DA:25,6
DA:26,51
DA:31,51
DA:32,6
DA:34,45
DA:35,45
DA:36,44
DA:38,45
DA:39,38
DA:41,45
DA:42,45
DA:45,6
DA:46,51
DA:47,51
DA:48,51
DA:49,51
DA:50,51
DA:51,51
DA:52,51
DA:53,51
LF:30
LH:30
BRDA:8,0,0,46
BRDA:8,0,1,1
BRDA:9,1,0,8
BRDA:9,1,1,38
BRDA:31,2,0,6
BRDA:31,2,1,45
BRDA:35,3,0,44
BRDA:35,3,1,1
BRDA:38,4,0,38
BRDA:38,4,1,7
BRDA:50,5,0,38
BRDA:50,5,1,13
BRDA:51,6,0,41
BRDA:51,6,1,10
BRDA:52,7,0,37
BRDA:52,7,1,14
BRF:16
BRH:16
end_of_record
